dyn_auto_multi : running with 16 processors
RUN ARGS: 
Namespace(attr=None, consumer_timeout=None, data=None, file='xcorr_input.jsn', iter=1, module='realtime_prep_dict.py', num=16, provenance=None, queue_threshold=10, target='dyn_auto_multi')
==========
2023-08-05 20:57:09 dispel4py.new.logger[82856] ERROR Exception = an integer is required (got type NoneType)
2023-08-05 20:57:09 dispel4py.new.logger[82881] ERROR Exception = an integer is required (got type NoneType)
2023-08-05 20:57:09 dispel4py.new.logger[82884] ERROR Exception = an integer is required (got type NoneType)
2023-08-05 20:57:09 dispel4py.new.logger[82879] ERROR Exception = an integer is required (got type NoneType)
2023-08-05 20:57:09 dispel4py.new.logger[82856] ERROR Exception = an integer is required (got type NoneType)
MONITOR: ACTIVE SIZE = 7 QUEUE_SIZE = 1
MONITOR: ACTIVE SIZE = 6 QUEUE_SIZE = 1
MONITOR: ACTIVE SIZE = 5 QUEUE_SIZE = 1
MONITOR: ACTIVE SIZE = 4 QUEUE_SIZE = 1
MONITOR: ACTIVE SIZE = 5 QUEUE_SIZE = 50
MONITOR: ACTIVE SIZE = 6 QUEUE_SIZE = 50
MONITOR: ACTIVE SIZE = 7 QUEUE_SIZE = 50
MONITOR: ACTIVE SIZE = 8 QUEUE_SIZE = 50
MONITOR: ACTIVE SIZE = 7 QUEUE_SIZE = 49
MONITOR: ACTIVE SIZE = 6 QUEUE_SIZE = 48
MONITOR: ACTIVE SIZE = 7 QUEUE_SIZE = 50
MONITOR: ACTIVE SIZE = 8 QUEUE_SIZE = 50
MONITOR: ACTIVE SIZE = 9 QUEUE_SIZE = 50
MONITOR: ACTIVE SIZE = 10 QUEUE_SIZE = 50
MONITOR: ACTIVE SIZE = 11 QUEUE_SIZE = 50
MONITOR: ACTIVE SIZE = 12 QUEUE_SIZE = 50
MONITOR: ACTIVE SIZE = 13 QUEUE_SIZE = 50
MONITOR: ACTIVE SIZE = 14 QUEUE_SIZE = 50
MONITOR: ACTIVE SIZE = 13 QUEUE_SIZE = 49
MONITOR: ACTIVE SIZE = 14 QUEUE_SIZE = 49
MONITOR: ACTIVE SIZE = 13 QUEUE_SIZE = 47
MONITOR: ACTIVE SIZE = 12 QUEUE_SIZE = 45
MONITOR: ACTIVE SIZE = 11 QUEUE_SIZE = 44
MONITOR: ACTIVE SIZE = 12 QUEUE_SIZE = 50
MONITOR: ACTIVE SIZE = 13 QUEUE_SIZE = 50
MONITOR: ACTIVE SIZE = 14 QUEUE_SIZE = 50
MONITOR: ACTIVE SIZE = 13 QUEUE_SIZE = 49
MONITOR: ACTIVE SIZE = 12 QUEUE_SIZE = 48
MONITOR: ACTIVE SIZE = 11 QUEUE_SIZE = 47
MONITOR: ACTIVE SIZE = 10 QUEUE_SIZE = 46
MONITOR: ACTIVE SIZE = 11 QUEUE_SIZE = 46
MONITOR: ACTIVE SIZE = 12 QUEUE_SIZE = 47
MONITOR: ACTIVE SIZE = 11 QUEUE_SIZE = 46
MONITOR: ACTIVE SIZE = 10 QUEUE_SIZE = 45
MONITOR: ACTIVE SIZE = 9 QUEUE_SIZE = 43
MONITOR: ACTIVE SIZE = 10 QUEUE_SIZE = 50
MONITOR: ACTIVE SIZE = 11 QUEUE_SIZE = 50
MONITOR: ACTIVE SIZE = 12 QUEUE_SIZE = 50
MONITOR: ACTIVE SIZE = 11 QUEUE_SIZE = 48
MONITOR: ACTIVE SIZE = 10 QUEUE_SIZE = 47
MONITOR: ACTIVE SIZE = 9 QUEUE_SIZE = 46
MONITOR: ACTIVE SIZE = 8 QUEUE_SIZE = 45
MONITOR: ACTIVE SIZE = 7 QUEUE_SIZE = 44
MONITOR: ACTIVE SIZE = 8 QUEUE_SIZE = 50
MONITOR: ACTIVE SIZE = 9 QUEUE_SIZE = 50
MONITOR: ACTIVE SIZE = 8 QUEUE_SIZE = 49
MONITOR: ACTIVE SIZE = 7 QUEUE_SIZE = 48
MONITOR: ACTIVE SIZE = 8 QUEUE_SIZE = 48
MONITOR: ACTIVE SIZE = 7 QUEUE_SIZE = 46
MONITOR: ACTIVE SIZE = 8 QUEUE_SIZE = 46
MONITOR: ACTIVE SIZE = 7 QUEUE_SIZE = 44
MONITOR: ACTIVE SIZE = 8 QUEUE_SIZE = 50
MONITOR: ACTIVE SIZE = 9 QUEUE_SIZE = 50
MONITOR: ACTIVE SIZE = 10 QUEUE_SIZE = 50
MONITOR: ACTIVE SIZE = 9 QUEUE_SIZE = 49
MONITOR: ACTIVE SIZE = 10 QUEUE_SIZE = 49
MONITOR: ACTIVE SIZE = 9 QUEUE_SIZE = 48
MONITOR: ACTIVE SIZE = 8 QUEUE_SIZE = 47
MONITOR: ACTIVE SIZE = 7 QUEUE_SIZE = 46
MONITOR: ACTIVE SIZE = 8 QUEUE_SIZE = 50
MONITOR: ACTIVE SIZE = 9 QUEUE_SIZE = 50
MONITOR: ACTIVE SIZE = 10 QUEUE_SIZE = 50
MONITOR: ACTIVE SIZE = 11 QUEUE_SIZE = 50
MONITOR: ACTIVE SIZE = 12 QUEUE_SIZE = 50
MONITOR: ACTIVE SIZE = 13 QUEUE_SIZE = 50
MONITOR: ACTIVE SIZE = 12 QUEUE_SIZE = 49
MONITOR: ACTIVE SIZE = 13 QUEUE_SIZE = 49
MONITOR: ACTIVE SIZE = 14 QUEUE_SIZE = 49
MONITOR: ACTIVE SIZE = 15 QUEUE_SIZE = 49
MONITOR: ACTIVE SIZE = 15 QUEUE_SIZE = 49
MONITOR: ACTIVE SIZE = 14 QUEUE_SIZE = 48
MONITOR: ACTIVE SIZE = 15 QUEUE_SIZE = 48
MONITOR: ACTIVE SIZE = 15 QUEUE_SIZE = 49
MONITOR: ACTIVE SIZE = 14 QUEUE_SIZE = 48
MONITOR: ACTIVE SIZE = 15 QUEUE_SIZE = 48
MONITOR: ACTIVE SIZE = 14 QUEUE_SIZE = 47
MONITOR: ACTIVE SIZE = 15 QUEUE_SIZE = 50
MONITOR: ACTIVE SIZE = 15 QUEUE_SIZE = 50
MONITOR: ACTIVE SIZE = 14 QUEUE_SIZE = 49
MONITOR: ACTIVE SIZE = 13 QUEUE_SIZE = 48
MONITOR: ACTIVE SIZE = 12 QUEUE_SIZE = 47
MONITOR: ACTIVE SIZE = 13 QUEUE_SIZE = 48
MONITOR: ACTIVE SIZE = 14 QUEUE_SIZE = 48
MONITOR: ACTIVE SIZE = 15 QUEUE_SIZE = 48
MONITOR: ACTIVE SIZE = 15 QUEUE_SIZE = 49
MONITOR: ACTIVE SIZE = 14 QUEUE_SIZE = 48
MONITOR: ACTIVE SIZE = 15 QUEUE_SIZE = 48
MONITOR: ACTIVE SIZE = 15 QUEUE_SIZE = 48
MONITOR: ACTIVE SIZE = 15 QUEUE_SIZE = 48
MONITOR: ACTIVE SIZE = 15 QUEUE_SIZE = 48
MONITOR: ACTIVE SIZE = 15 QUEUE_SIZE = 48
MONITOR: ACTIVE SIZE = 14 QUEUE_SIZE = 47
MONITOR: ACTIVE SIZE = 15 QUEUE_SIZE = 49
MONITOR: ACTIVE SIZE = 14 QUEUE_SIZE = 48
MONITOR: ACTIVE SIZE = 15 QUEUE_SIZE = 49
MONITOR: ACTIVE SIZE = 15 QUEUE_SIZE = 50
MONITOR: ACTIVE SIZE = 15 QUEUE_SIZE = 50
MONITOR: ACTIVE SIZE = 14 QUEUE_SIZE = 49
MONITOR: ACTIVE SIZE = 13 QUEUE_SIZE = 48
MONITOR: ACTIVE SIZE = 14 QUEUE_SIZE = 48
MONITOR: ACTIVE SIZE = 15 QUEUE_SIZE = 48
MONITOR: ACTIVE SIZE = 15 QUEUE_SIZE = 49
MONITOR: ACTIVE SIZE = 14 QUEUE_SIZE = 48
MONITOR: ACTIVE SIZE = 13 QUEUE_SIZE = 47
MONITOR: ACTIVE SIZE = 14 QUEUE_SIZE = 47
MONITOR: ACTIVE SIZE = 15 QUEUE_SIZE = 47
MONITOR: ACTIVE SIZE = 15 QUEUE_SIZE = 48
MONITOR: ACTIVE SIZE = 15 QUEUE_SIZE = 48
MONITOR: ACTIVE SIZE = 15 QUEUE_SIZE = 49
MONITOR: ACTIVE SIZE = 15 QUEUE_SIZE = 49
MONITOR: ACTIVE SIZE = 14 QUEUE_SIZE = 48
MONITOR: ACTIVE SIZE = 15 QUEUE_SIZE = 48
MONITOR: ACTIVE SIZE = 14 QUEUE_SIZE = 47
MONITOR: ACTIVE SIZE = 15 QUEUE_SIZE = 47
MONITOR: ACTIVE SIZE = 15 QUEUE_SIZE = 49
MONITOR: ACTIVE SIZE = 14 QUEUE_SIZE = 48
MONITOR: ACTIVE SIZE = 15 QUEUE_SIZE = 48
MONITOR: ACTIVE SIZE = 14 QUEUE_SIZE = 47
MONITOR: ACTIVE SIZE = 13 QUEUE_SIZE = 46
MONITOR: ACTIVE SIZE = 14 QUEUE_SIZE = 47
MONITOR: ACTIVE SIZE = 15 QUEUE_SIZE = 47
MONITOR: ACTIVE SIZE = 14 QUEUE_SIZE = 44
MONITOR: ACTIVE SIZE = 15 QUEUE_SIZE = 44
MONITOR: ACTIVE SIZE = 15 QUEUE_SIZE = 46
MONITOR: ACTIVE SIZE = 14 QUEUE_SIZE = 45
MONITOR: ACTIVE SIZE = 15 QUEUE_SIZE = 47
MONITOR: ACTIVE SIZE = 15 QUEUE_SIZE = 47
MONITOR: ACTIVE SIZE = 15 QUEUE_SIZE = 47
MONITOR: ACTIVE SIZE = 14 QUEUE_SIZE = 46
MONITOR: ACTIVE SIZE = 13 QUEUE_SIZE = 45
MONITOR: ACTIVE SIZE = 12 QUEUE_SIZE = 44
MONITOR: ACTIVE SIZE = 13 QUEUE_SIZE = 44
MONITOR: ACTIVE SIZE = 14 QUEUE_SIZE = 44
MONITOR: ACTIVE SIZE = 15 QUEUE_SIZE = 45
MONITOR: ACTIVE SIZE = 15 QUEUE_SIZE = 46
MONITOR: ACTIVE SIZE = 15 QUEUE_SIZE = 46
MONITOR: ACTIVE SIZE = 15 QUEUE_SIZE = 47
MONITOR: ACTIVE SIZE = 14 QUEUE_SIZE = 45
MONITOR: ACTIVE SIZE = 13 QUEUE_SIZE = 44
MONITOR: ACTIVE SIZE = 14 QUEUE_SIZE = 46
MONITOR: ACTIVE SIZE = 15 QUEUE_SIZE = 46
MONITOR: ACTIVE SIZE = 14 QUEUE_SIZE = 44
MONITOR: ACTIVE SIZE = 15 QUEUE_SIZE = 45
MONITOR: ACTIVE SIZE = 15 QUEUE_SIZE = 45
MONITOR: ACTIVE SIZE = 15 QUEUE_SIZE = 45
MONITOR: ACTIVE SIZE = 15 QUEUE_SIZE = 45
MONITOR: ACTIVE SIZE = 15 QUEUE_SIZE = 46
MONITOR: ACTIVE SIZE = 14 QUEUE_SIZE = 44
MONITOR: ACTIVE SIZE = 15 QUEUE_SIZE = 45
MONITOR: ACTIVE SIZE = 15 QUEUE_SIZE = 46
MONITOR: ACTIVE SIZE = 14 QUEUE_SIZE = 45
MONITOR: ACTIVE SIZE = 15 QUEUE_SIZE = 46
MONITOR: ACTIVE SIZE = 15 QUEUE_SIZE = 47
MONITOR: ACTIVE SIZE = 15 QUEUE_SIZE = 47
MONITOR: ACTIVE SIZE = 14 QUEUE_SIZE = 46
MONITOR: ACTIVE SIZE = 15 QUEUE_SIZE = 47
MONITOR: ACTIVE SIZE = 14 QUEUE_SIZE = 46
MONITOR: ACTIVE SIZE = 13 QUEUE_SIZE = 45
MONITOR: ACTIVE SIZE = 14 QUEUE_SIZE = 46
MONITOR: ACTIVE SIZE = 13 QUEUE_SIZE = 45
MONITOR: ACTIVE SIZE = 14 QUEUE_SIZE = 47
MONITOR: ACTIVE SIZE = 15 QUEUE_SIZE = 47
MONITOR: ACTIVE SIZE = 14 QUEUE_SIZE = 46
MONITOR: ACTIVE SIZE = 15 QUEUE_SIZE = 46
MONITOR: ACTIVE SIZE = 15 QUEUE_SIZE = 47
MONITOR: ACTIVE SIZE = 14 QUEUE_SIZE = 44
MONITOR: ACTIVE SIZE = 15 QUEUE_SIZE = 44
MONITOR: ACTIVE SIZE = 15 QUEUE_SIZE = 45
MONITOR: ACTIVE SIZE = 15 QUEUE_SIZE = 45
MONITOR: ACTIVE SIZE = 15 QUEUE_SIZE = 45
MONITOR: ACTIVE SIZE = 14 QUEUE_SIZE = 44
MONITOR: ACTIVE SIZE = 15 QUEUE_SIZE = 50
MONITOR: ACTIVE SIZE = 15 QUEUE_SIZE = 50
MONITOR: ACTIVE SIZE = 15 QUEUE_SIZE = 50
MONITOR: ACTIVE SIZE = 14 QUEUE_SIZE = 49
MONITOR: ACTIVE SIZE = 13 QUEUE_SIZE = 48
MONITOR: ACTIVE SIZE = 14 QUEUE_SIZE = 48
MONITOR: ACTIVE SIZE = 13 QUEUE_SIZE = 47
MONITOR: ACTIVE SIZE = 12 QUEUE_SIZE = 45
MONITOR: ACTIVE SIZE = 13 QUEUE_SIZE = 45
MONITOR: ACTIVE SIZE = 12 QUEUE_SIZE = 43
MONITOR: ACTIVE SIZE = 11 QUEUE_SIZE = 42
MONITOR: ACTIVE SIZE = 12 QUEUE_SIZE = 50
MONITOR: ACTIVE SIZE = 13 QUEUE_SIZE = 50
MONITOR: ACTIVE SIZE = 14 QUEUE_SIZE = 50
MONITOR: ACTIVE SIZE = 13 QUEUE_SIZE = 49
MONITOR: ACTIVE SIZE = 12 QUEUE_SIZE = 48
MONITOR: ACTIVE SIZE = 11 QUEUE_SIZE = 47
MONITOR: ACTIVE SIZE = 10 QUEUE_SIZE = 46
MONITOR: ACTIVE SIZE = 11 QUEUE_SIZE = 46
MONITOR: ACTIVE SIZE = 10 QUEUE_SIZE = 45
MONITOR: ACTIVE SIZE = 9 QUEUE_SIZE = 44
MONITOR: ACTIVE SIZE = 10 QUEUE_SIZE = 50
MONITOR: ACTIVE SIZE = 11 QUEUE_SIZE = 50
MONITOR: ACTIVE SIZE = 12 QUEUE_SIZE = 50
MONITOR: ACTIVE SIZE = 11 QUEUE_SIZE = 49
MONITOR: ACTIVE SIZE = 10 QUEUE_SIZE = 48
MONITOR: ACTIVE SIZE = 11 QUEUE_SIZE = 48
MONITOR: ACTIVE SIZE = 10 QUEUE_SIZE = 46
MONITOR: ACTIVE SIZE = 9 QUEUE_SIZE = 45
MONITOR: ACTIVE SIZE = 10 QUEUE_SIZE = 45
MONITOR: ACTIVE SIZE = 9 QUEUE_SIZE = 44
MONITOR: ACTIVE SIZE = 10 QUEUE_SIZE = 50
MONITOR: ACTIVE SIZE = 11 QUEUE_SIZE = 50
MONITOR: ACTIVE SIZE = 12 QUEUE_SIZE = 50
MONITOR: ACTIVE SIZE = 11 QUEUE_SIZE = 49
MONITOR: ACTIVE SIZE = 10 QUEUE_SIZE = 48
MONITOR: ACTIVE SIZE = 9 QUEUE_SIZE = 47
MONITOR: ACTIVE SIZE = 8 QUEUE_SIZE = 46
MONITOR: ACTIVE SIZE = 7 QUEUE_SIZE = 44
MONITOR: ACTIVE SIZE = 8 QUEUE_SIZE = 50
MONITOR: ACTIVE SIZE = 9 QUEUE_SIZE = 50
MONITOR: ACTIVE SIZE = 10 QUEUE_SIZE = 50
MONITOR: ACTIVE SIZE = 9 QUEUE_SIZE = 49
MONITOR: ACTIVE SIZE = 10 QUEUE_SIZE = 49
MONITOR: ACTIVE SIZE = 9 QUEUE_SIZE = 47
MONITOR: ACTIVE SIZE = 10 QUEUE_SIZE = 47
MONITOR: ACTIVE SIZE = 9 QUEUE_SIZE = 45
MONITOR: ACTIVE SIZE = 10 QUEUE_SIZE = 47
MONITOR: ACTIVE SIZE = 9 QUEUE_SIZE = 46
MONITOR: ACTIVE SIZE = 10 QUEUE_SIZE = 46
MONITOR: ACTIVE SIZE = 11 QUEUE_SIZE = 47
MONITOR: ACTIVE SIZE = 12 QUEUE_SIZE = 47
MONITOR: ACTIVE SIZE = 13 QUEUE_SIZE = 47
MONITOR: ACTIVE SIZE = 14 QUEUE_SIZE = 48
MONITOR: ACTIVE SIZE = 15 QUEUE_SIZE = 49
MONITOR: ACTIVE SIZE = 14 QUEUE_SIZE = 48
MONITOR: ACTIVE SIZE = 13 QUEUE_SIZE = 47
MONITOR: ACTIVE SIZE = 12 QUEUE_SIZE = 45
MONITOR: ACTIVE SIZE = 13 QUEUE_SIZE = 46
MONITOR: ACTIVE SIZE = 14 QUEUE_SIZE = 46
MONITOR: ACTIVE SIZE = 13 QUEUE_SIZE = 45
MONITOR: ACTIVE SIZE = 14 QUEUE_SIZE = 46
MONITOR: ACTIVE SIZE = 15 QUEUE_SIZE = 48
MONITOR: ACTIVE SIZE = 15 QUEUE_SIZE = 48
MONITOR: ACTIVE SIZE = 15 QUEUE_SIZE = 48
MONITOR: ACTIVE SIZE = 14 QUEUE_SIZE = 47
MONITOR: ACTIVE SIZE = 15 QUEUE_SIZE = 47
MONITOR: ACTIVE SIZE = 14 QUEUE_SIZE = 46
MONITOR: ACTIVE SIZE = 15 QUEUE_SIZE = 49
MONITOR: ACTIVE SIZE = 15 QUEUE_SIZE = 50
MONITOR: ACTIVE SIZE = 14 QUEUE_SIZE = 48
MONITOR: ACTIVE SIZE = 13 QUEUE_SIZE = 47
MONITOR: ACTIVE SIZE = 12 QUEUE_SIZE = 46
MONITOR: ACTIVE SIZE = 13 QUEUE_SIZE = 47
MONITOR: ACTIVE SIZE = 14 QUEUE_SIZE = 48
MONITOR: ACTIVE SIZE = 13 QUEUE_SIZE = 47
MONITOR: ACTIVE SIZE = 14 QUEUE_SIZE = 48
MONITOR: ACTIVE SIZE = 13 QUEUE_SIZE = 47
MONITOR: ACTIVE SIZE = 14 QUEUE_SIZE = 48
MONITOR: ACTIVE SIZE = 15 QUEUE_SIZE = 48
MONITOR: ACTIVE SIZE = 15 QUEUE_SIZE = 48
MONITOR: ACTIVE SIZE = 15 QUEUE_SIZE = 50
MONITOR: ACTIVE SIZE = 14 QUEUE_SIZE = 48
MONITOR: ACTIVE SIZE = 13 QUEUE_SIZE = 47
MONITOR: ACTIVE SIZE = 12 QUEUE_SIZE = 46
MONITOR: ACTIVE SIZE = 13 QUEUE_SIZE = 48
MONITOR: ACTIVE SIZE = 14 QUEUE_SIZE = 49
MONITOR: ACTIVE SIZE = 15 QUEUE_SIZE = 49
MONITOR: ACTIVE SIZE = 15 QUEUE_SIZE = 50
MONITOR: ACTIVE SIZE = 14 QUEUE_SIZE = 49
MONITOR: ACTIVE SIZE = 15 QUEUE_SIZE = 49
MONITOR: ACTIVE SIZE = 14 QUEUE_SIZE = 48
MONITOR: ACTIVE SIZE = 15 QUEUE_SIZE = 48
MONITOR: ACTIVE SIZE = 15 QUEUE_SIZE = 48
MONITOR: ACTIVE SIZE = 15 QUEUE_SIZE = 49
MONITOR: ACTIVE SIZE = 15 QUEUE_SIZE = 49
MONITOR: ACTIVE SIZE = 14 QUEUE_SIZE = 47
MONITOR: ACTIVE SIZE = 15 QUEUE_SIZE = 50
MONITOR: ACTIVE SIZE = 15 QUEUE_SIZE = 50
MONITOR: ACTIVE SIZE = 15 QUEUE_SIZE = 50
MONITOR: ACTIVE SIZE = 14 QUEUE_SIZE = 49
MONITOR: ACTIVE SIZE = 13 QUEUE_SIZE = 48
MONITOR: ACTIVE SIZE = 14 QUEUE_SIZE = 48
MONITOR: ACTIVE SIZE = 13 QUEUE_SIZE = 47
MONITOR: ACTIVE SIZE = 14 QUEUE_SIZE = 47
MONITOR: ACTIVE SIZE = 15 QUEUE_SIZE = 49
MONITOR: ACTIVE SIZE = 15 QUEUE_SIZE = 49
MONITOR: ACTIVE SIZE = 14 QUEUE_SIZE = 48
MONITOR: ACTIVE SIZE = 13 QUEUE_SIZE = 47
MONITOR: ACTIVE SIZE = 14 QUEUE_SIZE = 47
MONITOR: ACTIVE SIZE = 15 QUEUE_SIZE = 49
MONITOR: ACTIVE SIZE = 15 QUEUE_SIZE = 49
MONITOR: ACTIVE SIZE = 14 QUEUE_SIZE = 48
MONITOR: ACTIVE SIZE = 15 QUEUE_SIZE = 50
MONITOR: ACTIVE SIZE = 14 QUEUE_SIZE = 49
MONITOR: ACTIVE SIZE = 13 QUEUE_SIZE = 48
MONITOR: ACTIVE SIZE = 12 QUEUE_SIZE = 47
MONITOR: ACTIVE SIZE = 11 QUEUE_SIZE = 46
MONITOR: ACTIVE SIZE = 12 QUEUE_SIZE = 47
MONITOR: ACTIVE SIZE = 13 QUEUE_SIZE = 48
MONITOR: ACTIVE SIZE = 12 QUEUE_SIZE = 47
MONITOR: ACTIVE SIZE = 11 QUEUE_SIZE = 46
MONITOR: ACTIVE SIZE = 12 QUEUE_SIZE = 48
MONITOR: ACTIVE SIZE = 13 QUEUE_SIZE = 49
MONITOR: ACTIVE SIZE = 12 QUEUE_SIZE = 48
MONITOR: ACTIVE SIZE = 11 QUEUE_SIZE = 47
MONITOR: ACTIVE SIZE = 12 QUEUE_SIZE = 47
MONITOR: ACTIVE SIZE = 13 QUEUE_SIZE = 49
MONITOR: ACTIVE SIZE = 14 QUEUE_SIZE = 49
MONITOR: ACTIVE SIZE = 15 QUEUE_SIZE = 50
MONITOR: ACTIVE SIZE = 14 QUEUE_SIZE = 48
MONITOR: ACTIVE SIZE = 15 QUEUE_SIZE = 48
MONITOR: ACTIVE SIZE = 14 QUEUE_SIZE = 47
MONITOR: ACTIVE SIZE = 13 QUEUE_SIZE = 46
MONITOR: ACTIVE SIZE = 14 QUEUE_SIZE = 48
MONITOR: ACTIVE SIZE = 15 QUEUE_SIZE = 49
MONITOR: ACTIVE SIZE = 15 QUEUE_SIZE = 50
MONITOR: ACTIVE SIZE = 14 QUEUE_SIZE = 48
MONITOR: ACTIVE SIZE = 15 QUEUE_SIZE = 48
MONITOR: ACTIVE SIZE = 14 QUEUE_SIZE = 47
MONITOR: ACTIVE SIZE = 15 QUEUE_SIZE = 47
MONITOR: ACTIVE SIZE = 15 QUEUE_SIZE = 49
MONITOR: ACTIVE SIZE = 15 QUEUE_SIZE = 49
MONITOR: ACTIVE SIZE = 14 QUEUE_SIZE = 47
MONITOR: ACTIVE SIZE = 15 QUEUE_SIZE = 48
MONITOR: ACTIVE SIZE = 15 QUEUE_SIZE = 49
MONITOR: ACTIVE SIZE = 15 QUEUE_SIZE = 49
MONITOR: ACTIVE SIZE = 14 QUEUE_SIZE = 47
MONITOR: ACTIVE SIZE = 13 QUEUE_SIZE = 46
MONITOR: ACTIVE SIZE = 14 QUEUE_SIZE = 49
MONITOR: ACTIVE SIZE = 15 QUEUE_SIZE = 49
MONITOR: ACTIVE SIZE = 14 QUEUE_SIZE = 47
MONITOR: ACTIVE SIZE = 15 QUEUE_SIZE = 47
MONITOR: ACTIVE SIZE = 15 QUEUE_SIZE = 48
MONITOR: ACTIVE SIZE = 15 QUEUE_SIZE = 48
MONITOR: ACTIVE SIZE = 15 QUEUE_SIZE = 48
MONITOR: ACTIVE SIZE = 15 QUEUE_SIZE = 48
MONITOR: ACTIVE SIZE = 14 QUEUE_SIZE = 47
MONITOR: ACTIVE SIZE = 15 QUEUE_SIZE = 47
MONITOR: ACTIVE SIZE = 15 QUEUE_SIZE = 49
MONITOR: ACTIVE SIZE = 14 QUEUE_SIZE = 48
MONITOR: ACTIVE SIZE = 15 QUEUE_SIZE = 48
MONITOR: ACTIVE SIZE = 15 QUEUE_SIZE = 48
MONITOR: ACTIVE SIZE = 15 QUEUE_SIZE = 48
MONITOR: ACTIVE SIZE = 15 QUEUE_SIZE = 49
MONITOR: ACTIVE SIZE = 14 QUEUE_SIZE = 48
MONITOR: ACTIVE SIZE = 15 QUEUE_SIZE = 48
MONITOR: ACTIVE SIZE = 15 QUEUE_SIZE = 49
MONITOR: ACTIVE SIZE = 15 QUEUE_SIZE = 49
MONITOR: ACTIVE SIZE = 15 QUEUE_SIZE = 49
MONITOR: ACTIVE SIZE = 14 QUEUE_SIZE = 48
MONITOR: ACTIVE SIZE = 15 QUEUE_SIZE = 48
MONITOR: ACTIVE SIZE = 15 QUEUE_SIZE = 49
MONITOR: ACTIVE SIZE = 14 QUEUE_SIZE = 47
MONITOR: ACTIVE SIZE = 13 QUEUE_SIZE = 46
MONITOR: ACTIVE SIZE = 14 QUEUE_SIZE = 48
MONITOR: ACTIVE SIZE = 15 QUEUE_SIZE = 49
MONITOR: ACTIVE SIZE = 14 QUEUE_SIZE = 47
MONITOR: ACTIVE SIZE = 15 QUEUE_SIZE = 48
MONITOR: ACTIVE SIZE = 15 QUEUE_SIZE = 50
MONITOR: ACTIVE SIZE = 14 QUEUE_SIZE = 49
MONITOR: ACTIVE SIZE = 13 QUEUE_SIZE = 48
MONITOR: ACTIVE SIZE = 14 QUEUE_SIZE = 49
MONITOR: ACTIVE SIZE = 13 QUEUE_SIZE = 48
MONITOR: ACTIVE SIZE = 14 QUEUE_SIZE = 48
MONITOR: ACTIVE SIZE = 15 QUEUE_SIZE = 48
MONITOR: ACTIVE SIZE = 14 QUEUE_SIZE = 47
MONITOR: ACTIVE SIZE = 15 QUEUE_SIZE = 49
MONITOR: ACTIVE SIZE = 14 QUEUE_SIZE = 47
MONITOR: ACTIVE SIZE = 15 QUEUE_SIZE = 47
MONITOR: ACTIVE SIZE = 14 QUEUE_SIZE = 46
MONITOR: ACTIVE SIZE = 15 QUEUE_SIZE = 46
MONITOR: ACTIVE SIZE = 15 QUEUE_SIZE = 47
MONITOR: ACTIVE SIZE = 15 QUEUE_SIZE = 47
MONITOR: ACTIVE SIZE = 14 QUEUE_SIZE = 46
MONITOR: ACTIVE SIZE = 15 QUEUE_SIZE = 46
MONITOR: ACTIVE SIZE = 15 QUEUE_SIZE = 47
MONITOR: ACTIVE SIZE = 14 QUEUE_SIZE = 46
MONITOR: ACTIVE SIZE = 15 QUEUE_SIZE = 47
MONITOR: ACTIVE SIZE = 15 QUEUE_SIZE = 47
MONITOR: ACTIVE SIZE = 15 QUEUE_SIZE = 50
MONITOR: ACTIVE SIZE = 15 QUEUE_SIZE = 50
MONITOR: ACTIVE SIZE = 15 QUEUE_SIZE = 50
MONITOR: ACTIVE SIZE = 14 QUEUE_SIZE = 49
MONITOR: ACTIVE SIZE = 13 QUEUE_SIZE = 48
MONITOR: ACTIVE SIZE = 12 QUEUE_SIZE = 47
MONITOR: ACTIVE SIZE = 11 QUEUE_SIZE = 46
MONITOR: ACTIVE SIZE = 10 QUEUE_SIZE = 45
MONITOR: ACTIVE SIZE = 9 QUEUE_SIZE = 43
MONITOR: ACTIVE SIZE = 10 QUEUE_SIZE = 50
MONITOR: ACTIVE SIZE = 11 QUEUE_SIZE = 50
MONITOR: ACTIVE SIZE = 12 QUEUE_SIZE = 50
MONITOR: ACTIVE SIZE = 11 QUEUE_SIZE = 48
MONITOR: ACTIVE SIZE = 10 QUEUE_SIZE = 47
MONITOR: ACTIVE SIZE = 9 QUEUE_SIZE = 46
MONITOR: ACTIVE SIZE = 10 QUEUE_SIZE = 46
MONITOR: ACTIVE SIZE = 11 QUEUE_SIZE = 46
MONITOR: ACTIVE SIZE = 12 QUEUE_SIZE = 46
MONITOR: ACTIVE SIZE = 13 QUEUE_SIZE = 46
MONITOR: ACTIVE SIZE = 14 QUEUE_SIZE = 46
MONITOR: ACTIVE SIZE = 15 QUEUE_SIZE = 46
MONITOR: ACTIVE SIZE = 15 QUEUE_SIZE = 46
MONITOR: ACTIVE SIZE = 15 QUEUE_SIZE = 46
MONITOR: ACTIVE SIZE = 15 QUEUE_SIZE = 46
MONITOR: ACTIVE SIZE = 15 QUEUE_SIZE = 50
MONITOR: ACTIVE SIZE = 15 QUEUE_SIZE = 50
MONITOR: ACTIVE SIZE = 15 QUEUE_SIZE = 50
MONITOR: ACTIVE SIZE = 14 QUEUE_SIZE = 49
MONITOR: ACTIVE SIZE = 13 QUEUE_SIZE = 47
MONITOR: ACTIVE SIZE = 12 QUEUE_SIZE = 46
MONITOR: ACTIVE SIZE = 13 QUEUE_SIZE = 46
MONITOR: ACTIVE SIZE = 12 QUEUE_SIZE = 44
MONITOR: ACTIVE SIZE = 11 QUEUE_SIZE = 43
MONITOR: ACTIVE SIZE = 12 QUEUE_SIZE = 43
MONITOR: ACTIVE SIZE = 13 QUEUE_SIZE = 43
MONITOR: ACTIVE SIZE = 14 QUEUE_SIZE = 43
MONITOR: ACTIVE SIZE = 15 QUEUE_SIZE = 43
MONITOR: ACTIVE SIZE = 15 QUEUE_SIZE = 43
MONITOR: ACTIVE SIZE = 15 QUEUE_SIZE = 43
MONITOR: ACTIVE SIZE = 15 QUEUE_SIZE = 46
MONITOR: ACTIVE SIZE = 15 QUEUE_SIZE = 46
MONITOR: ACTIVE SIZE = 15 QUEUE_SIZE = 46
MONITOR: ACTIVE SIZE = 14 QUEUE_SIZE = 45
MONITOR: ACTIVE SIZE = 13 QUEUE_SIZE = 43
MONITOR: ACTIVE SIZE = 12 QUEUE_SIZE = 42
MONITOR: ACTIVE SIZE = 13 QUEUE_SIZE = 42
MONITOR: ACTIVE SIZE = 14 QUEUE_SIZE = 42
MONITOR: ACTIVE SIZE = 13 QUEUE_SIZE = 41
MONITOR: ACTIVE SIZE = 12 QUEUE_SIZE = 40
MONITOR: ACTIVE SIZE = 13 QUEUE_SIZE = 40
MONITOR: ACTIVE SIZE = 12 QUEUE_SIZE = 39
MONITOR: ACTIVE SIZE = 11 QUEUE_SIZE = 38
MONITOR: ACTIVE SIZE = 10 QUEUE_SIZE = 37
MONITOR: ACTIVE SIZE = 11 QUEUE_SIZE = 37
MONITOR: ACTIVE SIZE = 10 QUEUE_SIZE = 36
MONITOR: ACTIVE SIZE = 9 QUEUE_SIZE = 35
MONITOR: ACTIVE SIZE = 8 QUEUE_SIZE = 34
MONITOR: ACTIVE SIZE = 9 QUEUE_SIZE = 34
MONITOR: ACTIVE SIZE = 8 QUEUE_SIZE = 32
MONITOR: ACTIVE SIZE = 9 QUEUE_SIZE = 32
MONITOR: ACTIVE SIZE = 8 QUEUE_SIZE = 31
MONITOR: ACTIVE SIZE = 7 QUEUE_SIZE = 24
MONITOR: ACTIVE SIZE = 8 QUEUE_SIZE = 24
MONITOR: ACTIVE SIZE = 9 QUEUE_SIZE = 24
MONITOR: ACTIVE SIZE = 8 QUEUE_SIZE = 23
MONITOR: ACTIVE SIZE = 7 QUEUE_SIZE = 22
MONITOR: ACTIVE SIZE = 8 QUEUE_SIZE = 22
MONITOR: ACTIVE SIZE = 9 QUEUE_SIZE = 22
MONITOR: ACTIVE SIZE = 10 QUEUE_SIZE = 22
MONITOR: ACTIVE SIZE = 9 QUEUE_SIZE = 20
MONITOR: ACTIVE SIZE = 10 QUEUE_SIZE = 20
MONITOR: ACTIVE SIZE = 11 QUEUE_SIZE = 20
MONITOR: ACTIVE SIZE = 10 QUEUE_SIZE = 18
MONITOR: ACTIVE SIZE = 11 QUEUE_SIZE = 18
MONITOR: ACTIVE SIZE = 10 QUEUE_SIZE = 14
MONITOR: ACTIVE SIZE = 9 QUEUE_SIZE = 13
MONITOR: ACTIVE SIZE = 8 QUEUE_SIZE = 12
MONITOR: ACTIVE SIZE = 9 QUEUE_SIZE = 12
MONITOR: ACTIVE SIZE = 10 QUEUE_SIZE = 12
MONITOR: ACTIVE SIZE = 9 QUEUE_SIZE = 11
MONITOR: ACTIVE SIZE = 10 QUEUE_SIZE = 11
MONITOR: ACTIVE SIZE = 9 QUEUE_SIZE = 10
MONITOR: ACTIVE SIZE = 8 QUEUE_SIZE = 10
MONITOR: ACTIVE SIZE = 7 QUEUE_SIZE = 2
MONITOR: ACTIVE SIZE = 6 QUEUE_SIZE = 2
MONITOR: ACTIVE SIZE = 5 QUEUE_SIZE = 1
MONITOR: ACTIVE SIZE = 4 QUEUE_SIZE = 0
MONITOR: ACTIVE SIZE = 3 QUEUE_SIZE = 0
MONITOR: ACTIVE SIZE = 2 QUEUE_SIZE = 0
NEW ELAPSED TIME: 45.37108
NEW ELAPSED TOTAL CPU TIME: 258.12694
---------------------------------
dyn_auto_redis : running with 16 processors
RUN ARGS: 
Namespace(attr=None, consumer_timeout=None, data=None, file='xcorr_input.jsn', idle_time=2000, iter=1, module='realtime_prep_dict.py', num=16, provenance=None, target='dyn_auto_redis')
==========
MONITOR: ACTIVE SIZE = 9, AVG IDLE = 0.0
MONITOR: ACTIVE SIZE = 10, AVG IDLE = 0.0
MONITOR: ACTIVE SIZE = 11, AVG IDLE = 0.0
MONITOR: ACTIVE SIZE = 12, AVG IDLE = 0.0
MONITOR: ACTIVE SIZE = 13, AVG IDLE = 0.0
MONITOR: ACTIVE SIZE = 14, AVG IDLE = 0.0
MONITOR: ACTIVE SIZE = 15, AVG IDLE = 0.0
MONITOR: ACTIVE SIZE = 15, AVG IDLE = 0.06666666666666667
MONITOR: ACTIVE SIZE = 15, AVG IDLE = 0.06666666666666667
MONITOR: ACTIVE SIZE = 15, AVG IDLE = 0.13333333333333333
MONITOR: ACTIVE SIZE = 15, AVG IDLE = 0.2
MONITOR: ACTIVE SIZE = 15, AVG IDLE = 0.2
MONITOR: ACTIVE SIZE = 15, AVG IDLE = 0.26666666666666666
MONITOR: ACTIVE SIZE = 15, AVG IDLE = 0.3333333333333333
MONITOR: ACTIVE SIZE = 15, AVG IDLE = 0.3333333333333333
MONITOR: ACTIVE SIZE = 15, AVG IDLE = 1516.6666666666667
MONITOR: ACTIVE SIZE = 15, AVG IDLE = 1517.6666666666667
MONITOR: ACTIVE SIZE = 15, AVG IDLE = 1518.6666666666667
MONITOR: ACTIVE SIZE = 15, AVG IDLE = 1519.6666666666667
MONITOR: ACTIVE SIZE = 15, AVG IDLE = 1407.9333333333334
MONITOR: ACTIVE SIZE = 15, AVG IDLE = 1277.6
MONITOR: ACTIVE SIZE = 15, AVG IDLE = 1053.4666666666667
MONITOR: ACTIVE SIZE = 15, AVG IDLE = 947.0666666666667
MONITOR: ACTIVE SIZE = 15, AVG IDLE = 948.0666666666667
MONITOR: ACTIVE SIZE = 15, AVG IDLE = 846.8666666666667
MONITOR: ACTIVE SIZE = 15, AVG IDLE = 643.4
MONITOR: ACTIVE SIZE = 15, AVG IDLE = 548.8
MONITOR: ACTIVE SIZE = 15, AVG IDLE = 455.8666666666667
MONITOR: ACTIVE SIZE = 15, AVG IDLE = 365.6666666666667
MONITOR: ACTIVE SIZE = 15, AVG IDLE = 277.6666666666667
MONITOR: ACTIVE SIZE = 15, AVG IDLE = 66.2
MONITOR: ACTIVE SIZE = 15, AVG IDLE = 68.2
MONITOR: ACTIVE SIZE = 15, AVG IDLE = 69.2
MONITOR: ACTIVE SIZE = 15, AVG IDLE = 60.93333333333333
MONITOR: ACTIVE SIZE = 15, AVG IDLE = 56.8
MONITOR: ACTIVE SIZE = 15, AVG IDLE = 57.8
MONITOR: ACTIVE SIZE = 15, AVG IDLE = 53.53333333333333
MONITOR: ACTIVE SIZE = 15, AVG IDLE = 49.333333333333336
MONITOR: ACTIVE SIZE = 15, AVG IDLE = 40.93333333333333
MONITOR: ACTIVE SIZE = 15, AVG IDLE = 41.93333333333333
MONITOR: ACTIVE SIZE = 15, AVG IDLE = 37.666666666666664
MONITOR: ACTIVE SIZE = 15, AVG IDLE = 29.066666666666666
MONITOR: ACTIVE SIZE = 15, AVG IDLE = 30.066666666666666
MONITOR: ACTIVE SIZE = 15, AVG IDLE = 31.066666666666666
MONITOR: ACTIVE SIZE = 15, AVG IDLE = 21.466666666666665
MONITOR: ACTIVE SIZE = 15, AVG IDLE = 84.8
MONITOR: ACTIVE SIZE = 15, AVG IDLE = 85.8
MONITOR: ACTIVE SIZE = 15, AVG IDLE = 86.8
MONITOR: ACTIVE SIZE = 15, AVG IDLE = 82.4
MONITOR: ACTIVE SIZE = 15, AVG IDLE = 77.53333333333333
MONITOR: ACTIVE SIZE = 15, AVG IDLE = 78.53333333333333
MONITOR: ACTIVE SIZE = 15, AVG IDLE = 72.53333333333333
MONITOR: ACTIVE SIZE = 15, AVG IDLE = 60.53333333333333
MONITOR: ACTIVE SIZE = 15, AVG IDLE = 54.53333333333333
MONITOR: ACTIVE SIZE = 15, AVG IDLE = 49.6
MONITOR: ACTIVE SIZE = 15, AVG IDLE = 50.6
MONITOR: ACTIVE SIZE = 15, AVG IDLE = 38.666666666666664
MONITOR: ACTIVE SIZE = 15, AVG IDLE = 39.666666666666664
MONITOR: ACTIVE SIZE = 15, AVG IDLE = 33.8
MONITOR: ACTIVE SIZE = 15, AVG IDLE = 20.866666666666667
MONITOR: ACTIVE SIZE = 15, AVG IDLE = 90.0
MONITOR: ACTIVE SIZE = 15, AVG IDLE = 91.0
MONITOR: ACTIVE SIZE = 15, AVG IDLE = 92.0
MONITOR: ACTIVE SIZE = 15, AVG IDLE = 80.0
MONITOR: ACTIVE SIZE = 15, AVG IDLE = 74.2
MONITOR: ACTIVE SIZE = 15, AVG IDLE = 69.53333333333333
MONITOR: ACTIVE SIZE = 15, AVG IDLE = 63.86666666666667
MONITOR: ACTIVE SIZE = 15, AVG IDLE = 58.13333333333333
MONITOR: ACTIVE SIZE = 15, AVG IDLE = 59.13333333333333
MONITOR: ACTIVE SIZE = 15, AVG IDLE = 60.13333333333333
MONITOR: ACTIVE SIZE = 15, AVG IDLE = 40.8
MONITOR: ACTIVE SIZE = 15, AVG IDLE = 42.8
MONITOR: ACTIVE SIZE = 15, AVG IDLE = 30.4
MONITOR: ACTIVE SIZE = 15, AVG IDLE = 31.4
MONITOR: ACTIVE SIZE = 15, AVG IDLE = 26.666666666666668
MONITOR: ACTIVE SIZE = 14, AVG IDLE = 4171.533333333334
MONITOR: ACTIVE SIZE = 13, AVG IDLE = 4171.857142857143
MONITOR: ACTIVE SIZE = 12, AVG IDLE = 4172.2307692307695
MONITOR: ACTIVE SIZE = 11, AVG IDLE = 4172.583333333333
MONITOR: ACTIVE SIZE = 10, AVG IDLE = 3413.090909090909
MONITOR: ACTIVE SIZE = 9, AVG IDLE = 2921.3
MONITOR: ACTIVE SIZE = 8, AVG IDLE = 2319.6666666666665
MONITOR: ACTIVE SIZE = 9, AVG IDLE = 1047.0
MONITOR: ACTIVE SIZE = 10, AVG IDLE = 1395.6666666666667
MONITOR: ACTIVE SIZE = 11, AVG IDLE = 1257.1
MONITOR: ACTIVE SIZE = 12, AVG IDLE = 1144.7272727272727
MONITOR: ACTIVE SIZE = 13, AVG IDLE = 1050.3333333333333
MONITOR: ACTIVE SIZE = 14, AVG IDLE = 970.5384615384615
MONITOR: ACTIVE SIZE = 15, AVG IDLE = 903.1428571428571
MONITOR: ACTIVE SIZE = 15, AVG IDLE = 565.8
MONITOR: ACTIVE SIZE = 15, AVG IDLE = 50.4
MONITOR: ACTIVE SIZE = 15, AVG IDLE = 51.4
MONITOR: ACTIVE SIZE = 15, AVG IDLE = 52.4
MONITOR: ACTIVE SIZE = 15, AVG IDLE = 46.0
MONITOR: ACTIVE SIZE = 15, AVG IDLE = 50.266666666666666
MONITOR: ACTIVE SIZE = 15, AVG IDLE = 46.6
MONITOR: ACTIVE SIZE = 15, AVG IDLE = 42.86666666666667
MONITOR: ACTIVE SIZE = 15, AVG IDLE = 40.2
MONITOR: ACTIVE SIZE = 15, AVG IDLE = 36.53333333333333
MONITOR: ACTIVE SIZE = 15, AVG IDLE = 32.93333333333333
MONITOR: ACTIVE SIZE = 15, AVG IDLE = 29.333333333333332
MONITOR: ACTIVE SIZE = 15, AVG IDLE = 27.733333333333334
MONITOR: ACTIVE SIZE = 15, AVG IDLE = 30.133333333333333
MONITOR: ACTIVE SIZE = 15, AVG IDLE = 28.133333333333333
MONITOR: ACTIVE SIZE = 15, AVG IDLE = 30.4
MONITOR: ACTIVE SIZE = 15, AVG IDLE = 31.2
MONITOR: ACTIVE SIZE = 15, AVG IDLE = 32.2
MONITOR: ACTIVE SIZE = 15, AVG IDLE = 33.0
MONITOR: ACTIVE SIZE = 15, AVG IDLE = 33.53333333333333
MONITOR: ACTIVE SIZE = 15, AVG IDLE = 34.4
MONITOR: ACTIVE SIZE = 15, AVG IDLE = 35.4
MONITOR: ACTIVE SIZE = 15, AVG IDLE = 37.13333333333333
MONITOR: ACTIVE SIZE = 15, AVG IDLE = 37.93333333333333
MONITOR: ACTIVE SIZE = 15, AVG IDLE = 38.13333333333333
MONITOR: ACTIVE SIZE = 15, AVG IDLE = 38.86666666666667
MONITOR: ACTIVE SIZE = 15, AVG IDLE = 34.53333333333333
MONITOR: ACTIVE SIZE = 14, AVG IDLE = 3938.8
MONITOR: ACTIVE SIZE = 13, AVG IDLE = 3937.8571428571427
MONITOR: ACTIVE SIZE = 12, AVG IDLE = 3936.6153846153848
MONITOR: ACTIVE SIZE = 11, AVG IDLE = 3935.75
MONITOR: ACTIVE SIZE = 10, AVG IDLE = 3216.090909090909
MONITOR: ACTIVE SIZE = 9, AVG IDLE = 2360.0
MONITOR: ACTIVE SIZE = 8, AVG IDLE = 2185.1111111111113
MONITOR: ACTIVE SIZE = 9, AVG IDLE = 1967.625
MONITOR: ACTIVE SIZE = 8, AVG IDLE = 2187.1111111111113
MONITOR: ACTIVE SIZE = 7, AVG IDLE = 3492.25
MONITOR: ACTIVE SIZE = 6, AVG IDLE = 3490.5714285714284
MONITOR: ACTIVE SIZE = 5, AVG IDLE = 3488.0
MONITOR: ACTIVE SIZE = 4, AVG IDLE = 2784.6
MONITOR: ACTIVE SIZE = 3, AVG IDLE = 3180.5
MONITOR: ACTIVE SIZE = 2, AVG IDLE = 3181.0
MONITOR: ACTIVE SIZE = 3, AVG IDLE = 25.0
MONITOR: ACTIVE SIZE = 4, AVG IDLE = 1086.6666666666667
MONITOR: ACTIVE SIZE = 5, AVG IDLE = 1618.25
MONITOR: ACTIVE SIZE = 4, AVG IDLE = 2622.2
MONITOR: ACTIVE SIZE = 5, AVG IDLE = 29.0
MONITOR: ACTIVE SIZE = 6, AVG IDLE = 1366.4
MONITOR: ACTIVE SIZE = 5, AVG IDLE = 2259.8333333333335
MONITOR: ACTIVE SIZE = 6, AVG IDLE = 1361.6
MONITOR: ACTIVE SIZE = 5, AVG IDLE = 2250.5
MONITOR: ACTIVE SIZE = 6, AVG IDLE = 26.8
MONITOR: ACTIVE SIZE = 7, AVG IDLE = 1147.0
MONITOR: ACTIVE SIZE = 8, AVG IDLE = 1948.7142857142858
MONITOR: ACTIVE SIZE = 7, AVG IDLE = 2548.25
MONITOR: ACTIVE SIZE = 8, AVG IDLE = 1937.5714285714287
MONITOR: ACTIVE SIZE = 7, AVG IDLE = 2542.5
MONITOR: ACTIVE SIZE = 8, AVG IDLE = 1931.4285714285713
MONITOR: ACTIVE SIZE = 9, AVG IDLE = 1690.875
MONITOR: ACTIVE SIZE = 8, AVG IDLE = 2256.5555555555557
MONITOR: ACTIVE SIZE = 9, AVG IDLE = 35.625
MONITOR: ACTIVE SIZE = 10, AVG IDLE = 37.44444444444444
MONITOR: ACTIVE SIZE = 11, AVG IDLE = 1109.6
MONITOR: ACTIVE SIZE = 12, AVG IDLE = 1983.5454545454545
MONITOR: ACTIVE SIZE = 11, AVG IDLE = 2709.1666666666665
MONITOR: ACTIVE SIZE = 12, AVG IDLE = 1974.090909090909
MONITOR: ACTIVE SIZE = 11, AVG IDLE = 2703.6666666666665
MONITOR: ACTIVE SIZE = 12, AVG IDLE = 1968.909090909091
MONITOR: ACTIVE SIZE = 11, AVG IDLE = 2701.9166666666665
MONITOR: ACTIVE SIZE = 12, AVG IDLE = 1962.8181818181818
MONITOR: ACTIVE SIZE = 11, AVG IDLE = 2697.5
MONITOR: ACTIVE SIZE = 12, AVG IDLE = 35.36363636363637
MONITOR: ACTIVE SIZE = 13, AVG IDLE = 933.75
MONITOR: ACTIVE SIZE = 14, AVG IDLE = 1690.5384615384614
MONITOR: ACTIVE SIZE = 13, AVG IDLE = 2343.4285714285716
MONITOR: ACTIVE SIZE = 14, AVG IDLE = 1686.6153846153845
MONITOR: ACTIVE SIZE = 13, AVG IDLE = 2335.785714285714
MONITOR: ACTIVE SIZE = 14, AVG IDLE = 1682.6923076923076
MONITOR: ACTIVE SIZE = 13, AVG IDLE = 2334.5714285714284
MONITOR: ACTIVE SIZE = 14, AVG IDLE = 1683.6153846153845
MONITOR: ACTIVE SIZE = 13, AVG IDLE = 2334.285714285714
MONITOR: ACTIVE SIZE = 14, AVG IDLE = 1678.7692307692307
MONITOR: ACTIVE SIZE = 13, AVG IDLE = 2329.0
MONITOR: ACTIVE SIZE = 14, AVG IDLE = 1679.3846153846155
MONITOR: ACTIVE SIZE = 15, AVG IDLE = 1560.357142857143
MONITOR: ACTIVE SIZE = 15, AVG IDLE = 1460.2666666666667
MONITOR: ACTIVE SIZE = 15, AVG IDLE = 51.0
MONITOR: ACTIVE SIZE = 15, AVG IDLE = 52.0
MONITOR: ACTIVE SIZE = 15, AVG IDLE = 53.0
MONITOR: ACTIVE SIZE = 15, AVG IDLE = 45.733333333333334
MONITOR: ACTIVE SIZE = 15, AVG IDLE = 47.733333333333334
MONITOR: ACTIVE SIZE = 15, AVG IDLE = 40.46666666666667
MONITOR: ACTIVE SIZE = 15, AVG IDLE = 36.8
MONITOR: ACTIVE SIZE = 15, AVG IDLE = 37.8
MONITOR: ACTIVE SIZE = 15, AVG IDLE = 34.2
MONITOR: ACTIVE SIZE = 15, AVG IDLE = 26.4
MONITOR: ACTIVE SIZE = 15, AVG IDLE = 24.133333333333333
MONITOR: ACTIVE SIZE = 15, AVG IDLE = 21.933333333333334
MONITOR: ACTIVE SIZE = 15, AVG IDLE = 19.133333333333333
MONITOR: ACTIVE SIZE = 15, AVG IDLE = 17.333333333333332
MONITOR: ACTIVE SIZE = 15, AVG IDLE = 25.533333333333335
MONITOR: ACTIVE SIZE = 14, AVG IDLE = 5102.666666666667
MONITOR: ACTIVE SIZE = 13, AVG IDLE = 5102.928571428572
MONITOR: ACTIVE SIZE = 12, AVG IDLE = 5103.076923076923
MONITOR: ACTIVE SIZE = 11, AVG IDLE = 4677.25
MONITOR: ACTIVE SIZE = 10, AVG IDLE = 4174.363636363636
MONITOR: ACTIVE SIZE = 9, AVG IDLE = 3061.0
MONITOR: ACTIVE SIZE = 8, AVG IDLE = 2267.0
MONITOR: ACTIVE SIZE = 9, AVG IDLE = 1274.875
MONITOR: ACTIVE SIZE = 10, AVG IDLE = 1702.5555555555557
MONITOR: ACTIVE SIZE = 11, AVG IDLE = 1533.3
MONITOR: ACTIVE SIZE = 12, AVG IDLE = 931.3636363636364
MONITOR: ACTIVE SIZE = 13, AVG IDLE = 1280.6666666666667
MONITOR: ACTIVE SIZE = 14, AVG IDLE = 1183.1538461538462
MONITOR: ACTIVE SIZE = 15, AVG IDLE = 1464.9285714285713
MONITOR: ACTIVE SIZE = 15, AVG IDLE = 1710.4
MONITOR: ACTIVE SIZE = 14, AVG IDLE = 4712.4
MONITOR: ACTIVE SIZE = 13, AVG IDLE = 4712.571428571428
MONITOR: ACTIVE SIZE = 12, AVG IDLE = 4712.615384615385
MONITOR: ACTIVE SIZE = 11, AVG IDLE = 4319.083333333333
MONITOR: ACTIVE SIZE = 10, AVG IDLE = 3855.0
MONITOR: ACTIVE SIZE = 9, AVG IDLE = 3297.2
MONITOR: ACTIVE SIZE = 8, AVG IDLE = 2092.5555555555557
MONITOR: ACTIVE SIZE = 9, AVG IDLE = 1767.875
MONITOR: ACTIVE SIZE = 10, AVG IDLE = 1049.2222222222222
MONITOR: ACTIVE SIZE = 11, AVG IDLE = 946.1
MONITOR: ACTIVE SIZE = 12, AVG IDLE = 861.0
MONITOR: ACTIVE SIZE = 13, AVG IDLE = 1183.9166666666667
MONITOR: ACTIVE SIZE = 14, AVG IDLE = 1093.8461538461538
MONITOR: ACTIVE SIZE = 15, AVG IDLE = 1016.7142857142857
MONITOR: ACTIVE SIZE = 15, AVG IDLE = 1265.4
MONITOR: ACTIVE SIZE = 14, AVG IDLE = 3779.3333333333335
MONITOR: ACTIVE SIZE = 13, AVG IDLE = 3779.5714285714284
MONITOR: ACTIVE SIZE = 12, AVG IDLE = 3779.846153846154
MONITOR: ACTIVE SIZE = 11, AVG IDLE = 3464.5
MONITOR: ACTIVE SIZE = 10, AVG IDLE = 3091.909090909091
MONITOR: ACTIVE SIZE = 9, AVG IDLE = 2644.1
MONITOR: ACTIVE SIZE = 8, AVG IDLE = 2100.222222222222
MONITOR: ACTIVE SIZE = 9, AVG IDLE = 960.125
MONITOR: ACTIVE SIZE = 10, AVG IDLE = 1276.2222222222222
MONITOR: ACTIVE SIZE = 11, AVG IDLE = 1150.5
MONITOR: ACTIVE SIZE = 12, AVG IDLE = 1392.1818181818182
MONITOR: ACTIVE SIZE = 13, AVG IDLE = 1604.1666666666667
MONITOR: ACTIVE SIZE = 14, AVG IDLE = 1774.3846153846155
MONITOR: ACTIVE SIZE = 15, AVG IDLE = 1921.2857142857142
MONITOR: ACTIVE SIZE = 15, AVG IDLE = 1540.4
MONITOR: ACTIVE SIZE = 15, AVG IDLE = 1540.4
MONITOR: ACTIVE SIZE = 15, AVG IDLE = 1287.6666666666667
MONITOR: ACTIVE SIZE = 15, AVG IDLE = 1033.7333333333333
MONITOR: ACTIVE SIZE = 15, AVG IDLE = 780.0666666666667
MONITOR: ACTIVE SIZE = 15, AVG IDLE = 526.4
MONITOR: ACTIVE SIZE = 15, AVG IDLE = 56.733333333333334
MONITOR: ACTIVE SIZE = 15, AVG IDLE = 57.733333333333334
MONITOR: ACTIVE SIZE = 15, AVG IDLE = 54.86666666666667
MONITOR: ACTIVE SIZE = 15, AVG IDLE = 47.06666666666667
MONITOR: ACTIVE SIZE = 15, AVG IDLE = 48.06666666666667
MONITOR: ACTIVE SIZE = 15, AVG IDLE = 49.06666666666667
MONITOR: ACTIVE SIZE = 15, AVG IDLE = 43.06666666666667
MONITOR: ACTIVE SIZE = 15, AVG IDLE = 37.93333333333333
MONITOR: ACTIVE SIZE = 15, AVG IDLE = 38.93333333333333
MONITOR: ACTIVE SIZE = 15, AVG IDLE = 30.866666666666667
MONITOR: ACTIVE SIZE = 15, AVG IDLE = 28.0
MONITOR: ACTIVE SIZE = 15, AVG IDLE = 29.0
MONITOR: ACTIVE SIZE = 15, AVG IDLE = 26.133333333333333
MONITOR: ACTIVE SIZE = 15, AVG IDLE = 27.133333333333333
MONITOR: ACTIVE SIZE = 15, AVG IDLE = 24.2
MONITOR: ACTIVE SIZE = 15, AVG IDLE = 44.46666666666667
MONITOR: ACTIVE SIZE = 15, AVG IDLE = 45.46666666666667
MONITOR: ACTIVE SIZE = 15, AVG IDLE = 46.46666666666667
MONITOR: ACTIVE SIZE = 15, AVG IDLE = 43.6
MONITOR: ACTIVE SIZE = 15, AVG IDLE = 40.733333333333334
MONITOR: ACTIVE SIZE = 15, AVG IDLE = 36.93333333333333
MONITOR: ACTIVE SIZE = 15, AVG IDLE = 37.93333333333333
MONITOR: ACTIVE SIZE = 15, AVG IDLE = 31.666666666666668
MONITOR: ACTIVE SIZE = 15, AVG IDLE = 29.133333333333333
MONITOR: ACTIVE SIZE = 15, AVG IDLE = 30.133333333333333
MONITOR: ACTIVE SIZE = 15, AVG IDLE = 31.133333333333333
MONITOR: ACTIVE SIZE = 15, AVG IDLE = 32.13333333333333
MONITOR: ACTIVE SIZE = 15, AVG IDLE = 32.13333333333333
MONITOR: ACTIVE SIZE = 15, AVG IDLE = 25.533333333333335
MONITOR: ACTIVE SIZE = 15, AVG IDLE = 11.333333333333334
MONITOR: ACTIVE SIZE = 15, AVG IDLE = 54.733333333333334
MONITOR: ACTIVE SIZE = 15, AVG IDLE = 55.733333333333334
MONITOR: ACTIVE SIZE = 15, AVG IDLE = 57.733333333333334
MONITOR: ACTIVE SIZE = 15, AVG IDLE = 54.333333333333336
MONITOR: ACTIVE SIZE = 15, AVG IDLE = 50.86666666666667
MONITOR: ACTIVE SIZE = 15, AVG IDLE = 51.86666666666667
MONITOR: ACTIVE SIZE = 15, AVG IDLE = 44.0
MONITOR: ACTIVE SIZE = 15, AVG IDLE = 45.0
MONITOR: ACTIVE SIZE = 15, AVG IDLE = 41.53333333333333
MONITOR: ACTIVE SIZE = 15, AVG IDLE = 33.733333333333334
MONITOR: ACTIVE SIZE = 15, AVG IDLE = 27.066666666666666
MONITOR: ACTIVE SIZE = 15, AVG IDLE = 28.066666666666666
MONITOR: ACTIVE SIZE = 15, AVG IDLE = 29.066666666666666
MONITOR: ACTIVE SIZE = 15, AVG IDLE = 16.733333333333334
MONITOR: ACTIVE SIZE = 15, AVG IDLE = 18.733333333333334
MONITOR: ACTIVE SIZE = 15, AVG IDLE = 103.13333333333334
MONITOR: ACTIVE SIZE = 15, AVG IDLE = 104.13333333333334
MONITOR: ACTIVE SIZE = 15, AVG IDLE = 104.13333333333334
MONITOR: ACTIVE SIZE = 15, AVG IDLE = 97.53333333333333
MONITOR: ACTIVE SIZE = 15, AVG IDLE = 91.0
MONITOR: ACTIVE SIZE = 15, AVG IDLE = 92.0
MONITOR: ACTIVE SIZE = 15, AVG IDLE = 85.46666666666667
MONITOR: ACTIVE SIZE = 15, AVG IDLE = 78.86666666666666
MONITOR: ACTIVE SIZE = 15, AVG IDLE = 64.93333333333334
MONITOR: ACTIVE SIZE = 15, AVG IDLE = 65.93333333333334
MONITOR: ACTIVE SIZE = 15, AVG IDLE = 59.46666666666667
MONITOR: ACTIVE SIZE = 15, AVG IDLE = 59.46666666666667
MONITOR: ACTIVE SIZE = 15, AVG IDLE = 60.46666666666667
MONITOR: ACTIVE SIZE = 15, AVG IDLE = 53.733333333333334
MONITOR: ACTIVE SIZE = 15, AVG IDLE = 55.733333333333334
MONITOR: ACTIVE SIZE = 15, AVG IDLE = 53.266666666666666
MONITOR: ACTIVE SIZE = 15, AVG IDLE = 54.266666666666666
MONITOR: ACTIVE SIZE = 15, AVG IDLE = 55.266666666666666
MONITOR: ACTIVE SIZE = 15, AVG IDLE = 51.733333333333334
MONITOR: ACTIVE SIZE = 15, AVG IDLE = 52.733333333333334
MONITOR: ACTIVE SIZE = 15, AVG IDLE = 49.266666666666666
MONITOR: ACTIVE SIZE = 15, AVG IDLE = 45.86666666666667
MONITOR: ACTIVE SIZE = 15, AVG IDLE = 42.4
MONITOR: ACTIVE SIZE = 15, AVG IDLE = 35.53333333333333
MONITOR: ACTIVE SIZE = 15, AVG IDLE = 36.53333333333333
MONITOR: ACTIVE SIZE = 15, AVG IDLE = 25.2
MONITOR: ACTIVE SIZE = 15, AVG IDLE = 27.4
MONITOR: ACTIVE SIZE = 15, AVG IDLE = 29.4
MONITOR: ACTIVE SIZE = 15, AVG IDLE = 30.4
MONITOR: ACTIVE SIZE = 15, AVG IDLE = 27.8
MONITOR: ACTIVE SIZE = 15, AVG IDLE = 115.13333333333334
MONITOR: ACTIVE SIZE = 15, AVG IDLE = 116.13333333333334
MONITOR: ACTIVE SIZE = 15, AVG IDLE = 117.13333333333334
MONITOR: ACTIVE SIZE = 15, AVG IDLE = 110.53333333333333
MONITOR: ACTIVE SIZE = 15, AVG IDLE = 94.73333333333333
MONITOR: ACTIVE SIZE = 15, AVG IDLE = 95.73333333333333
MONITOR: ACTIVE SIZE = 15, AVG IDLE = 88.06666666666666
MONITOR: ACTIVE SIZE = 15, AVG IDLE = 80.4
MONITOR: ACTIVE SIZE = 15, AVG IDLE = 71.8
MONITOR: ACTIVE SIZE = 15, AVG IDLE = 57.53333333333333
MONITOR: ACTIVE SIZE = 15, AVG IDLE = 60.53333333333333
MONITOR: ACTIVE SIZE = 15, AVG IDLE = 52.666666666666664
MONITOR: ACTIVE SIZE = 15, AVG IDLE = 45.8
MONITOR: ACTIVE SIZE = 15, AVG IDLE = 38.733333333333334
MONITOR: ACTIVE SIZE = 15, AVG IDLE = 24.066666666666666
MONITOR: ACTIVE SIZE = 15, AVG IDLE = 113.66666666666667
MONITOR: ACTIVE SIZE = 15, AVG IDLE = 114.66666666666667
MONITOR: ACTIVE SIZE = 15, AVG IDLE = 115.66666666666667
MONITOR: ACTIVE SIZE = 15, AVG IDLE = 110.26666666666667
MONITOR: ACTIVE SIZE = 15, AVG IDLE = 97.2
MONITOR: ACTIVE SIZE = 15, AVG IDLE = 90.6
MONITOR: ACTIVE SIZE = 15, AVG IDLE = 91.6
MONITOR: ACTIVE SIZE = 15, AVG IDLE = 83.86666666666666
MONITOR: ACTIVE SIZE = 15, AVG IDLE = 67.4
MONITOR: ACTIVE SIZE = 15, AVG IDLE = 68.4
MONITOR: ACTIVE SIZE = 15, AVG IDLE = 60.6
MONITOR: ACTIVE SIZE = 15, AVG IDLE = 61.6
MONITOR: ACTIVE SIZE = 15, AVG IDLE = 62.6
MONITOR: ACTIVE SIZE = 15, AVG IDLE = 54.93333333333333
MONITOR: ACTIVE SIZE = 15, AVG IDLE = 34.4
MONITOR: ACTIVE SIZE = 15, AVG IDLE = 27.533333333333335
MONITOR: ACTIVE SIZE = 15, AVG IDLE = 53.93333333333333
MONITOR: ACTIVE SIZE = 15, AVG IDLE = 54.93333333333333
MONITOR: ACTIVE SIZE = 15, AVG IDLE = 56.93333333333333
MONITOR: ACTIVE SIZE = 15, AVG IDLE = 49.53333333333333
MONITOR: ACTIVE SIZE = 15, AVG IDLE = 45.86666666666667
MONITOR: ACTIVE SIZE = 15, AVG IDLE = 46.86666666666667
MONITOR: ACTIVE SIZE = 15, AVG IDLE = 38.8
MONITOR: ACTIVE SIZE = 15, AVG IDLE = 35.333333333333336
MONITOR: ACTIVE SIZE = 15, AVG IDLE = 36.333333333333336
MONITOR: ACTIVE SIZE = 15, AVG IDLE = 32.86666666666667
MONITOR: ACTIVE SIZE = 15, AVG IDLE = 32.86666666666667
MONITOR: ACTIVE SIZE = 15, AVG IDLE = 25.133333333333333
MONITOR: ACTIVE SIZE = 15, AVG IDLE = 26.133333333333333
MONITOR: ACTIVE SIZE = 15, AVG IDLE = 27.133333333333333
MONITOR: ACTIVE SIZE = 15, AVG IDLE = 28.133333333333333
MONITOR: ACTIVE SIZE = 15, AVG IDLE = 66.26666666666667
MONITOR: ACTIVE SIZE = 15, AVG IDLE = 67.26666666666667
MONITOR: ACTIVE SIZE = 15, AVG IDLE = 68.26666666666667
MONITOR: ACTIVE SIZE = 15, AVG IDLE = 61.666666666666664
MONITOR: ACTIVE SIZE = 15, AVG IDLE = 59.2
MONITOR: ACTIVE SIZE = 15, AVG IDLE = 61.2
MONITOR: ACTIVE SIZE = 15, AVG IDLE = 52.0
MONITOR: ACTIVE SIZE = 15, AVG IDLE = 53.0
MONITOR: ACTIVE SIZE = 15, AVG IDLE = 42.666666666666664
MONITOR: ACTIVE SIZE = 15, AVG IDLE = 38.06666666666667
MONITOR: ACTIVE SIZE = 15, AVG IDLE = 34.333333333333336
MONITOR: ACTIVE SIZE = 15, AVG IDLE = 35.333333333333336
MONITOR: ACTIVE SIZE = 15, AVG IDLE = 31.133333333333333
MONITOR: ACTIVE SIZE = 15, AVG IDLE = 32.13333333333333
MONITOR: ACTIVE SIZE = 15, AVG IDLE = 33.13333333333333
MONITOR: ACTIVE SIZE = 15, AVG IDLE = 123.73333333333333
MONITOR: ACTIVE SIZE = 15, AVG IDLE = 124.73333333333333
MONITOR: ACTIVE SIZE = 15, AVG IDLE = 125.73333333333333
MONITOR: ACTIVE SIZE = 15, AVG IDLE = 118.4
MONITOR: ACTIVE SIZE = 15, AVG IDLE = 118.4
MONITOR: ACTIVE SIZE = 15, AVG IDLE = 101.93333333333334
MONITOR: ACTIVE SIZE = 15, AVG IDLE = 86.73333333333333
MONITOR: ACTIVE SIZE = 15, AVG IDLE = 78.73333333333333
MONITOR: ACTIVE SIZE = 15, AVG IDLE = 78.73333333333333
MONITOR: ACTIVE SIZE = 15, AVG IDLE = 70.66666666666667
MONITOR: ACTIVE SIZE = 15, AVG IDLE = 62.666666666666664
MONITOR: ACTIVE SIZE = 15, AVG IDLE = 54.733333333333334
MONITOR: ACTIVE SIZE = 15, AVG IDLE = 46.8
MONITOR: ACTIVE SIZE = 15, AVG IDLE = 39.0
MONITOR: ACTIVE SIZE = 15, AVG IDLE = 30.2
MONITOR: ACTIVE SIZE = 15, AVG IDLE = 168.93333333333334
MONITOR: ACTIVE SIZE = 15, AVG IDLE = 169.93333333333334
MONITOR: ACTIVE SIZE = 15, AVG IDLE = 170.93333333333334
MONITOR: ACTIVE SIZE = 15, AVG IDLE = 159.86666666666667
MONITOR: ACTIVE SIZE = 15, AVG IDLE = 148.93333333333334
MONITOR: ACTIVE SIZE = 15, AVG IDLE = 149.93333333333334
MONITOR: ACTIVE SIZE = 15, AVG IDLE = 139.13333333333333
MONITOR: ACTIVE SIZE = 15, AVG IDLE = 128.26666666666668
MONITOR: ACTIVE SIZE = 15, AVG IDLE = 116.4
MONITOR: ACTIVE SIZE = 15, AVG IDLE = 105.6
MONITOR: ACTIVE SIZE = 15, AVG IDLE = 71.66666666666667
MONITOR: ACTIVE SIZE = 15, AVG IDLE = 50.0
MONITOR: ACTIVE SIZE = 15, AVG IDLE = 50.0
MONITOR: ACTIVE SIZE = 15, AVG IDLE = 52.0
MONITOR: ACTIVE SIZE = 15, AVG IDLE = 38.266666666666666
MONITOR: ACTIVE SIZE = 15, AVG IDLE = 185.86666666666667
MONITOR: ACTIVE SIZE = 15, AVG IDLE = 186.86666666666667
MONITOR: ACTIVE SIZE = 15, AVG IDLE = 187.86666666666667
MONITOR: ACTIVE SIZE = 15, AVG IDLE = 175.73333333333332
MONITOR: ACTIVE SIZE = 15, AVG IDLE = 163.6
MONITOR: ACTIVE SIZE = 15, AVG IDLE = 151.73333333333332
MONITOR: ACTIVE SIZE = 15, AVG IDLE = 139.6
MONITOR: ACTIVE SIZE = 15, AVG IDLE = 127.46666666666667
MONITOR: ACTIVE SIZE = 15, AVG IDLE = 115.26666666666667
MONITOR: ACTIVE SIZE = 15, AVG IDLE = 91.93333333333334
MONITOR: ACTIVE SIZE = 15, AVG IDLE = 92.93333333333334
MONITOR: ACTIVE SIZE = 15, AVG IDLE = 69.26666666666667
MONITOR: ACTIVE SIZE = 15, AVG IDLE = 58.8
MONITOR: ACTIVE SIZE = 15, AVG IDLE = 47.333333333333336
MONITOR: ACTIVE SIZE = 15, AVG IDLE = 35.8
MONITOR: ACTIVE SIZE = 15, AVG IDLE = 137.13333333333333
MONITOR: ACTIVE SIZE = 15, AVG IDLE = 138.13333333333333
MONITOR: ACTIVE SIZE = 15, AVG IDLE = 139.13333333333333
MONITOR: ACTIVE SIZE = 15, AVG IDLE = 140.13333333333333
MONITOR: ACTIVE SIZE = 15, AVG IDLE = 132.2
MONITOR: ACTIVE SIZE = 15, AVG IDLE = 105.06666666666666
MONITOR: ACTIVE SIZE = 15, AVG IDLE = 96.93333333333334
MONITOR: ACTIVE SIZE = 15, AVG IDLE = 97.93333333333334
MONITOR: ACTIVE SIZE = 15, AVG IDLE = 80.53333333333333
MONITOR: ACTIVE SIZE = 15, AVG IDLE = 71.2
MONITOR: ACTIVE SIZE = 15, AVG IDLE = 63.0
MONITOR: ACTIVE SIZE = 15, AVG IDLE = 64.0
MONITOR: ACTIVE SIZE = 15, AVG IDLE = 45.666666666666664
MONITOR: ACTIVE SIZE = 15, AVG IDLE = 37.6
MONITOR: ACTIVE SIZE = 15, AVG IDLE = 30.466666666666665
MONITOR: ACTIVE SIZE = 15, AVG IDLE = 106.06666666666666
MONITOR: ACTIVE SIZE = 15, AVG IDLE = 107.06666666666666
MONITOR: ACTIVE SIZE = 15, AVG IDLE = 108.06666666666666
MONITOR: ACTIVE SIZE = 15, AVG IDLE = 102.26666666666667
MONITOR: ACTIVE SIZE = 15, AVG IDLE = 88.13333333333334
MONITOR: ACTIVE SIZE = 15, AVG IDLE = 89.13333333333334
MONITOR: ACTIVE SIZE = 15, AVG IDLE = 75.06666666666666
MONITOR: ACTIVE SIZE = 15, AVG IDLE = 69.13333333333334
MONITOR: ACTIVE SIZE = 15, AVG IDLE = 70.13333333333334
MONITOR: ACTIVE SIZE = 15, AVG IDLE = 56.2
MONITOR: ACTIVE SIZE = 15, AVG IDLE = 50.2
MONITOR: ACTIVE SIZE = 15, AVG IDLE = 44.2
MONITOR: ACTIVE SIZE = 15, AVG IDLE = 45.2
MONITOR: ACTIVE SIZE = 15, AVG IDLE = 39.06666666666667
MONITOR: ACTIVE SIZE = 15, AVG IDLE = 26.133333333333333
MONITOR: ACTIVE SIZE = 15, AVG IDLE = 100.13333333333334
MONITOR: ACTIVE SIZE = 15, AVG IDLE = 101.13333333333334
MONITOR: ACTIVE SIZE = 15, AVG IDLE = 102.13333333333334
MONITOR: ACTIVE SIZE = 15, AVG IDLE = 103.13333333333334
MONITOR: ACTIVE SIZE = 15, AVG IDLE = 103.13333333333334
MONITOR: ACTIVE SIZE = 15, AVG IDLE = 104.13333333333334
MONITOR: ACTIVE SIZE = 15, AVG IDLE = 105.13333333333334
MONITOR: ACTIVE SIZE = 15, AVG IDLE = 106.13333333333334
MONITOR: ACTIVE SIZE = 15, AVG IDLE = 107.13333333333334
MONITOR: ACTIVE SIZE = 15, AVG IDLE = 108.13333333333334
MONITOR: ACTIVE SIZE = 15, AVG IDLE = 109.13333333333334
MONITOR: ACTIVE SIZE = 15, AVG IDLE = 110.13333333333334
MONITOR: ACTIVE SIZE = 15, AVG IDLE = 110.13333333333334
MONITOR: ACTIVE SIZE = 15, AVG IDLE = 111.13333333333334
MONITOR: ACTIVE SIZE = 15, AVG IDLE = 112.13333333333334
MONITOR: ACTIVE SIZE = 14, AVG IDLE = 2795.133333333333
NEW ELAPSED TIME: 35.54228
NEW ELAPSED TOTAL CPU TIME: 279.58383
---------------------------------
All experiments completed!
