dyn_auto_multi : running with 16 processors
RUN ARGS: 
Namespace(attr=None, consumer_timeout=None, data='{"read" : [ {"input" : "cp_coordinates_300.txt"} ]}', file=None, iter=1, module='int_ext_graph_skew.py', num=16, provenance=None, queue_threshold=10, target='dyn_auto_multi')
==========
MONITOR: ACTIVE SIZE = 7 QUEUE_SIZE = 1
MONITOR: ACTIVE SIZE = 6 QUEUE_SIZE = 1
MONITOR: ACTIVE SIZE = 5 QUEUE_SIZE = 1
MONITOR: ACTIVE SIZE = 4 QUEUE_SIZE = 1
MONITOR: ACTIVE SIZE = 5 QUEUE_SIZE = 300
MONITOR: ACTIVE SIZE = 6 QUEUE_SIZE = 300
MONITOR: ACTIVE SIZE = 7 QUEUE_SIZE = 300
MONITOR: ACTIVE SIZE = 8 QUEUE_SIZE = 300
MONITOR: ACTIVE SIZE = 9 QUEUE_SIZE = 300
MONITOR: ACTIVE SIZE = 10 QUEUE_SIZE = 300
MONITOR: ACTIVE SIZE = 11 QUEUE_SIZE = 300
MONITOR: ACTIVE SIZE = 12 QUEUE_SIZE = 300
MONITOR: ACTIVE SIZE = 11 QUEUE_SIZE = 299
MONITOR: ACTIVE SIZE = 10 QUEUE_SIZE = 297
MONITOR: ACTIVE SIZE = 11 QUEUE_SIZE = 300
MONITOR: ACTIVE SIZE = 12 QUEUE_SIZE = 300
MONITOR: ACTIVE SIZE = 13 QUEUE_SIZE = 300
MONITOR: ACTIVE SIZE = 14 QUEUE_SIZE = 300
MONITOR: ACTIVE SIZE = 15 QUEUE_SIZE = 300
MONITOR: ACTIVE SIZE = 14 QUEUE_SIZE = 299
MONITOR: ACTIVE SIZE = 15 QUEUE_SIZE = 299
MONITOR: ACTIVE SIZE = 14 QUEUE_SIZE = 297
MONITOR: ACTIVE SIZE = 13 QUEUE_SIZE = 295
MONITOR: ACTIVE SIZE = 12 QUEUE_SIZE = 293
MONITOR: ACTIVE SIZE = 11 QUEUE_SIZE = 292
MONITOR: ACTIVE SIZE = 12 QUEUE_SIZE = 300
MONITOR: ACTIVE SIZE = 13 QUEUE_SIZE = 300
MONITOR: ACTIVE SIZE = 14 QUEUE_SIZE = 300
MONITOR: ACTIVE SIZE = 15 QUEUE_SIZE = 300
MONITOR: ACTIVE SIZE = 14 QUEUE_SIZE = 299
MONITOR: ACTIVE SIZE = 13 QUEUE_SIZE = 297
MONITOR: ACTIVE SIZE = 12 QUEUE_SIZE = 296
MONITOR: ACTIVE SIZE = 11 QUEUE_SIZE = 295
MONITOR: ACTIVE SIZE = 10 QUEUE_SIZE = 294
MONITOR: ACTIVE SIZE = 9 QUEUE_SIZE = 293
MONITOR: ACTIVE SIZE = 10 QUEUE_SIZE = 300
MONITOR: ACTIVE SIZE = 11 QUEUE_SIZE = 300
MONITOR: ACTIVE SIZE = 12 QUEUE_SIZE = 300
MONITOR: ACTIVE SIZE = 13 QUEUE_SIZE = 300
MONITOR: ACTIVE SIZE = 12 QUEUE_SIZE = 299
MONITOR: ACTIVE SIZE = 11 QUEUE_SIZE = 298
MONITOR: ACTIVE SIZE = 10 QUEUE_SIZE = 296
MONITOR: ACTIVE SIZE = 9 QUEUE_SIZE = 295
MONITOR: ACTIVE SIZE = 10 QUEUE_SIZE = 295
MONITOR: ACTIVE SIZE = 9 QUEUE_SIZE = 294
MONITOR: ACTIVE SIZE = 10 QUEUE_SIZE = 300
MONITOR: ACTIVE SIZE = 11 QUEUE_SIZE = 300
MONITOR: ACTIVE SIZE = 12 QUEUE_SIZE = 300
MONITOR: ACTIVE SIZE = 13 QUEUE_SIZE = 300
MONITOR: ACTIVE SIZE = 12 QUEUE_SIZE = 299
MONITOR: ACTIVE SIZE = 11 QUEUE_SIZE = 297
MONITOR: ACTIVE SIZE = 10 QUEUE_SIZE = 296
MONITOR: ACTIVE SIZE = 9 QUEUE_SIZE = 295
MONITOR: ACTIVE SIZE = 10 QUEUE_SIZE = 295
MONITOR: ACTIVE SIZE = 9 QUEUE_SIZE = 294
MONITOR: ACTIVE SIZE = 10 QUEUE_SIZE = 300
MONITOR: ACTIVE SIZE = 11 QUEUE_SIZE = 300
MONITOR: ACTIVE SIZE = 12 QUEUE_SIZE = 300
MONITOR: ACTIVE SIZE = 13 QUEUE_SIZE = 300
MONITOR: ACTIVE SIZE = 12 QUEUE_SIZE = 299
MONITOR: ACTIVE SIZE = 11 QUEUE_SIZE = 298
MONITOR: ACTIVE SIZE = 10 QUEUE_SIZE = 296
MONITOR: ACTIVE SIZE = 11 QUEUE_SIZE = 296
MONITOR: ACTIVE SIZE = 10 QUEUE_SIZE = 295
MONITOR: ACTIVE SIZE = 9 QUEUE_SIZE = 294
MONITOR: ACTIVE SIZE = 8 QUEUE_SIZE = 293
MONITOR: ACTIVE SIZE = 9 QUEUE_SIZE = 300
MONITOR: ACTIVE SIZE = 10 QUEUE_SIZE = 300
MONITOR: ACTIVE SIZE = 11 QUEUE_SIZE = 300
MONITOR: ACTIVE SIZE = 10 QUEUE_SIZE = 299
MONITOR: ACTIVE SIZE = 9 QUEUE_SIZE = 298
MONITOR: ACTIVE SIZE = 8 QUEUE_SIZE = 297
MONITOR: ACTIVE SIZE = 7 QUEUE_SIZE = 296
MONITOR: ACTIVE SIZE = 8 QUEUE_SIZE = 300
MONITOR: ACTIVE SIZE = 9 QUEUE_SIZE = 300
MONITOR: ACTIVE SIZE = 10 QUEUE_SIZE = 300
MONITOR: ACTIVE SIZE = 11 QUEUE_SIZE = 300
MONITOR: ACTIVE SIZE = 10 QUEUE_SIZE = 299
MONITOR: ACTIVE SIZE = 9 QUEUE_SIZE = 297
MONITOR: ACTIVE SIZE = 10 QUEUE_SIZE = 297
MONITOR: ACTIVE SIZE = 9 QUEUE_SIZE = 296
MONITOR: ACTIVE SIZE = 8 QUEUE_SIZE = 294
MONITOR: ACTIVE SIZE = 9 QUEUE_SIZE = 300
MONITOR: ACTIVE SIZE = 10 QUEUE_SIZE = 300
MONITOR: ACTIVE SIZE = 11 QUEUE_SIZE = 300
MONITOR: ACTIVE SIZE = 10 QUEUE_SIZE = 299
MONITOR: ACTIVE SIZE = 9 QUEUE_SIZE = 298
MONITOR: ACTIVE SIZE = 10 QUEUE_SIZE = 298
MONITOR: ACTIVE SIZE = 9 QUEUE_SIZE = 297
MONITOR: ACTIVE SIZE = 8 QUEUE_SIZE = 295
MONITOR: ACTIVE SIZE = 9 QUEUE_SIZE = 300
MONITOR: ACTIVE SIZE = 10 QUEUE_SIZE = 300
MONITOR: ACTIVE SIZE = 11 QUEUE_SIZE = 300
MONITOR: ACTIVE SIZE = 12 QUEUE_SIZE = 300
MONITOR: ACTIVE SIZE = 13 QUEUE_SIZE = 300
MONITOR: ACTIVE SIZE = 12 QUEUE_SIZE = 299
MONITOR: ACTIVE SIZE = 11 QUEUE_SIZE = 297
MONITOR: ACTIVE SIZE = 10 QUEUE_SIZE = 295
MONITOR: ACTIVE SIZE = 9 QUEUE_SIZE = 294
MONITOR: ACTIVE SIZE = 10 QUEUE_SIZE = 300
MONITOR: ACTIVE SIZE = 11 QUEUE_SIZE = 300
MONITOR: ACTIVE SIZE = 12 QUEUE_SIZE = 300
MONITOR: ACTIVE SIZE = 11 QUEUE_SIZE = 299
MONITOR: ACTIVE SIZE = 10 QUEUE_SIZE = 298
MONITOR: ACTIVE SIZE = 11 QUEUE_SIZE = 298
MONITOR: ACTIVE SIZE = 10 QUEUE_SIZE = 297
MONITOR: ACTIVE SIZE = 9 QUEUE_SIZE = 296
MONITOR: ACTIVE SIZE = 8 QUEUE_SIZE = 294
MONITOR: ACTIVE SIZE = 9 QUEUE_SIZE = 300
MONITOR: ACTIVE SIZE = 10 QUEUE_SIZE = 300
MONITOR: ACTIVE SIZE = 11 QUEUE_SIZE = 300
MONITOR: ACTIVE SIZE = 12 QUEUE_SIZE = 300
MONITOR: ACTIVE SIZE = 11 QUEUE_SIZE = 297
MONITOR: ACTIVE SIZE = 12 QUEUE_SIZE = 297
MONITOR: ACTIVE SIZE = 13 QUEUE_SIZE = 297
MONITOR: ACTIVE SIZE = 12 QUEUE_SIZE = 296
MONITOR: ACTIVE SIZE = 11 QUEUE_SIZE = 295
MONITOR: ACTIVE SIZE = 10 QUEUE_SIZE = 294
MONITOR: ACTIVE SIZE = 11 QUEUE_SIZE = 300
MONITOR: ACTIVE SIZE = 12 QUEUE_SIZE = 300
MONITOR: ACTIVE SIZE = 13 QUEUE_SIZE = 300
MONITOR: ACTIVE SIZE = 14 QUEUE_SIZE = 300
MONITOR: ACTIVE SIZE = 13 QUEUE_SIZE = 299
MONITOR: ACTIVE SIZE = 12 QUEUE_SIZE = 298
MONITOR: ACTIVE SIZE = 11 QUEUE_SIZE = 296
MONITOR: ACTIVE SIZE = 12 QUEUE_SIZE = 296
MONITOR: ACTIVE SIZE = 11 QUEUE_SIZE = 295
MONITOR: ACTIVE SIZE = 10 QUEUE_SIZE = 294
MONITOR: ACTIVE SIZE = 11 QUEUE_SIZE = 300
MONITOR: ACTIVE SIZE = 12 QUEUE_SIZE = 300
MONITOR: ACTIVE SIZE = 13 QUEUE_SIZE = 300
MONITOR: ACTIVE SIZE = 12 QUEUE_SIZE = 299
MONITOR: ACTIVE SIZE = 11 QUEUE_SIZE = 298
MONITOR: ACTIVE SIZE = 10 QUEUE_SIZE = 297
MONITOR: ACTIVE SIZE = 9 QUEUE_SIZE = 296
MONITOR: ACTIVE SIZE = 10 QUEUE_SIZE = 296
MONITOR: ACTIVE SIZE = 9 QUEUE_SIZE = 295
MONITOR: ACTIVE SIZE = 10 QUEUE_SIZE = 300
MONITOR: ACTIVE SIZE = 11 QUEUE_SIZE = 300
MONITOR: ACTIVE SIZE = 12 QUEUE_SIZE = 300
MONITOR: ACTIVE SIZE = 13 QUEUE_SIZE = 300
MONITOR: ACTIVE SIZE = 12 QUEUE_SIZE = 299
MONITOR: ACTIVE SIZE = 11 QUEUE_SIZE = 298
MONITOR: ACTIVE SIZE = 10 QUEUE_SIZE = 297
MONITOR: ACTIVE SIZE = 9 QUEUE_SIZE = 295
MONITOR: ACTIVE SIZE = 8 QUEUE_SIZE = 294
MONITOR: ACTIVE SIZE = 9 QUEUE_SIZE = 300
MONITOR: ACTIVE SIZE = 10 QUEUE_SIZE = 300
MONITOR: ACTIVE SIZE = 11 QUEUE_SIZE = 300
MONITOR: ACTIVE SIZE = 12 QUEUE_SIZE = 300
MONITOR: ACTIVE SIZE = 13 QUEUE_SIZE = 300
MONITOR: ACTIVE SIZE = 12 QUEUE_SIZE = 298
MONITOR: ACTIVE SIZE = 11 QUEUE_SIZE = 297
MONITOR: ACTIVE SIZE = 10 QUEUE_SIZE = 296
MONITOR: ACTIVE SIZE = 9 QUEUE_SIZE = 294
MONITOR: ACTIVE SIZE = 10 QUEUE_SIZE = 300
MONITOR: ACTIVE SIZE = 11 QUEUE_SIZE = 300
MONITOR: ACTIVE SIZE = 12 QUEUE_SIZE = 300
MONITOR: ACTIVE SIZE = 13 QUEUE_SIZE = 300
MONITOR: ACTIVE SIZE = 12 QUEUE_SIZE = 299
MONITOR: ACTIVE SIZE = 11 QUEUE_SIZE = 298
MONITOR: ACTIVE SIZE = 12 QUEUE_SIZE = 298
MONITOR: ACTIVE SIZE = 11 QUEUE_SIZE = 296
MONITOR: ACTIVE SIZE = 10 QUEUE_SIZE = 295
MONITOR: ACTIVE SIZE = 9 QUEUE_SIZE = 294
MONITOR: ACTIVE SIZE = 10 QUEUE_SIZE = 300
MONITOR: ACTIVE SIZE = 11 QUEUE_SIZE = 300
MONITOR: ACTIVE SIZE = 12 QUEUE_SIZE = 300
MONITOR: ACTIVE SIZE = 11 QUEUE_SIZE = 299
MONITOR: ACTIVE SIZE = 12 QUEUE_SIZE = 299
MONITOR: ACTIVE SIZE = 11 QUEUE_SIZE = 298
MONITOR: ACTIVE SIZE = 10 QUEUE_SIZE = 296
MONITOR: ACTIVE SIZE = 9 QUEUE_SIZE = 295
MONITOR: ACTIVE SIZE = 8 QUEUE_SIZE = 294
MONITOR: ACTIVE SIZE = 9 QUEUE_SIZE = 300
MONITOR: ACTIVE SIZE = 10 QUEUE_SIZE = 300
MONITOR: ACTIVE SIZE = 11 QUEUE_SIZE = 300
MONITOR: ACTIVE SIZE = 10 QUEUE_SIZE = 299
MONITOR: ACTIVE SIZE = 9 QUEUE_SIZE = 298
MONITOR: ACTIVE SIZE = 8 QUEUE_SIZE = 297
MONITOR: ACTIVE SIZE = 9 QUEUE_SIZE = 297
MONITOR: ACTIVE SIZE = 8 QUEUE_SIZE = 296
MONITOR: ACTIVE SIZE = 9 QUEUE_SIZE = 300
MONITOR: ACTIVE SIZE = 10 QUEUE_SIZE = 300
MONITOR: ACTIVE SIZE = 11 QUEUE_SIZE = 300
MONITOR: ACTIVE SIZE = 10 QUEUE_SIZE = 298
MONITOR: ACTIVE SIZE = 11 QUEUE_SIZE = 298
MONITOR: ACTIVE SIZE = 12 QUEUE_SIZE = 298
MONITOR: ACTIVE SIZE = 11 QUEUE_SIZE = 296
MONITOR: ACTIVE SIZE = 10 QUEUE_SIZE = 295
MONITOR: ACTIVE SIZE = 9 QUEUE_SIZE = 294
MONITOR: ACTIVE SIZE = 10 QUEUE_SIZE = 3002023-08-05 20:55:36 dispel4py.new.logger[80836] ERROR Exception = an integer is required (got type NoneType)

MONITOR: ACTIVE SIZE = 11 QUEUE_SIZE = 300
MONITOR: ACTIVE SIZE = 12 QUEUE_SIZE = 300
MONITOR: ACTIVE SIZE = 11 QUEUE_SIZE = 299
MONITOR: ACTIVE SIZE = 10 QUEUE_SIZE = 298
MONITOR: ACTIVE SIZE = 9 QUEUE_SIZE = 297
MONITOR: ACTIVE SIZE = 8 QUEUE_SIZE = 296
MONITOR: ACTIVE SIZE = 7 QUEUE_SIZE = 295
MONITOR: ACTIVE SIZE = 8 QUEUE_SIZE = 300
MONITOR: ACTIVE SIZE = 9 QUEUE_SIZE = 300
MONITOR: ACTIVE SIZE = 10 QUEUE_SIZE = 300
MONITOR: ACTIVE SIZE = 9 QUEUE_SIZE = 299
MONITOR: ACTIVE SIZE = 10 QUEUE_SIZE = 299
MONITOR: ACTIVE SIZE = 9 QUEUE_SIZE = 298
MONITOR: ACTIVE SIZE = 10 QUEUE_SIZE = 298
MONITOR: ACTIVE SIZE = 9 QUEUE_SIZE = 297
MONITOR: ACTIVE SIZE = 8 QUEUE_SIZE = 293
MONITOR: ACTIVE SIZE = 9 QUEUE_SIZE = 300
MONITOR: ACTIVE SIZE = 10 QUEUE_SIZE = 300
MONITOR: ACTIVE SIZE = 11 QUEUE_SIZE = 300
MONITOR: ACTIVE SIZE = 12 QUEUE_SIZE = 300
MONITOR: ACTIVE SIZE = 11 QUEUE_SIZE = 299
MONITOR: ACTIVE SIZE = 10 QUEUE_SIZE = 298
MONITOR: ACTIVE SIZE = 9 QUEUE_SIZE = 295
MONITOR: ACTIVE SIZE = 10 QUEUE_SIZE = 295
MONITOR: ACTIVE SIZE = 9 QUEUE_SIZE = 294
MONITOR: ACTIVE SIZE = 10 QUEUE_SIZE = 300
MONITOR: ACTIVE SIZE = 11 QUEUE_SIZE = 300
MONITOR: ACTIVE SIZE = 12 QUEUE_SIZE = 300
MONITOR: ACTIVE SIZE = 13 QUEUE_SIZE = 300
MONITOR: ACTIVE SIZE = 12 QUEUE_SIZE = 298
MONITOR: ACTIVE SIZE = 11 QUEUE_SIZE = 297
MONITOR: ACTIVE SIZE = 10 QUEUE_SIZE = 296
MONITOR: ACTIVE SIZE = 11 QUEUE_SIZE = 296
MONITOR: ACTIVE SIZE = 10 QUEUE_SIZE = 294
MONITOR: ACTIVE SIZE = 9 QUEUE_SIZE = 293
MONITOR: ACTIVE SIZE = 10 QUEUE_SIZE = 300
MONITOR: ACTIVE SIZE = 11 QUEUE_SIZE = 300
MONITOR: ACTIVE SIZE = 12 QUEUE_SIZE = 300
MONITOR: ACTIVE SIZE = 13 QUEUE_SIZE = 300
MONITOR: ACTIVE SIZE = 12 QUEUE_SIZE = 299
MONITOR: ACTIVE SIZE = 11 QUEUE_SIZE = 298
MONITOR: ACTIVE SIZE = 10 QUEUE_SIZE = 297
MONITOR: ACTIVE SIZE = 9 QUEUE_SIZE = 296
MONITOR: ACTIVE SIZE = 10 QUEUE_SIZE = 296
MONITOR: ACTIVE SIZE = 9 QUEUE_SIZE = 293
MONITOR: ACTIVE SIZE = 10 QUEUE_SIZE = 300
MONITOR: ACTIVE SIZE = 11 QUEUE_SIZE = 300
MONITOR: ACTIVE SIZE = 12 QUEUE_SIZE = 300
MONITOR: ACTIVE SIZE = 13 QUEUE_SIZE = 300
MONITOR: ACTIVE SIZE = 12 QUEUE_SIZE = 298
MONITOR: ACTIVE SIZE = 13 QUEUE_SIZE = 298
MONITOR: ACTIVE SIZE = 12 QUEUE_SIZE = 297
MONITOR: ACTIVE SIZE = 11 QUEUE_SIZE = 295
MONITOR: ACTIVE SIZE = 10 QUEUE_SIZE = 294
MONITOR: ACTIVE SIZE = 11 QUEUE_SIZE = 294
MONITOR: ACTIVE SIZE = 10 QUEUE_SIZE = 293
MONITOR: ACTIVE SIZE = 11 QUEUE_SIZE = 300
MONITOR: ACTIVE SIZE = 12 QUEUE_SIZE = 300
MONITOR: ACTIVE SIZE = 13 QUEUE_SIZE = 300
MONITOR: ACTIVE SIZE = 14 QUEUE_SIZE = 300
MONITOR: ACTIVE SIZE = 13 QUEUE_SIZE = 299
MONITOR: ACTIVE SIZE = 12 QUEUE_SIZE = 298
MONITOR: ACTIVE SIZE = 11 QUEUE_SIZE = 297
MONITOR: ACTIVE SIZE = 10 QUEUE_SIZE = 295
MONITOR: ACTIVE SIZE = 9 QUEUE_SIZE = 294
MONITOR: ACTIVE SIZE = 10 QUEUE_SIZE = 300
MONITOR: ACTIVE SIZE = 11 QUEUE_SIZE = 300
MONITOR: ACTIVE SIZE = 12 QUEUE_SIZE = 300
MONITOR: ACTIVE SIZE = 13 QUEUE_SIZE = 300
MONITOR: ACTIVE SIZE = 12 QUEUE_SIZE = 298
MONITOR: ACTIVE SIZE = 11 QUEUE_SIZE = 297
MONITOR: ACTIVE SIZE = 10 QUEUE_SIZE = 296
MONITOR: ACTIVE SIZE = 9 QUEUE_SIZE = 295
MONITOR: ACTIVE SIZE = 10 QUEUE_SIZE = 295
MONITOR: ACTIVE SIZE = 9 QUEUE_SIZE = 293
MONITOR: ACTIVE SIZE = 10 QUEUE_SIZE = 300
MONITOR: ACTIVE SIZE = 11 QUEUE_SIZE = 300
MONITOR: ACTIVE SIZE = 12 QUEUE_SIZE = 300
MONITOR: ACTIVE SIZE = 11 QUEUE_SIZE = 299
MONITOR: ACTIVE SIZE = 10 QUEUE_SIZE = 297
MONITOR: ACTIVE SIZE = 11 QUEUE_SIZE = 297
MONITOR: ACTIVE SIZE = 10 QUEUE_SIZE = 296
MONITOR: ACTIVE SIZE = 11 QUEUE_SIZE = 296
MONITOR: ACTIVE SIZE = 10 QUEUE_SIZE = 295
MONITOR: ACTIVE SIZE = 9 QUEUE_SIZE = 294
MONITOR: ACTIVE SIZE = 10 QUEUE_SIZE = 300
MONITOR: ACTIVE SIZE = 11 QUEUE_SIZE = 300
MONITOR: ACTIVE SIZE = 12 QUEUE_SIZE = 300
MONITOR: ACTIVE SIZE = 13 QUEUE_SIZE = 300
MONITOR: ACTIVE SIZE = 12 QUEUE_SIZE = 299
MONITOR: ACTIVE SIZE = 13 QUEUE_SIZE = 299
MONITOR: ACTIVE SIZE = 12 QUEUE_SIZE = 298
MONITOR: ACTIVE SIZE = 11 QUEUE_SIZE = 296
MONITOR: ACTIVE SIZE = 10 QUEUE_SIZE = 295
MONITOR: ACTIVE SIZE = 11 QUEUE_SIZE = 295
MONITOR: ACTIVE SIZE = 10 QUEUE_SIZE = 292
MONITOR: ACTIVE SIZE = 11 QUEUE_SIZE = 300
MONITOR: ACTIVE SIZE = 12 QUEUE_SIZE = 300
MONITOR: ACTIVE SIZE = 13 QUEUE_SIZE = 300
MONITOR: ACTIVE SIZE = 12 QUEUE_SIZE = 299
MONITOR: ACTIVE SIZE = 11 QUEUE_SIZE = 297
MONITOR: ACTIVE SIZE = 12 QUEUE_SIZE = 297
MONITOR: ACTIVE SIZE = 13 QUEUE_SIZE = 297
MONITOR: ACTIVE SIZE = 12 QUEUE_SIZE = 295
MONITOR: ACTIVE SIZE = 11 QUEUE_SIZE = 294
MONITOR: ACTIVE SIZE = 10 QUEUE_SIZE = 293
MONITOR: ACTIVE SIZE = 11 QUEUE_SIZE = 300
MONITOR: ACTIVE SIZE = 12 QUEUE_SIZE = 300
MONITOR: ACTIVE SIZE = 13 QUEUE_SIZE = 300
MONITOR: ACTIVE SIZE = 12 QUEUE_SIZE = 299
MONITOR: ACTIVE SIZE = 13 QUEUE_SIZE = 299
MONITOR: ACTIVE SIZE = 12 QUEUE_SIZE = 297
MONITOR: ACTIVE SIZE = 11 QUEUE_SIZE = 296
MONITOR: ACTIVE SIZE = 12 QUEUE_SIZE = 296
MONITOR: ACTIVE SIZE = 13 QUEUE_SIZE = 296
MONITOR: ACTIVE SIZE = 12 QUEUE_SIZE = 294
MONITOR: ACTIVE SIZE = 11 QUEUE_SIZE = 293
MONITOR: ACTIVE SIZE = 12 QUEUE_SIZE = 300
MONITOR: ACTIVE SIZE = 13 QUEUE_SIZE = 300
MONITOR: ACTIVE SIZE = 14 QUEUE_SIZE = 300
MONITOR: ACTIVE SIZE = 13 QUEUE_SIZE = 299
MONITOR: ACTIVE SIZE = 12 QUEUE_SIZE = 298
MONITOR: ACTIVE SIZE = 11 QUEUE_SIZE = 297
MONITOR: ACTIVE SIZE = 12 QUEUE_SIZE = 297
MONITOR: ACTIVE SIZE = 11 QUEUE_SIZE = 296
MONITOR: ACTIVE SIZE = 12 QUEUE_SIZE = 296
MONITOR: ACTIVE SIZE = 13 QUEUE_SIZE = 296
MONITOR: ACTIVE SIZE = 12 QUEUE_SIZE = 294
MONITOR: ACTIVE SIZE = 11 QUEUE_SIZE = 293
MONITOR: ACTIVE SIZE = 12 QUEUE_SIZE = 300
MONITOR: ACTIVE SIZE = 13 QUEUE_SIZE = 300
MONITOR: ACTIVE SIZE = 14 QUEUE_SIZE = 300
MONITOR: ACTIVE SIZE = 15 QUEUE_SIZE = 300
MONITOR: ACTIVE SIZE = 14 QUEUE_SIZE = 299
MONITOR: ACTIVE SIZE = 15 QUEUE_SIZE = 299
MONITOR: ACTIVE SIZE = 14 QUEUE_SIZE = 297
MONITOR: ACTIVE SIZE = 13 QUEUE_SIZE = 296
MONITOR: ACTIVE SIZE = 14 QUEUE_SIZE = 296
MONITOR: ACTIVE SIZE = 13 QUEUE_SIZE = 292
MONITOR: ACTIVE SIZE = 14 QUEUE_SIZE = 292
MONITOR: ACTIVE SIZE = 15 QUEUE_SIZE = 292
MONITOR: ACTIVE SIZE = 15 QUEUE_SIZE = 292
MONITOR: ACTIVE SIZE = 14 QUEUE_SIZE = 291
MONITOR: ACTIVE SIZE = 15 QUEUE_SIZE = 300
MONITOR: ACTIVE SIZE = 15 QUEUE_SIZE = 300
MONITOR: ACTIVE SIZE = 15 QUEUE_SIZE = 300
MONITOR: ACTIVE SIZE = 14 QUEUE_SIZE = 299
MONITOR: ACTIVE SIZE = 13 QUEUE_SIZE = 297
MONITOR: ACTIVE SIZE = 14 QUEUE_SIZE = 297
MONITOR: ACTIVE SIZE = 15 QUEUE_SIZE = 297
MONITOR: ACTIVE SIZE = 14 QUEUE_SIZE = 296
MONITOR: ACTIVE SIZE = 13 QUEUE_SIZE = 293
MONITOR: ACTIVE SIZE = 12 QUEUE_SIZE = 292
MONITOR: ACTIVE SIZE = 13 QUEUE_SIZE = 292
MONITOR: ACTIVE SIZE = 12 QUEUE_SIZE = 291
MONITOR: ACTIVE SIZE = 13 QUEUE_SIZE = 300
MONITOR: ACTIVE SIZE = 14 QUEUE_SIZE = 300
MONITOR: ACTIVE SIZE = 15 QUEUE_SIZE = 300
MONITOR: ACTIVE SIZE = 15 QUEUE_SIZE = 300
MONITOR: ACTIVE SIZE = 15 QUEUE_SIZE = 300
MONITOR: ACTIVE SIZE = 15 QUEUE_SIZE = 300
MONITOR: ACTIVE SIZE = 14 QUEUE_SIZE = 297
MONITOR: ACTIVE SIZE = 13 QUEUE_SIZE = 295
MONITOR: ACTIVE SIZE = 12 QUEUE_SIZE = 294
MONITOR: ACTIVE SIZE = 11 QUEUE_SIZE = 293
MONITOR: ACTIVE SIZE = 12 QUEUE_SIZE = 293
MONITOR: ACTIVE SIZE = 11 QUEUE_SIZE = 291
MONITOR: ACTIVE SIZE = 12 QUEUE_SIZE = 300
MONITOR: ACTIVE SIZE = 13 QUEUE_SIZE = 300
MONITOR: ACTIVE SIZE = 14 QUEUE_SIZE = 300
MONITOR: ACTIVE SIZE = 15 QUEUE_SIZE = 300
MONITOR: ACTIVE SIZE = 14 QUEUE_SIZE = 298
MONITOR: ACTIVE SIZE = 13 QUEUE_SIZE = 297
MONITOR: ACTIVE SIZE = 14 QUEUE_SIZE = 297
MONITOR: ACTIVE SIZE = 15 QUEUE_SIZE = 297
MONITOR: ACTIVE SIZE = 14 QUEUE_SIZE = 295
MONITOR: ACTIVE SIZE = 15 QUEUE_SIZE = 295
MONITOR: ACTIVE SIZE = 14 QUEUE_SIZE = 293
MONITOR: ACTIVE SIZE = 13 QUEUE_SIZE = 291
MONITOR: ACTIVE SIZE = 14 QUEUE_SIZE = 291
MONITOR: ACTIVE SIZE = 13 QUEUE_SIZE = 289
MONITOR: ACTIVE SIZE = 14 QUEUE_SIZE = 300
MONITOR: ACTIVE SIZE = 15 QUEUE_SIZE = 300
MONITOR: ACTIVE SIZE = 15 QUEUE_SIZE = 300
MONITOR: ACTIVE SIZE = 15 QUEUE_SIZE = 300
MONITOR: ACTIVE SIZE = 14 QUEUE_SIZE = 298
MONITOR: ACTIVE SIZE = 13 QUEUE_SIZE = 297
MONITOR: ACTIVE SIZE = 12 QUEUE_SIZE = 296
MONITOR: ACTIVE SIZE = 13 QUEUE_SIZE = 296
MONITOR: ACTIVE SIZE = 12 QUEUE_SIZE = 294
MONITOR: ACTIVE SIZE = 11 QUEUE_SIZE = 293
MONITOR: ACTIVE SIZE = 12 QUEUE_SIZE = 293
MONITOR: ACTIVE SIZE = 11 QUEUE_SIZE = 292
MONITOR: ACTIVE SIZE = 12 QUEUE_SIZE = 300
MONITOR: ACTIVE SIZE = 13 QUEUE_SIZE = 300
MONITOR: ACTIVE SIZE = 14 QUEUE_SIZE = 300
MONITOR: ACTIVE SIZE = 15 QUEUE_SIZE = 300
MONITOR: ACTIVE SIZE = 14 QUEUE_SIZE = 299
MONITOR: ACTIVE SIZE = 13 QUEUE_SIZE = 298
MONITOR: ACTIVE SIZE = 12 QUEUE_SIZE = 297
MONITOR: ACTIVE SIZE = 11 QUEUE_SIZE = 296
MONITOR: ACTIVE SIZE = 10 QUEUE_SIZE = 295
MONITOR: ACTIVE SIZE = 9 QUEUE_SIZE = 293
MONITOR: ACTIVE SIZE = 10 QUEUE_SIZE = 300
MONITOR: ACTIVE SIZE = 11 QUEUE_SIZE = 300
MONITOR: ACTIVE SIZE = 12 QUEUE_SIZE = 300
MONITOR: ACTIVE SIZE = 13 QUEUE_SIZE = 300
MONITOR: ACTIVE SIZE = 12 QUEUE_SIZE = 299
MONITOR: ACTIVE SIZE = 11 QUEUE_SIZE = 297
MONITOR: ACTIVE SIZE = 12 QUEUE_SIZE = 297
MONITOR: ACTIVE SIZE = 11 QUEUE_SIZE = 296
MONITOR: ACTIVE SIZE = 12 QUEUE_SIZE = 296
MONITOR: ACTIVE SIZE = 11 QUEUE_SIZE = 295
MONITOR: ACTIVE SIZE = 12 QUEUE_SIZE = 295
MONITOR: ACTIVE SIZE = 11 QUEUE_SIZE = 294
MONITOR: ACTIVE SIZE = 12 QUEUE_SIZE = 300
MONITOR: ACTIVE SIZE = 13 QUEUE_SIZE = 300
MONITOR: ACTIVE SIZE = 14 QUEUE_SIZE = 300
MONITOR: ACTIVE SIZE = 15 QUEUE_SIZE = 300
MONITOR: ACTIVE SIZE = 15 QUEUE_SIZE = 300
MONITOR: ACTIVE SIZE = 14 QUEUE_SIZE = 299
MONITOR: ACTIVE SIZE = 13 QUEUE_SIZE = 298
MONITOR: ACTIVE SIZE = 12 QUEUE_SIZE = 297
MONITOR: ACTIVE SIZE = 13 QUEUE_SIZE = 297
MONITOR: ACTIVE SIZE = 12 QUEUE_SIZE = 294
MONITOR: ACTIVE SIZE = 11 QUEUE_SIZE = 292
MONITOR: ACTIVE SIZE = 12 QUEUE_SIZE = 300
MONITOR: ACTIVE SIZE = 13 QUEUE_SIZE = 300
MONITOR: ACTIVE SIZE = 14 QUEUE_SIZE = 300
MONITOR: ACTIVE SIZE = 15 QUEUE_SIZE = 300
MONITOR: ACTIVE SIZE = 15 QUEUE_SIZE = 300
MONITOR: ACTIVE SIZE = 14 QUEUE_SIZE = 296
MONITOR: ACTIVE SIZE = 15 QUEUE_SIZE = 296
MONITOR: ACTIVE SIZE = 15 QUEUE_SIZE = 296
MONITOR: ACTIVE SIZE = 15 QUEUE_SIZE = 296
MONITOR: ACTIVE SIZE = 14 QUEUE_SIZE = 294
MONITOR: ACTIVE SIZE = 13 QUEUE_SIZE = 292
MONITOR: ACTIVE SIZE = 14 QUEUE_SIZE = 292
MONITOR: ACTIVE SIZE = 15 QUEUE_SIZE = 292
MONITOR: ACTIVE SIZE = 15 QUEUE_SIZE = 292
MONITOR: ACTIVE SIZE = 15 QUEUE_SIZE = 292
MONITOR: ACTIVE SIZE = 15 QUEUE_SIZE = 300
MONITOR: ACTIVE SIZE = 15 QUEUE_SIZE = 300
MONITOR: ACTIVE SIZE = 15 QUEUE_SIZE = 300
MONITOR: ACTIVE SIZE = 14 QUEUE_SIZE = 299
MONITOR: ACTIVE SIZE = 13 QUEUE_SIZE = 298
MONITOR: ACTIVE SIZE = 12 QUEUE_SIZE = 297
MONITOR: ACTIVE SIZE = 11 QUEUE_SIZE = 296
MONITOR: ACTIVE SIZE = 12 QUEUE_SIZE = 296
MONITOR: ACTIVE SIZE = 13 QUEUE_SIZE = 296
MONITOR: ACTIVE SIZE = 14 QUEUE_SIZE = 296
MONITOR: ACTIVE SIZE = 13 QUEUE_SIZE = 295
MONITOR: ACTIVE SIZE = 12 QUEUE_SIZE = 294
MONITOR: ACTIVE SIZE = 13 QUEUE_SIZE = 300
MONITOR: ACTIVE SIZE = 14 QUEUE_SIZE = 300
MONITOR: ACTIVE SIZE = 15 QUEUE_SIZE = 300
MONITOR: ACTIVE SIZE = 14 QUEUE_SIZE = 298
MONITOR: ACTIVE SIZE = 15 QUEUE_SIZE = 298
MONITOR: ACTIVE SIZE = 15 QUEUE_SIZE = 298
MONITOR: ACTIVE SIZE = 14 QUEUE_SIZE = 297
MONITOR: ACTIVE SIZE = 15 QUEUE_SIZE = 297
MONITOR: ACTIVE SIZE = 14 QUEUE_SIZE = 295
MONITOR: ACTIVE SIZE = 15 QUEUE_SIZE = 295
MONITOR: ACTIVE SIZE = 15 QUEUE_SIZE = 295
MONITOR: ACTIVE SIZE = 14 QUEUE_SIZE = 294
MONITOR: ACTIVE SIZE = 13 QUEUE_SIZE = 293
MONITOR: ACTIVE SIZE = 14 QUEUE_SIZE = 300
MONITOR: ACTIVE SIZE = 15 QUEUE_SIZE = 300
MONITOR: ACTIVE SIZE = 15 QUEUE_SIZE = 300
MONITOR: ACTIVE SIZE = 15 QUEUE_SIZE = 300
MONITOR: ACTIVE SIZE = 14 QUEUE_SIZE = 299
MONITOR: ACTIVE SIZE = 15 QUEUE_SIZE = 299
MONITOR: ACTIVE SIZE = 14 QUEUE_SIZE = 296
MONITOR: ACTIVE SIZE = 13 QUEUE_SIZE = 295
MONITOR: ACTIVE SIZE = 14 QUEUE_SIZE = 295
MONITOR: ACTIVE SIZE = 13 QUEUE_SIZE = 294
MONITOR: ACTIVE SIZE = 14 QUEUE_SIZE = 294
MONITOR: ACTIVE SIZE = 15 QUEUE_SIZE = 294
MONITOR: ACTIVE SIZE = 15 QUEUE_SIZE = 294
MONITOR: ACTIVE SIZE = 14 QUEUE_SIZE = 293
MONITOR: ACTIVE SIZE = 15 QUEUE_SIZE = 300
MONITOR: ACTIVE SIZE = 15 QUEUE_SIZE = 300
MONITOR: ACTIVE SIZE = 15 QUEUE_SIZE = 300
MONITOR: ACTIVE SIZE = 15 QUEUE_SIZE = 300
MONITOR: ACTIVE SIZE = 14 QUEUE_SIZE = 299
MONITOR: ACTIVE SIZE = 13 QUEUE_SIZE = 297
MONITOR: ACTIVE SIZE = 14 QUEUE_SIZE = 297
MONITOR: ACTIVE SIZE = 13 QUEUE_SIZE = 295
MONITOR: ACTIVE SIZE = 14 QUEUE_SIZE = 295
MONITOR: ACTIVE SIZE = 13 QUEUE_SIZE = 294
MONITOR: ACTIVE SIZE = 14 QUEUE_SIZE = 294
MONITOR: ACTIVE SIZE = 15 QUEUE_SIZE = 294
MONITOR: ACTIVE SIZE = 15 QUEUE_SIZE = 294
MONITOR: ACTIVE SIZE = 14 QUEUE_SIZE = 293
MONITOR: ACTIVE SIZE = 15 QUEUE_SIZE = 300
MONITOR: ACTIVE SIZE = 15 QUEUE_SIZE = 300
MONITOR: ACTIVE SIZE = 15 QUEUE_SIZE = 300
MONITOR: ACTIVE SIZE = 15 QUEUE_SIZE = 300
MONITOR: ACTIVE SIZE = 14 QUEUE_SIZE = 299
MONITOR: ACTIVE SIZE = 13 QUEUE_SIZE = 298
MONITOR: ACTIVE SIZE = 12 QUEUE_SIZE = 296
MONITOR: ACTIVE SIZE = 11 QUEUE_SIZE = 295
MONITOR: ACTIVE SIZE = 12 QUEUE_SIZE = 295
MONITOR: ACTIVE SIZE = 13 QUEUE_SIZE = 295
MONITOR: ACTIVE SIZE = 12 QUEUE_SIZE = 293
MONITOR: ACTIVE SIZE = 11 QUEUE_SIZE = 292
MONITOR: ACTIVE SIZE = 12 QUEUE_SIZE = 300
MONITOR: ACTIVE SIZE = 13 QUEUE_SIZE = 300
MONITOR: ACTIVE SIZE = 14 QUEUE_SIZE = 300
MONITOR: ACTIVE SIZE = 15 QUEUE_SIZE = 300
MONITOR: ACTIVE SIZE = 14 QUEUE_SIZE = 299
MONITOR: ACTIVE SIZE = 13 QUEUE_SIZE = 297
MONITOR: ACTIVE SIZE = 14 QUEUE_SIZE = 297
MONITOR: ACTIVE SIZE = 13 QUEUE_SIZE = 295
MONITOR: ACTIVE SIZE = 12 QUEUE_SIZE = 294
MONITOR: ACTIVE SIZE = 11 QUEUE_SIZE = 293
MONITOR: ACTIVE SIZE = 12 QUEUE_SIZE = 293
MONITOR: ACTIVE SIZE = 11 QUEUE_SIZE = 291
MONITOR: ACTIVE SIZE = 12 QUEUE_SIZE = 300
MONITOR: ACTIVE SIZE = 13 QUEUE_SIZE = 300
MONITOR: ACTIVE SIZE = 14 QUEUE_SIZE = 300
MONITOR: ACTIVE SIZE = 13 QUEUE_SIZE = 299
MONITOR: ACTIVE SIZE = 12 QUEUE_SIZE = 298
MONITOR: ACTIVE SIZE = 11 QUEUE_SIZE = 297
MONITOR: ACTIVE SIZE = 12 QUEUE_SIZE = 297
MONITOR: ACTIVE SIZE = 11 QUEUE_SIZE = 295
MONITOR: ACTIVE SIZE = 10 QUEUE_SIZE = 294
MONITOR: ACTIVE SIZE = 9 QUEUE_SIZE = 293
MONITOR: ACTIVE SIZE = 10 QUEUE_SIZE = 300
MONITOR: ACTIVE SIZE = 11 QUEUE_SIZE = 300
MONITOR: ACTIVE SIZE = 12 QUEUE_SIZE = 300
MONITOR: ACTIVE SIZE = 11 QUEUE_SIZE = 299
MONITOR: ACTIVE SIZE = 10 QUEUE_SIZE = 298
MONITOR: ACTIVE SIZE = 11 QUEUE_SIZE = 298
MONITOR: ACTIVE SIZE = 10 QUEUE_SIZE = 296
MONITOR: ACTIVE SIZE = 9 QUEUE_SIZE = 295
MONITOR: ACTIVE SIZE = 10 QUEUE_SIZE = 295
MONITOR: ACTIVE SIZE = 11 QUEUE_SIZE = 295
MONITOR: ACTIVE SIZE = 12 QUEUE_SIZE = 295
MONITOR: ACTIVE SIZE = 13 QUEUE_SIZE = 295
MONITOR: ACTIVE SIZE = 12 QUEUE_SIZE = 293
MONITOR: ACTIVE SIZE = 13 QUEUE_SIZE = 300
MONITOR: ACTIVE SIZE = 14 QUEUE_SIZE = 300
MONITOR: ACTIVE SIZE = 15 QUEUE_SIZE = 300
MONITOR: ACTIVE SIZE = 14 QUEUE_SIZE = 299
MONITOR: ACTIVE SIZE = 15 QUEUE_SIZE = 299
MONITOR: ACTIVE SIZE = 14 QUEUE_SIZE = 297
MONITOR: ACTIVE SIZE = 15 QUEUE_SIZE = 297
MONITOR: ACTIVE SIZE = 15 QUEUE_SIZE = 297
MONITOR: ACTIVE SIZE = 15 QUEUE_SIZE = 297
MONITOR: ACTIVE SIZE = 15 QUEUE_SIZE = 297
MONITOR: ACTIVE SIZE = 15 QUEUE_SIZE = 297
MONITOR: ACTIVE SIZE = 14 QUEUE_SIZE = 294
MONITOR: ACTIVE SIZE = 15 QUEUE_SIZE = 294
MONITOR: ACTIVE SIZE = 14 QUEUE_SIZE = 291
MONITOR: ACTIVE SIZE = 15 QUEUE_SIZE = 300
MONITOR: ACTIVE SIZE = 15 QUEUE_SIZE = 300
MONITOR: ACTIVE SIZE = 15 QUEUE_SIZE = 300
MONITOR: ACTIVE SIZE = 15 QUEUE_SIZE = 300
MONITOR: ACTIVE SIZE = 14 QUEUE_SIZE = 299
MONITOR: ACTIVE SIZE = 15 QUEUE_SIZE = 299
MONITOR: ACTIVE SIZE = 14 QUEUE_SIZE = 296
MONITOR: ACTIVE SIZE = 15 QUEUE_SIZE = 296
MONITOR: ACTIVE SIZE = 15 QUEUE_SIZE = 296
MONITOR: ACTIVE SIZE = 15 QUEUE_SIZE = 296
MONITOR: ACTIVE SIZE = 14 QUEUE_SIZE = 295
MONITOR: ACTIVE SIZE = 13 QUEUE_SIZE = 293
MONITOR: ACTIVE SIZE = 12 QUEUE_SIZE = 291
MONITOR: ACTIVE SIZE = 13 QUEUE_SIZE = 300
MONITOR: ACTIVE SIZE = 14 QUEUE_SIZE = 300
MONITOR: ACTIVE SIZE = 15 QUEUE_SIZE = 300
MONITOR: ACTIVE SIZE = 15 QUEUE_SIZE = 300
MONITOR: ACTIVE SIZE = 15 QUEUE_SIZE = 300
MONITOR: ACTIVE SIZE = 14 QUEUE_SIZE = 299
MONITOR: ACTIVE SIZE = 13 QUEUE_SIZE = 298
MONITOR: ACTIVE SIZE = 14 QUEUE_SIZE = 298
MONITOR: ACTIVE SIZE = 13 QUEUE_SIZE = 297
MONITOR: ACTIVE SIZE = 12 QUEUE_SIZE = 295
MONITOR: ACTIVE SIZE = 11 QUEUE_SIZE = 292
MONITOR: ACTIVE SIZE = 12 QUEUE_SIZE = 300
MONITOR: ACTIVE SIZE = 13 QUEUE_SIZE = 300
MONITOR: ACTIVE SIZE = 14 QUEUE_SIZE = 300
MONITOR: ACTIVE SIZE = 13 QUEUE_SIZE = 299
MONITOR: ACTIVE SIZE = 14 QUEUE_SIZE = 299
MONITOR: ACTIVE SIZE = 13 QUEUE_SIZE = 298
MONITOR: ACTIVE SIZE = 14 QUEUE_SIZE = 298
MONITOR: ACTIVE SIZE = 13 QUEUE_SIZE = 297
MONITOR: ACTIVE SIZE = 14 QUEUE_SIZE = 297
MONITOR: ACTIVE SIZE = 15 QUEUE_SIZE = 297
MONITOR: ACTIVE SIZE = 14 QUEUE_SIZE = 296
MONITOR: ACTIVE SIZE = 13 QUEUE_SIZE = 293
MONITOR: ACTIVE SIZE = 12 QUEUE_SIZE = 292
MONITOR: ACTIVE SIZE = 13 QUEUE_SIZE = 300
MONITOR: ACTIVE SIZE = 14 QUEUE_SIZE = 300
MONITOR: ACTIVE SIZE = 15 QUEUE_SIZE = 300
MONITOR: ACTIVE SIZE = 15 QUEUE_SIZE = 300
MONITOR: ACTIVE SIZE = 14 QUEUE_SIZE = 299
MONITOR: ACTIVE SIZE = 13 QUEUE_SIZE = 298
MONITOR: ACTIVE SIZE = 12 QUEUE_SIZE = 297
MONITOR: ACTIVE SIZE = 11 QUEUE_SIZE = 295
MONITOR: ACTIVE SIZE = 10 QUEUE_SIZE = 293
MONITOR: ACTIVE SIZE = 11 QUEUE_SIZE = 293
MONITOR: ACTIVE SIZE = 10 QUEUE_SIZE = 292
MONITOR: ACTIVE SIZE = 11 QUEUE_SIZE = 300
MONITOR: ACTIVE SIZE = 12 QUEUE_SIZE = 300
MONITOR: ACTIVE SIZE = 13 QUEUE_SIZE = 300
MONITOR: ACTIVE SIZE = 14 QUEUE_SIZE = 300
MONITOR: ACTIVE SIZE = 13 QUEUE_SIZE = 299
MONITOR: ACTIVE SIZE = 12 QUEUE_SIZE = 298
MONITOR: ACTIVE SIZE = 11 QUEUE_SIZE = 297
MONITOR: ACTIVE SIZE = 10 QUEUE_SIZE = 295
MONITOR: ACTIVE SIZE = 11 QUEUE_SIZE = 295
MONITOR: ACTIVE SIZE = 10 QUEUE_SIZE = 293
MONITOR: ACTIVE SIZE = 11 QUEUE_SIZE = 293
MONITOR: ACTIVE SIZE = 10 QUEUE_SIZE = 292
MONITOR: ACTIVE SIZE = 9 QUEUE_SIZE = 291
MONITOR: ACTIVE SIZE = 10 QUEUE_SIZE = 291
MONITOR: ACTIVE SIZE = 9 QUEUE_SIZE = 289
MONITOR: ACTIVE SIZE = 10 QUEUE_SIZE = 289
MONITOR: ACTIVE SIZE = 9 QUEUE_SIZE = 288
MONITOR: ACTIVE SIZE = 10 QUEUE_SIZE = 290
MONITOR: ACTIVE SIZE = 11 QUEUE_SIZE = 290
MONITOR: ACTIVE SIZE = 12 QUEUE_SIZE = 290
MONITOR: ACTIVE SIZE = 11 QUEUE_SIZE = 289
MONITOR: ACTIVE SIZE = 10 QUEUE_SIZE = 287
MONITOR: ACTIVE SIZE = 9 QUEUE_SIZE = 286
MONITOR: ACTIVE SIZE = 10 QUEUE_SIZE = 286
MONITOR: ACTIVE SIZE = 11 QUEUE_SIZE = 286
MONITOR: ACTIVE SIZE = 10 QUEUE_SIZE = 284
MONITOR: ACTIVE SIZE = 9 QUEUE_SIZE = 283
MONITOR: ACTIVE SIZE = 8 QUEUE_SIZE = 282
MONITOR: ACTIVE SIZE = 7 QUEUE_SIZE = 281
MONITOR: ACTIVE SIZE = 6 QUEUE_SIZE = 280
MONITOR: ACTIVE SIZE = 5 QUEUE_SIZE = 278
MONITOR: ACTIVE SIZE = 4 QUEUE_SIZE = 277
MONITOR: ACTIVE SIZE = 5 QUEUE_SIZE = 277
MONITOR: ACTIVE SIZE = 4 QUEUE_SIZE = 276
MONITOR: ACTIVE SIZE = 5 QUEUE_SIZE = 276
MONITOR: ACTIVE SIZE = 4 QUEUE_SIZE = 274
MONITOR: ACTIVE SIZE = 5 QUEUE_SIZE = 274
MONITOR: ACTIVE SIZE = 6 QUEUE_SIZE = 274
MONITOR: ACTIVE SIZE = 5 QUEUE_SIZE = 273
MONITOR: ACTIVE SIZE = 4 QUEUE_SIZE = 268
MONITOR: ACTIVE SIZE = 5 QUEUE_SIZE = 268
MONITOR: ACTIVE SIZE = 6 QUEUE_SIZE = 268
MONITOR: ACTIVE SIZE = 5 QUEUE_SIZE = 267
MONITOR: ACTIVE SIZE = 4 QUEUE_SIZE = 266
MONITOR: ACTIVE SIZE = 3 QUEUE_SIZE = 265
MONITOR: ACTIVE SIZE = 2 QUEUE_SIZE = 262
MONITOR: ACTIVE SIZE = 3 QUEUE_SIZE = 262
MONITOR: ACTIVE SIZE = 4 QUEUE_SIZE = 262
MONITOR: ACTIVE SIZE = 3 QUEUE_SIZE = 261
MONITOR: ACTIVE SIZE = 2 QUEUE_SIZE = 258
MONITOR: ACTIVE SIZE = 3 QUEUE_SIZE = 258
MONITOR: ACTIVE SIZE = 2 QUEUE_SIZE = 257
MONITOR: ACTIVE SIZE = 1 QUEUE_SIZE = 255
MONITOR: ACTIVE SIZE = 1 QUEUE_SIZE = 254
MONITOR: ACTIVE SIZE = 1 QUEUE_SIZE = 253
MONITOR: ACTIVE SIZE = 1 QUEUE_SIZE = 252
MONITOR: ACTIVE SIZE = 1 QUEUE_SIZE = 251
MONITOR: ACTIVE SIZE = 1 QUEUE_SIZE = 250
MONITOR: ACTIVE SIZE = 1 QUEUE_SIZE = 249
MONITOR: ACTIVE SIZE = 1 QUEUE_SIZE = 248
MONITOR: ACTIVE SIZE = 1 QUEUE_SIZE = 247
MONITOR: ACTIVE SIZE = 1 QUEUE_SIZE = 246
MONITOR: ACTIVE SIZE = 1 QUEUE_SIZE = 245
MONITOR: ACTIVE SIZE = 1 QUEUE_SIZE = 244
MONITOR: ACTIVE SIZE = 1 QUEUE_SIZE = 243
MONITOR: ACTIVE SIZE = 1 QUEUE_SIZE = 242
MONITOR: ACTIVE SIZE = 1 QUEUE_SIZE = 241
MONITOR: ACTIVE SIZE = 1 QUEUE_SIZE = 240
MONITOR: ACTIVE SIZE = 1 QUEUE_SIZE = 239
MONITOR: ACTIVE SIZE = 1 QUEUE_SIZE = 238
MONITOR: ACTIVE SIZE = 1 QUEUE_SIZE = 237
MONITOR: ACTIVE SIZE = 1 QUEUE_SIZE = 236
MONITOR: ACTIVE SIZE = 1 QUEUE_SIZE = 235
MONITOR: ACTIVE SIZE = 1 QUEUE_SIZE = 234
MONITOR: ACTIVE SIZE = 1 QUEUE_SIZE = 233
MONITOR: ACTIVE SIZE = 1 QUEUE_SIZE = 232
MONITOR: ACTIVE SIZE = 1 QUEUE_SIZE = 231
MONITOR: ACTIVE SIZE = 1 QUEUE_SIZE = 230
MONITOR: ACTIVE SIZE = 1 QUEUE_SIZE = 229
MONITOR: ACTIVE SIZE = 1 QUEUE_SIZE = 228
MONITOR: ACTIVE SIZE = 1 QUEUE_SIZE = 227
MONITOR: ACTIVE SIZE = 1 QUEUE_SIZE = 226
MONITOR: ACTIVE SIZE = 1 QUEUE_SIZE = 225
MONITOR: ACTIVE SIZE = 1 QUEUE_SIZE = 224
MONITOR: ACTIVE SIZE = 1 QUEUE_SIZE = 223
MONITOR: ACTIVE SIZE = 1 QUEUE_SIZE = 222
MONITOR: ACTIVE SIZE = 1 QUEUE_SIZE = 221
MONITOR: ACTIVE SIZE = 1 QUEUE_SIZE = 220
MONITOR: ACTIVE SIZE = 1 QUEUE_SIZE = 219
MONITOR: ACTIVE SIZE = 1 QUEUE_SIZE = 218
MONITOR: ACTIVE SIZE = 1 QUEUE_SIZE = 217
MONITOR: ACTIVE SIZE = 1 QUEUE_SIZE = 216
MONITOR: ACTIVE SIZE = 1 QUEUE_SIZE = 215
MONITOR: ACTIVE SIZE = 1 QUEUE_SIZE = 214
MONITOR: ACTIVE SIZE = 1 QUEUE_SIZE = 213
MONITOR: ACTIVE SIZE = 1 QUEUE_SIZE = 212
MONITOR: ACTIVE SIZE = 1 QUEUE_SIZE = 211
MONITOR: ACTIVE SIZE = 1 QUEUE_SIZE = 210
MONITOR: ACTIVE SIZE = 1 QUEUE_SIZE = 209
MONITOR: ACTIVE SIZE = 1 QUEUE_SIZE = 208
MONITOR: ACTIVE SIZE = 1 QUEUE_SIZE = 207
MONITOR: ACTIVE SIZE = 1 QUEUE_SIZE = 206
MONITOR: ACTIVE SIZE = 1 QUEUE_SIZE = 205
MONITOR: ACTIVE SIZE = 1 QUEUE_SIZE = 204
MONITOR: ACTIVE SIZE = 1 QUEUE_SIZE = 203
MONITOR: ACTIVE SIZE = 1 QUEUE_SIZE = 202
MONITOR: ACTIVE SIZE = 1 QUEUE_SIZE = 201
MONITOR: ACTIVE SIZE = 1 QUEUE_SIZE = 200
MONITOR: ACTIVE SIZE = 1 QUEUE_SIZE = 199
MONITOR: ACTIVE SIZE = 1 QUEUE_SIZE = 198
MONITOR: ACTIVE SIZE = 1 QUEUE_SIZE = 197
MONITOR: ACTIVE SIZE = 1 QUEUE_SIZE = 196
MONITOR: ACTIVE SIZE = 1 QUEUE_SIZE = 195
MONITOR: ACTIVE SIZE = 1 QUEUE_SIZE = 194
MONITOR: ACTIVE SIZE = 1 QUEUE_SIZE = 193
MONITOR: ACTIVE SIZE = 1 QUEUE_SIZE = 192
MONITOR: ACTIVE SIZE = 1 QUEUE_SIZE = 191
MONITOR: ACTIVE SIZE = 1 QUEUE_SIZE = 190
MONITOR: ACTIVE SIZE = 1 QUEUE_SIZE = 189
MONITOR: ACTIVE SIZE = 1 QUEUE_SIZE = 188
MONITOR: ACTIVE SIZE = 1 QUEUE_SIZE = 187
MONITOR: ACTIVE SIZE = 1 QUEUE_SIZE = 186
MONITOR: ACTIVE SIZE = 1 QUEUE_SIZE = 185
MONITOR: ACTIVE SIZE = 1 QUEUE_SIZE = 184
MONITOR: ACTIVE SIZE = 1 QUEUE_SIZE = 183
MONITOR: ACTIVE SIZE = 1 QUEUE_SIZE = 182
MONITOR: ACTIVE SIZE = 1 QUEUE_SIZE = 181
MONITOR: ACTIVE SIZE = 1 QUEUE_SIZE = 180
MONITOR: ACTIVE SIZE = 1 QUEUE_SIZE = 179
MONITOR: ACTIVE SIZE = 1 QUEUE_SIZE = 178
MONITOR: ACTIVE SIZE = 1 QUEUE_SIZE = 177
MONITOR: ACTIVE SIZE = 1 QUEUE_SIZE = 176
MONITOR: ACTIVE SIZE = 1 QUEUE_SIZE = 175
MONITOR: ACTIVE SIZE = 1 QUEUE_SIZE = 174
MONITOR: ACTIVE SIZE = 1 QUEUE_SIZE = 173
MONITOR: ACTIVE SIZE = 1 QUEUE_SIZE = 172
MONITOR: ACTIVE SIZE = 1 QUEUE_SIZE = 171
MONITOR: ACTIVE SIZE = 1 QUEUE_SIZE = 170
MONITOR: ACTIVE SIZE = 1 QUEUE_SIZE = 169
MONITOR: ACTIVE SIZE = 1 QUEUE_SIZE = 168
MONITOR: ACTIVE SIZE = 1 QUEUE_SIZE = 167
MONITOR: ACTIVE SIZE = 1 QUEUE_SIZE = 166
MONITOR: ACTIVE SIZE = 1 QUEUE_SIZE = 165
MONITOR: ACTIVE SIZE = 1 QUEUE_SIZE = 164
MONITOR: ACTIVE SIZE = 1 QUEUE_SIZE = 163
MONITOR: ACTIVE SIZE = 1 QUEUE_SIZE = 162
MONITOR: ACTIVE SIZE = 1 QUEUE_SIZE = 161
MONITOR: ACTIVE SIZE = 1 QUEUE_SIZE = 160
MONITOR: ACTIVE SIZE = 1 QUEUE_SIZE = 159
MONITOR: ACTIVE SIZE = 1 QUEUE_SIZE = 158
MONITOR: ACTIVE SIZE = 1 QUEUE_SIZE = 157
MONITOR: ACTIVE SIZE = 1 QUEUE_SIZE = 156
MONITOR: ACTIVE SIZE = 1 QUEUE_SIZE = 155
MONITOR: ACTIVE SIZE = 1 QUEUE_SIZE = 154
MONITOR: ACTIVE SIZE = 1 QUEUE_SIZE = 153
MONITOR: ACTIVE SIZE = 1 QUEUE_SIZE = 152
MONITOR: ACTIVE SIZE = 1 QUEUE_SIZE = 151
MONITOR: ACTIVE SIZE = 1 QUEUE_SIZE = 150
MONITOR: ACTIVE SIZE = 1 QUEUE_SIZE = 149
MONITOR: ACTIVE SIZE = 1 QUEUE_SIZE = 148
MONITOR: ACTIVE SIZE = 1 QUEUE_SIZE = 147
MONITOR: ACTIVE SIZE = 1 QUEUE_SIZE = 146
MONITOR: ACTIVE SIZE = 1 QUEUE_SIZE = 145
MONITOR: ACTIVE SIZE = 1 QUEUE_SIZE = 144
MONITOR: ACTIVE SIZE = 1 QUEUE_SIZE = 143
MONITOR: ACTIVE SIZE = 1 QUEUE_SIZE = 142
MONITOR: ACTIVE SIZE = 1 QUEUE_SIZE = 141
MONITOR: ACTIVE SIZE = 1 QUEUE_SIZE = 140
MONITOR: ACTIVE SIZE = 1 QUEUE_SIZE = 139
MONITOR: ACTIVE SIZE = 1 QUEUE_SIZE = 138
MONITOR: ACTIVE SIZE = 1 QUEUE_SIZE = 137
MONITOR: ACTIVE SIZE = 1 QUEUE_SIZE = 136
MONITOR: ACTIVE SIZE = 1 QUEUE_SIZE = 135
MONITOR: ACTIVE SIZE = 1 QUEUE_SIZE = 134
MONITOR: ACTIVE SIZE = 1 QUEUE_SIZE = 133
MONITOR: ACTIVE SIZE = 1 QUEUE_SIZE = 132
MONITOR: ACTIVE SIZE = 1 QUEUE_SIZE = 131
MONITOR: ACTIVE SIZE = 1 QUEUE_SIZE = 130
MONITOR: ACTIVE SIZE = 1 QUEUE_SIZE = 129
MONITOR: ACTIVE SIZE = 1 QUEUE_SIZE = 128
MONITOR: ACTIVE SIZE = 1 QUEUE_SIZE = 127
MONITOR: ACTIVE SIZE = 1 QUEUE_SIZE = 126
MONITOR: ACTIVE SIZE = 1 QUEUE_SIZE = 125
MONITOR: ACTIVE SIZE = 1 QUEUE_SIZE = 124
MONITOR: ACTIVE SIZE = 1 QUEUE_SIZE = 123
MONITOR: ACTIVE SIZE = 1 QUEUE_SIZE = 122
MONITOR: ACTIVE SIZE = 1 QUEUE_SIZE = 121
MONITOR: ACTIVE SIZE = 1 QUEUE_SIZE = 120
MONITOR: ACTIVE SIZE = 1 QUEUE_SIZE = 119
MONITOR: ACTIVE SIZE = 1 QUEUE_SIZE = 118
MONITOR: ACTIVE SIZE = 1 QUEUE_SIZE = 117
MONITOR: ACTIVE SIZE = 1 QUEUE_SIZE = 116
MONITOR: ACTIVE SIZE = 1 QUEUE_SIZE = 115
MONITOR: ACTIVE SIZE = 1 QUEUE_SIZE = 114
MONITOR: ACTIVE SIZE = 1 QUEUE_SIZE = 113
MONITOR: ACTIVE SIZE = 1 QUEUE_SIZE = 112
MONITOR: ACTIVE SIZE = 1 QUEUE_SIZE = 111
MONITOR: ACTIVE SIZE = 1 QUEUE_SIZE = 110
MONITOR: ACTIVE SIZE = 1 QUEUE_SIZE = 109
MONITOR: ACTIVE SIZE = 1 QUEUE_SIZE = 108
MONITOR: ACTIVE SIZE = 1 QUEUE_SIZE = 107
MONITOR: ACTIVE SIZE = 1 QUEUE_SIZE = 106
MONITOR: ACTIVE SIZE = 1 QUEUE_SIZE = 105
MONITOR: ACTIVE SIZE = 1 QUEUE_SIZE = 104
MONITOR: ACTIVE SIZE = 1 QUEUE_SIZE = 103
MONITOR: ACTIVE SIZE = 1 QUEUE_SIZE = 102
MONITOR: ACTIVE SIZE = 1 QUEUE_SIZE = 101
MONITOR: ACTIVE SIZE = 1 QUEUE_SIZE = 100
MONITOR: ACTIVE SIZE = 1 QUEUE_SIZE = 99
MONITOR: ACTIVE SIZE = 1 QUEUE_SIZE = 98
MONITOR: ACTIVE SIZE = 1 QUEUE_SIZE = 97
MONITOR: ACTIVE SIZE = 1 QUEUE_SIZE = 96
MONITOR: ACTIVE SIZE = 1 QUEUE_SIZE = 95
MONITOR: ACTIVE SIZE = 1 QUEUE_SIZE = 94
MONITOR: ACTIVE SIZE = 1 QUEUE_SIZE = 93
MONITOR: ACTIVE SIZE = 1 QUEUE_SIZE = 92
MONITOR: ACTIVE SIZE = 1 QUEUE_SIZE = 91
MONITOR: ACTIVE SIZE = 1 QUEUE_SIZE = 90
MONITOR: ACTIVE SIZE = 1 QUEUE_SIZE = 89
MONITOR: ACTIVE SIZE = 1 QUEUE_SIZE = 88
MONITOR: ACTIVE SIZE = 1 QUEUE_SIZE = 87
MONITOR: ACTIVE SIZE = 1 QUEUE_SIZE = 86
MONITOR: ACTIVE SIZE = 1 QUEUE_SIZE = 85
MONITOR: ACTIVE SIZE = 1 QUEUE_SIZE = 84
MONITOR: ACTIVE SIZE = 1 QUEUE_SIZE = 83
MONITOR: ACTIVE SIZE = 1 QUEUE_SIZE = 82
MONITOR: ACTIVE SIZE = 1 QUEUE_SIZE = 81
MONITOR: ACTIVE SIZE = 1 QUEUE_SIZE = 80
MONITOR: ACTIVE SIZE = 1 QUEUE_SIZE = 79
MONITOR: ACTIVE SIZE = 1 QUEUE_SIZE = 78
MONITOR: ACTIVE SIZE = 1 QUEUE_SIZE = 77
MONITOR: ACTIVE SIZE = 1 QUEUE_SIZE = 76
MONITOR: ACTIVE SIZE = 1 QUEUE_SIZE = 75
MONITOR: ACTIVE SIZE = 1 QUEUE_SIZE = 74
MONITOR: ACTIVE SIZE = 1 QUEUE_SIZE = 73
MONITOR: ACTIVE SIZE = 1 QUEUE_SIZE = 72
MONITOR: ACTIVE SIZE = 1 QUEUE_SIZE = 71
MONITOR: ACTIVE SIZE = 1 QUEUE_SIZE = 70
MONITOR: ACTIVE SIZE = 1 QUEUE_SIZE = 69
MONITOR: ACTIVE SIZE = 1 QUEUE_SIZE = 68
MONITOR: ACTIVE SIZE = 1 QUEUE_SIZE = 67
MONITOR: ACTIVE SIZE = 1 QUEUE_SIZE = 66
MONITOR: ACTIVE SIZE = 1 QUEUE_SIZE = 65
MONITOR: ACTIVE SIZE = 1 QUEUE_SIZE = 64
MONITOR: ACTIVE SIZE = 1 QUEUE_SIZE = 63
MONITOR: ACTIVE SIZE = 1 QUEUE_SIZE = 62
MONITOR: ACTIVE SIZE = 1 QUEUE_SIZE = 61
MONITOR: ACTIVE SIZE = 1 QUEUE_SIZE = 60
MONITOR: ACTIVE SIZE = 1 QUEUE_SIZE = 59
MONITOR: ACTIVE SIZE = 1 QUEUE_SIZE = 58
MONITOR: ACTIVE SIZE = 1 QUEUE_SIZE = 57
MONITOR: ACTIVE SIZE = 1 QUEUE_SIZE = 56
MONITOR: ACTIVE SIZE = 1 QUEUE_SIZE = 55
MONITOR: ACTIVE SIZE = 1 QUEUE_SIZE = 54
MONITOR: ACTIVE SIZE = 1 QUEUE_SIZE = 53
MONITOR: ACTIVE SIZE = 1 QUEUE_SIZE = 52
MONITOR: ACTIVE SIZE = 1 QUEUE_SIZE = 51
MONITOR: ACTIVE SIZE = 1 QUEUE_SIZE = 50
MONITOR: ACTIVE SIZE = 1 QUEUE_SIZE = 49
MONITOR: ACTIVE SIZE = 1 QUEUE_SIZE = 48
MONITOR: ACTIVE SIZE = 1 QUEUE_SIZE = 47
MONITOR: ACTIVE SIZE = 1 QUEUE_SIZE = 46
MONITOR: ACTIVE SIZE = 1 QUEUE_SIZE = 45
MONITOR: ACTIVE SIZE = 1 QUEUE_SIZE = 44
MONITOR: ACTIVE SIZE = 1 QUEUE_SIZE = 43
MONITOR: ACTIVE SIZE = 1 QUEUE_SIZE = 42
MONITOR: ACTIVE SIZE = 1 QUEUE_SIZE = 41
MONITOR: ACTIVE SIZE = 1 QUEUE_SIZE = 40
MONITOR: ACTIVE SIZE = 1 QUEUE_SIZE = 39
MONITOR: ACTIVE SIZE = 1 QUEUE_SIZE = 38
MONITOR: ACTIVE SIZE = 1 QUEUE_SIZE = 37
MONITOR: ACTIVE SIZE = 1 QUEUE_SIZE = 36
MONITOR: ACTIVE SIZE = 1 QUEUE_SIZE = 35
MONITOR: ACTIVE SIZE = 1 QUEUE_SIZE = 34
MONITOR: ACTIVE SIZE = 1 QUEUE_SIZE = 33
MONITOR: ACTIVE SIZE = 1 QUEUE_SIZE = 32
MONITOR: ACTIVE SIZE = 1 QUEUE_SIZE = 31
MONITOR: ACTIVE SIZE = 1 QUEUE_SIZE = 30
MONITOR: ACTIVE SIZE = 1 QUEUE_SIZE = 29
MONITOR: ACTIVE SIZE = 1 QUEUE_SIZE = 28
MONITOR: ACTIVE SIZE = 1 QUEUE_SIZE = 27
MONITOR: ACTIVE SIZE = 1 QUEUE_SIZE = 26
MONITOR: ACTIVE SIZE = 1 QUEUE_SIZE = 25
MONITOR: ACTIVE SIZE = 1 QUEUE_SIZE = 24
MONITOR: ACTIVE SIZE = 1 QUEUE_SIZE = 23
MONITOR: ACTIVE SIZE = 1 QUEUE_SIZE = 22
MONITOR: ACTIVE SIZE = 1 QUEUE_SIZE = 21
MONITOR: ACTIVE SIZE = 1 QUEUE_SIZE = 20
MONITOR: ACTIVE SIZE = 1 QUEUE_SIZE = 19
MONITOR: ACTIVE SIZE = 1 QUEUE_SIZE = 18
MONITOR: ACTIVE SIZE = 1 QUEUE_SIZE = 17
MONITOR: ACTIVE SIZE = 1 QUEUE_SIZE = 16
MONITOR: ACTIVE SIZE = 1 QUEUE_SIZE = 15
MONITOR: ACTIVE SIZE = 1 QUEUE_SIZE = 14
MONITOR: ACTIVE SIZE = 1 QUEUE_SIZE = 13
MONITOR: ACTIVE SIZE = 1 QUEUE_SIZE = 12
MONITOR: ACTIVE SIZE = 1 QUEUE_SIZE = 11
MONITOR: ACTIVE SIZE = 1 QUEUE_SIZE = 10
MONITOR: ACTIVE SIZE = 1 QUEUE_SIZE = 9
MONITOR: ACTIVE SIZE = 1 QUEUE_SIZE = 8
MONITOR: ACTIVE SIZE = 1 QUEUE_SIZE = 7
MONITOR: ACTIVE SIZE = 1 QUEUE_SIZE = 6
MONITOR: ACTIVE SIZE = 1 QUEUE_SIZE = 5
MONITOR: ACTIVE SIZE = 1 QUEUE_SIZE = 4
MONITOR: ACTIVE SIZE = 1 QUEUE_SIZE = 3
MONITOR: ACTIVE SIZE = 1 QUEUE_SIZE = 2
MONITOR: ACTIVE SIZE = 1 QUEUE_SIZE = 1
MONITOR: ACTIVE SIZE = 1 QUEUE_SIZE = 0
NEW ELAPSED TIME: 52.79210
NEW ELAPSED TOTAL CPU TIME: 327.03292
---------------------------------
dyn_auto_redis : running with 16 processors
RUN ARGS: 
Namespace(attr=None, consumer_timeout=None, data='{"read" : [ {"input" : "cp_coordinates_300.txt"} ]}', file=None, idle_time=1000, iter=1, module='int_ext_graph_skew.py', num=16, provenance=None, target='dyn_auto_redis')
==========
MONITOR: ACTIVE SIZE = 9, AVG IDLE = 0.0
MONITOR: ACTIVE SIZE = 10, AVG IDLE = 0.0
MONITOR: ACTIVE SIZE = 11, AVG IDLE = 0.0
MONITOR: ACTIVE SIZE = 12, AVG IDLE = 0.0
MONITOR: ACTIVE SIZE = 13, AVG IDLE = 0.0
MONITOR: ACTIVE SIZE = 14, AVG IDLE = 0.0
MONITOR: ACTIVE SIZE = 15, AVG IDLE = 0.0
MONITOR: ACTIVE SIZE = 15, AVG IDLE = 0.0
MONITOR: ACTIVE SIZE = 15, AVG IDLE = 0.0
MONITOR: ACTIVE SIZE = 15, AVG IDLE = 0.06666666666666667
MONITOR: ACTIVE SIZE = 15, AVG IDLE = 0.13333333333333333
MONITOR: ACTIVE SIZE = 15, AVG IDLE = 2.466666666666667
MONITOR: ACTIVE SIZE = 15, AVG IDLE = 2.8666666666666667
MONITOR: ACTIVE SIZE = 15, AVG IDLE = 3.4
MONITOR: ACTIVE SIZE = 15, AVG IDLE = 4.0
MONITOR: ACTIVE SIZE = 14, AVG IDLE = 1102.0
MONITOR: ACTIVE SIZE = 13, AVG IDLE = 1102.357142857143
MONITOR: ACTIVE SIZE = 12, AVG IDLE = 1102.7692307692307
MONITOR: ACTIVE SIZE = 11, AVG IDLE = 1010.5
MONITOR: ACTIVE SIZE = 12, AVG IDLE = 801.3636363636364
MONITOR: ACTIVE SIZE = 13, AVG IDLE = 827.6666666666666
MONITOR: ACTIVE SIZE = 14, AVG IDLE = 765.0
MONITOR: ACTIVE SIZE = 15, AVG IDLE = 790.5
MONITOR: ACTIVE SIZE = 15, AVG IDLE = 663.8666666666667
MONITOR: ACTIVE SIZE = 15, AVG IDLE = 590.9333333333333
MONITOR: ACTIVE SIZE = 15, AVG IDLE = 444.0
MONITOR: ACTIVE SIZE = 15, AVG IDLE = 445.0
MONITOR: ACTIVE SIZE = 15, AVG IDLE = 298.1333333333333
MONITOR: ACTIVE SIZE = 15, AVG IDLE = 299.1333333333333
MONITOR: ACTIVE SIZE = 15, AVG IDLE = 226.2
MONITOR: ACTIVE SIZE = 14, AVG IDLE = 1042.4666666666667
MONITOR: ACTIVE SIZE = 13, AVG IDLE = 1043.0
MONITOR: ACTIVE SIZE = 12, AVG IDLE = 1042.5384615384614
MONITOR: ACTIVE SIZE = 13, AVG IDLE = 955.75
MONITOR: ACTIVE SIZE = 14, AVG IDLE = 883.1538461538462
MONITOR: ACTIVE SIZE = 15, AVG IDLE = 821.0714285714286
MONITOR: ACTIVE SIZE = 15, AVG IDLE = 766.3333333333334
MONITOR: ACTIVE SIZE = 15, AVG IDLE = 697.4
MONITOR: ACTIVE SIZE = 15, AVG IDLE = 698.4
MONITOR: ACTIVE SIZE = 15, AVG IDLE = 559.4666666666667
MONITOR: ACTIVE SIZE = 15, AVG IDLE = 489.53333333333336
MONITOR: ACTIVE SIZE = 15, AVG IDLE = 490.53333333333336
MONITOR: ACTIVE SIZE = 15, AVG IDLE = 351.53333333333336
MONITOR: ACTIVE SIZE = 15, AVG IDLE = 282.6
MONITOR: ACTIVE SIZE = 15, AVG IDLE = 212.66666666666666
MONITOR: ACTIVE SIZE = 14, AVG IDLE = 1236.9333333333334
MONITOR: ACTIVE SIZE = 13, AVG IDLE = 1237.5714285714287
MONITOR: ACTIVE SIZE = 12, AVG IDLE = 1237.2307692307693
MONITOR: ACTIVE SIZE = 11, AVG IDLE = 1134.3333333333333
MONITOR: ACTIVE SIZE = 10, AVG IDLE = 1012.9090909090909
MONITOR: ACTIVE SIZE = 11, AVG IDLE = 866.1
MONITOR: ACTIVE SIZE = 12, AVG IDLE = 788.2727272727273
MONITOR: ACTIVE SIZE = 13, AVG IDLE = 723.5
MONITOR: ACTIVE SIZE = 14, AVG IDLE = 668.8461538461538
MONITOR: ACTIVE SIZE = 15, AVG IDLE = 622.0714285714286
MONITOR: ACTIVE SIZE = 15, AVG IDLE = 580.6
MONITOR: ACTIVE SIZE = 15, AVG IDLE = 498.73333333333335
MONITOR: ACTIVE SIZE = 15, AVG IDLE = 416.8666666666667
MONITOR: ACTIVE SIZE = 15, AVG IDLE = 333.93333333333334
MONITOR: ACTIVE SIZE = 15, AVG IDLE = 252.0
MONITOR: ACTIVE SIZE = 14, AVG IDLE = 1083.2666666666667
MONITOR: ACTIVE SIZE = 13, AVG IDLE = 1084.9285714285713
MONITOR: ACTIVE SIZE = 12, AVG IDLE = 1084.5384615384614
MONITOR: ACTIVE SIZE = 13, AVG IDLE = 994.4166666666666
MONITOR: ACTIVE SIZE = 14, AVG IDLE = 918.8461538461538
MONITOR: ACTIVE SIZE = 15, AVG IDLE = 854.2142857142857
MONITOR: ACTIVE SIZE = 15, AVG IDLE = 798.2666666666667
MONITOR: ACTIVE SIZE = 15, AVG IDLE = 726.5333333333333
MONITOR: ACTIVE SIZE = 15, AVG IDLE = 654.7333333333333
MONITOR: ACTIVE SIZE = 15, AVG IDLE = 581.9333333333333
MONITOR: ACTIVE SIZE = 15, AVG IDLE = 510.1333333333333
MONITOR: ACTIVE SIZE = 15, AVG IDLE = 438.26666666666665
MONITOR: ACTIVE SIZE = 15, AVG IDLE = 365.46666666666664
MONITOR: ACTIVE SIZE = 15, AVG IDLE = 293.6666666666667
MONITOR: ACTIVE SIZE = 15, AVG IDLE = 221.86666666666667
MONITOR: ACTIVE SIZE = 14, AVG IDLE = 1601.4666666666667
MONITOR: ACTIVE SIZE = 13, AVG IDLE = 1603.0714285714287
MONITOR: ACTIVE SIZE = 12, AVG IDLE = 1602.6923076923076
MONITOR: ACTIVE SIZE = 11, AVG IDLE = 1469.25
MONITOR: ACTIVE SIZE = 10, AVG IDLE = 1311.7272727272727
MONITOR: ACTIVE SIZE = 9, AVG IDLE = 1122.8
MONITOR: ACTIVE SIZE = 10, AVG IDLE = 890.8888888888889
MONITOR: ACTIVE SIZE = 11, AVG IDLE = 802.7
MONITOR: ACTIVE SIZE = 12, AVG IDLE = 584.7272727272727
MONITOR: ACTIVE SIZE = 13, AVG IDLE = 670.8333333333334
MONITOR: ACTIVE SIZE = 14, AVG IDLE = 620.2307692307693
MONITOR: ACTIVE SIZE = 15, AVG IDLE = 576.9285714285714
MONITOR: ACTIVE SIZE = 15, AVG IDLE = 538.4666666666667
MONITOR: ACTIVE SIZE = 15, AVG IDLE = 432.1333333333333
MONITOR: ACTIVE SIZE = 15, AVG IDLE = 218.46666666666667
MONITOR: ACTIVE SIZE = 14, AVG IDLE = 1346.8
MONITOR: ACTIVE SIZE = 13, AVG IDLE = 1347.4285714285713
MONITOR: ACTIVE SIZE = 12, AVG IDLE = 1348.0
MONITOR: ACTIVE SIZE = 11, AVG IDLE = 1234.9166666666667
MONITOR: ACTIVE SIZE = 10, AVG IDLE = 1102.4545454545455
MONITOR: ACTIVE SIZE = 11, AVG IDLE = 943.5
MONITOR: ACTIVE SIZE = 12, AVG IDLE = 858.7272727272727
MONITOR: ACTIVE SIZE = 13, AVG IDLE = 788.1666666666666
MONITOR: ACTIVE SIZE = 14, AVG IDLE = 727.5384615384615
MONITOR: ACTIVE SIZE = 15, AVG IDLE = 676.5
MONITOR: ACTIVE SIZE = 15, AVG IDLE = 632.4
MONITOR: ACTIVE SIZE = 15, AVG IDLE = 543.1333333333333
MONITOR: ACTIVE SIZE = 15, AVG IDLE = 452.8666666666667
MONITOR: ACTIVE SIZE = 15, AVG IDLE = 363.6
MONITOR: ACTIVE SIZE = 15, AVG IDLE = 274.3333333333333
MONITOR: ACTIVE SIZE = 14, AVG IDLE = 1386.5333333333333
MONITOR: ACTIVE SIZE = 13, AVG IDLE = 1386.142857142857
MONITOR: ACTIVE SIZE = 12, AVG IDLE = 1386.7692307692307
MONITOR: ACTIVE SIZE = 11, AVG IDLE = 1271.4166666666667
MONITOR: ACTIVE SIZE = 10, AVG IDLE = 1008.8181818181819
MONITOR: ACTIVE SIZE = 11, AVG IDLE = 971.7
MONITOR: ACTIVE SIZE = 12, AVG IDLE = 884.3636363636364
MONITOR: ACTIVE SIZE = 13, AVG IDLE = 810.6666666666666
MONITOR: ACTIVE SIZE = 14, AVG IDLE = 642.1538461538462
MONITOR: ACTIVE SIZE = 15, AVG IDLE = 696.7142857142857
MONITOR: ACTIVE SIZE = 15, AVG IDLE = 651.2666666666667
MONITOR: ACTIVE SIZE = 15, AVG IDLE = 558.3333333333334
MONITOR: ACTIVE SIZE = 15, AVG IDLE = 466.46666666666664
MONITOR: ACTIVE SIZE = 15, AVG IDLE = 374.6
MONITOR: ACTIVE SIZE = 15, AVG IDLE = 281.73333333333335
MONITOR: ACTIVE SIZE = 14, AVG IDLE = 1306.0666666666666
MONITOR: ACTIVE SIZE = 13, AVG IDLE = 1306.7142857142858
MONITOR: ACTIVE SIZE = 12, AVG IDLE = 1307.3076923076924
MONITOR: ACTIVE SIZE = 11, AVG IDLE = 1306.9166666666667
MONITOR: ACTIVE SIZE = 10, AVG IDLE = 1069.2727272727273
MONITOR: ACTIVE SIZE = 11, AVG IDLE = 915.2
MONITOR: ACTIVE SIZE = 12, AVG IDLE = 833.0
MONITOR: ACTIVE SIZE = 13, AVG IDLE = 655.3333333333334
MONITOR: ACTIVE SIZE = 14, AVG IDLE = 706.7692307692307
MONITOR: ACTIVE SIZE = 15, AVG IDLE = 656.2857142857143
MONITOR: ACTIVE SIZE = 15, AVG IDLE = 613.4666666666667
MONITOR: ACTIVE SIZE = 15, AVG IDLE = 526.8666666666667
MONITOR: ACTIVE SIZE = 15, AVG IDLE = 440.2
MONITOR: ACTIVE SIZE = 15, AVG IDLE = 352.6
MONITOR: ACTIVE SIZE = 15, AVG IDLE = 266.0
MONITOR: ACTIVE SIZE = 15, AVG IDLE = 810.2
MONITOR: ACTIVE SIZE = 15, AVG IDLE = 811.2
MONITOR: ACTIVE SIZE = 15, AVG IDLE = 812.2
MONITOR: ACTIVE SIZE = 15, AVG IDLE = 757.7333333333333
MONITOR: ACTIVE SIZE = 15, AVG IDLE = 704.2
MONITOR: ACTIVE SIZE = 15, AVG IDLE = 650.7333333333333
MONITOR: ACTIVE SIZE = 15, AVG IDLE = 597.2
MONITOR: ACTIVE SIZE = 15, AVG IDLE = 542.6666666666666
MONITOR: ACTIVE SIZE = 15, AVG IDLE = 489.1333333333333
MONITOR: ACTIVE SIZE = 15, AVG IDLE = 435.6666666666667
MONITOR: ACTIVE SIZE = 15, AVG IDLE = 382.2
MONITOR: ACTIVE SIZE = 15, AVG IDLE = 327.73333333333335
MONITOR: ACTIVE SIZE = 15, AVG IDLE = 274.26666666666665
MONITOR: ACTIVE SIZE = 15, AVG IDLE = 220.8
MONITOR: ACTIVE SIZE = 15, AVG IDLE = 167.33333333333334
MONITOR: ACTIVE SIZE = 14, AVG IDLE = 1168.9333333333334
MONITOR: ACTIVE SIZE = 13, AVG IDLE = 1169.5714285714287
MONITOR: ACTIVE SIZE = 12, AVG IDLE = 1170.2307692307693
MONITOR: ACTIVE SIZE = 11, AVG IDLE = 1072.9166666666667
MONITOR: ACTIVE SIZE = 12, AVG IDLE = 958.0909090909091
MONITOR: ACTIVE SIZE = 13, AVG IDLE = 878.25
MONITOR: ACTIVE SIZE = 14, AVG IDLE = 811.6923076923077
MONITOR: ACTIVE SIZE = 15, AVG IDLE = 754.7142857142857
MONITOR: ACTIVE SIZE = 15, AVG IDLE = 704.4
MONITOR: ACTIVE SIZE = 15, AVG IDLE = 626.9333333333333
MONITOR: ACTIVE SIZE = 15, AVG IDLE = 627.9333333333333
MONITOR: ACTIVE SIZE = 15, AVG IDLE = 472.06666666666666
MONITOR: ACTIVE SIZE = 15, AVG IDLE = 393.6666666666667
MONITOR: ACTIVE SIZE = 15, AVG IDLE = 316.2
MONITOR: ACTIVE SIZE = 15, AVG IDLE = 238.8
MONITOR: ACTIVE SIZE = 14, AVG IDLE = 1427.5333333333333
MONITOR: ACTIVE SIZE = 13, AVG IDLE = 1428.2142857142858
MONITOR: ACTIVE SIZE = 12, AVG IDLE = 1427.8461538461538
MONITOR: ACTIVE SIZE = 11, AVG IDLE = 1309.0833333333333
MONITOR: ACTIVE SIZE = 10, AVG IDLE = 1168.8181818181818
MONITOR: ACTIVE SIZE = 9, AVG IDLE = 1000.6
MONITOR: ACTIVE SIZE = 10, AVG IDLE = 793.8888888888889
MONITOR: ACTIVE SIZE = 11, AVG IDLE = 715.5
MONITOR: ACTIVE SIZE = 12, AVG IDLE = 651.4545454545455
MONITOR: ACTIVE SIZE = 13, AVG IDLE = 598.1666666666666
MONITOR: ACTIVE SIZE = 14, AVG IDLE = 552.1538461538462
MONITOR: ACTIVE SIZE = 15, AVG IDLE = 513.6428571428571
MONITOR: ACTIVE SIZE = 15, AVG IDLE = 480.4
MONITOR: ACTIVE SIZE = 15, AVG IDLE = 384.8
MONITOR: ACTIVE SIZE = 15, AVG IDLE = 290.1333333333333
MONITOR: ACTIVE SIZE = 14, AVG IDLE = 1330.2666666666667
MONITOR: ACTIVE SIZE = 13, AVG IDLE = 1331.9285714285713
MONITOR: ACTIVE SIZE = 12, AVG IDLE = 1331.5384615384614
MONITOR: ACTIVE SIZE = 11, AVG IDLE = 1220.9166666666667
MONITOR: ACTIVE SIZE = 10, AVG IDLE = 1090.090909090909
MONITOR: ACTIVE SIZE = 11, AVG IDLE = 932.2
MONITOR: ACTIVE SIZE = 12, AVG IDLE = 848.3636363636364
MONITOR: ACTIVE SIZE = 13, AVG IDLE = 778.6666666666666
MONITOR: ACTIVE SIZE = 14, AVG IDLE = 718.7692307692307
MONITOR: ACTIVE SIZE = 15, AVG IDLE = 668.3571428571429
MONITOR: ACTIVE SIZE = 15, AVG IDLE = 624.8
MONITOR: ACTIVE SIZE = 15, AVG IDLE = 535.6666666666666
MONITOR: ACTIVE SIZE = 15, AVG IDLE = 447.46666666666664
MONITOR: ACTIVE SIZE = 15, AVG IDLE = 448.46666666666664
MONITOR: ACTIVE SIZE = 15, AVG IDLE = 271.1333333333333
MONITOR: ACTIVE SIZE = 14, AVG IDLE = 1177.6
MONITOR: ACTIVE SIZE = 13, AVG IDLE = 1178.2142857142858
MONITOR: ACTIVE SIZE = 12, AVG IDLE = 1178.8461538461538
MONITOR: ACTIVE SIZE = 11, AVG IDLE = 1178.5
MONITOR: ACTIVE SIZE = 12, AVG IDLE = 964.1818181818181
MONITOR: ACTIVE SIZE = 13, AVG IDLE = 884.75
MONITOR: ACTIVE SIZE = 14, AVG IDLE = 817.6923076923077
MONITOR: ACTIVE SIZE = 15, AVG IDLE = 759.2857142857143
MONITOR: ACTIVE SIZE = 15, AVG IDLE = 709.6
MONITOR: ACTIVE SIZE = 15, AVG IDLE = 631.6
MONITOR: ACTIVE SIZE = 15, AVG IDLE = 553.5333333333333
MONITOR: ACTIVE SIZE = 15, AVG IDLE = 475.53333333333336
MONITOR: ACTIVE SIZE = 15, AVG IDLE = 397.53333333333336
MONITOR: ACTIVE SIZE = 15, AVG IDLE = 318.53333333333336
MONITOR: ACTIVE SIZE = 15, AVG IDLE = 240.53333333333333
MONITOR: ACTIVE SIZE = 14, AVG IDLE = 1008.2666666666667
MONITOR: ACTIVE SIZE = 13, AVG IDLE = 1008.9285714285714
MONITOR: ACTIVE SIZE = 12, AVG IDLE = 1009.5384615384615
MONITOR: ACTIVE SIZE = 13, AVG IDLE = 924.6666666666666
MONITOR: ACTIVE SIZE = 14, AVG IDLE = 854.4615384615385
MONITOR: ACTIVE SIZE = 15, AVG IDLE = 794.4285714285714
MONITOR: ACTIVE SIZE = 15, AVG IDLE = 742.4
MONITOR: ACTIVE SIZE = 15, AVG IDLE = 674.6666666666666
MONITOR: ACTIVE SIZE = 15, AVG IDLE = 607.9333333333333
MONITOR: ACTIVE SIZE = 15, AVG IDLE = 541.2666666666667
MONITOR: ACTIVE SIZE = 15, AVG IDLE = 474.6
MONITOR: ACTIVE SIZE = 15, AVG IDLE = 406.8666666666667
MONITOR: ACTIVE SIZE = 15, AVG IDLE = 340.1333333333333
MONITOR: ACTIVE SIZE = 15, AVG IDLE = 273.46666666666664
MONITOR: ACTIVE SIZE = 15, AVG IDLE = 205.73333333333332
MONITOR: ACTIVE SIZE = 15, AVG IDLE = 850.8666666666667
MONITOR: ACTIVE SIZE = 15, AVG IDLE = 851.8666666666667
MONITOR: ACTIVE SIZE = 15, AVG IDLE = 851.8666666666667
MONITOR: ACTIVE SIZE = 15, AVG IDLE = 795.7333333333333
MONITOR: ACTIVE SIZE = 15, AVG IDLE = 739.6
MONITOR: ACTIVE SIZE = 15, AVG IDLE = 683.4
MONITOR: ACTIVE SIZE = 15, AVG IDLE = 626.2666666666667
MONITOR: ACTIVE SIZE = 15, AVG IDLE = 570.1333333333333
MONITOR: ACTIVE SIZE = 15, AVG IDLE = 514.0
MONITOR: ACTIVE SIZE = 15, AVG IDLE = 514.0
MONITOR: ACTIVE SIZE = 15, AVG IDLE = 400.53333333333336
MONITOR: ACTIVE SIZE = 15, AVG IDLE = 344.3333333333333
MONITOR: ACTIVE SIZE = 15, AVG IDLE = 288.2
MONITOR: ACTIVE SIZE = 15, AVG IDLE = 231.0
MONITOR: ACTIVE SIZE = 15, AVG IDLE = 174.8
MONITOR: ACTIVE SIZE = 14, AVG IDLE = 1223.2666666666667
MONITOR: ACTIVE SIZE = 13, AVG IDLE = 1223.857142857143
MONITOR: ACTIVE SIZE = 12, AVG IDLE = 1223.4615384615386
MONITOR: ACTIVE SIZE = 11, AVG IDLE = 1121.75
MONITOR: ACTIVE SIZE = 10, AVG IDLE = 1001.4545454545455
MONITOR: ACTIVE SIZE = 11, AVG IDLE = 857.4
MONITOR: ACTIVE SIZE = 12, AVG IDLE = 779.4545454545455
MONITOR: ACTIVE SIZE = 13, AVG IDLE = 715.4166666666666
MONITOR: ACTIVE SIZE = 14, AVG IDLE = 661.3846153846154
MONITOR: ACTIVE SIZE = 15, AVG IDLE = 614.1428571428571
MONITOR: ACTIVE SIZE = 15, AVG IDLE = 574.1333333333333
MONITOR: ACTIVE SIZE = 15, AVG IDLE = 493.2
MONITOR: ACTIVE SIZE = 15, AVG IDLE = 412.2
MONITOR: ACTIVE SIZE = 15, AVG IDLE = 330.2
MONITOR: ACTIVE SIZE = 15, AVG IDLE = 167.2
MONITOR: ACTIVE SIZE = 15, AVG IDLE = 943.2
MONITOR: ACTIVE SIZE = 15, AVG IDLE = 943.2
MONITOR: ACTIVE SIZE = 15, AVG IDLE = 944.2
MONITOR: ACTIVE SIZE = 15, AVG IDLE = 881.8666666666667
MONITOR: ACTIVE SIZE = 15, AVG IDLE = 819.6
MONITOR: ACTIVE SIZE = 15, AVG IDLE = 756.2666666666667
MONITOR: ACTIVE SIZE = 15, AVG IDLE = 693.9333333333333
MONITOR: ACTIVE SIZE = 15, AVG IDLE = 631.6
MONITOR: ACTIVE SIZE = 15, AVG IDLE = 569.2666666666667
MONITOR: ACTIVE SIZE = 15, AVG IDLE = 506.93333333333334
MONITOR: ACTIVE SIZE = 15, AVG IDLE = 443.6
MONITOR: ACTIVE SIZE = 15, AVG IDLE = 381.26666666666665
MONITOR: ACTIVE SIZE = 15, AVG IDLE = 318.93333333333334
MONITOR: ACTIVE SIZE = 15, AVG IDLE = 255.6
MONITOR: ACTIVE SIZE = 15, AVG IDLE = 193.26666666666668
MONITOR: ACTIVE SIZE = 15, AVG IDLE = 999.2
MONITOR: ACTIVE SIZE = 15, AVG IDLE = 999.2
MONITOR: ACTIVE SIZE = 14, AVG IDLE = 1000.2
MONITOR: ACTIVE SIZE = 15, AVG IDLE = 929.0
MONITOR: ACTIVE SIZE = 15, AVG IDLE = 868.0666666666667
MONITOR: ACTIVE SIZE = 15, AVG IDLE = 801.0
MONITOR: ACTIVE SIZE = 15, AVG IDLE = 734.9333333333333
MONITOR: ACTIVE SIZE = 15, AVG IDLE = 735.9333333333333
MONITOR: ACTIVE SIZE = 15, AVG IDLE = 602.8
MONITOR: ACTIVE SIZE = 15, AVG IDLE = 535.7333333333333
MONITOR: ACTIVE SIZE = 15, AVG IDLE = 469.6666666666667
MONITOR: ACTIVE SIZE = 15, AVG IDLE = 403.6
MONITOR: ACTIVE SIZE = 15, AVG IDLE = 337.53333333333336
MONITOR: ACTIVE SIZE = 15, AVG IDLE = 270.46666666666664
MONITOR: ACTIVE SIZE = 15, AVG IDLE = 204.4
MONITOR: ACTIVE SIZE = 15, AVG IDLE = 957.3333333333334
MONITOR: ACTIVE SIZE = 15, AVG IDLE = 958.3333333333334
MONITOR: ACTIVE SIZE = 15, AVG IDLE = 959.3333333333334
MONITOR: ACTIVE SIZE = 15, AVG IDLE = 896.0
MONITOR: ACTIVE SIZE = 15, AVG IDLE = 832.6666666666666
MONITOR: ACTIVE SIZE = 15, AVG IDLE = 768.3333333333334
MONITOR: ACTIVE SIZE = 15, AVG IDLE = 705.0
MONITOR: ACTIVE SIZE = 15, AVG IDLE = 641.7333333333333
MONITOR: ACTIVE SIZE = 15, AVG IDLE = 578.4
MONITOR: ACTIVE SIZE = 15, AVG IDLE = 514.0666666666667
MONITOR: ACTIVE SIZE = 15, AVG IDLE = 450.73333333333335
MONITOR: ACTIVE SIZE = 15, AVG IDLE = 387.3333333333333
MONITOR: ACTIVE SIZE = 15, AVG IDLE = 323.93333333333334
MONITOR: ACTIVE SIZE = 15, AVG IDLE = 260.6
MONITOR: ACTIVE SIZE = 15, AVG IDLE = 196.26666666666668
MONITOR: ACTIVE SIZE = 15, AVG IDLE = 874.1333333333333
MONITOR: ACTIVE SIZE = 15, AVG IDLE = 875.1333333333333
MONITOR: ACTIVE SIZE = 15, AVG IDLE = 875.1333333333333
MONITOR: ACTIVE SIZE = 15, AVG IDLE = 817.4
MONITOR: ACTIVE SIZE = 15, AVG IDLE = 700.8666666666667
MONITOR: ACTIVE SIZE = 15, AVG IDLE = 701.8666666666667
MONITOR: ACTIVE SIZE = 15, AVG IDLE = 702.8666666666667
MONITOR: ACTIVE SIZE = 15, AVG IDLE = 585.2666666666667
MONITOR: ACTIVE SIZE = 15, AVG IDLE = 527.4666666666667
MONITOR: ACTIVE SIZE = 15, AVG IDLE = 469.73333333333335
MONITOR: ACTIVE SIZE = 15, AVG IDLE = 412.0
MONITOR: ACTIVE SIZE = 15, AVG IDLE = 353.26666666666665
MONITOR: ACTIVE SIZE = 15, AVG IDLE = 295.53333333333336
MONITOR: ACTIVE SIZE = 15, AVG IDLE = 237.8
MONITOR: ACTIVE SIZE = 15, AVG IDLE = 180.06666666666666
MONITOR: ACTIVE SIZE = 15, AVG IDLE = 677.7333333333333
MONITOR: ACTIVE SIZE = 15, AVG IDLE = 678.7333333333333
MONITOR: ACTIVE SIZE = 15, AVG IDLE = 678.7333333333333
MONITOR: ACTIVE SIZE = 15, AVG IDLE = 634.0666666666667
MONITOR: ACTIVE SIZE = 15, AVG IDLE = 589.4666666666667
MONITOR: ACTIVE SIZE = 15, AVG IDLE = 544.8
MONITOR: ACTIVE SIZE = 15, AVG IDLE = 500.2
MONITOR: ACTIVE SIZE = 15, AVG IDLE = 454.53333333333336
MONITOR: ACTIVE SIZE = 15, AVG IDLE = 409.8666666666667
MONITOR: ACTIVE SIZE = 15, AVG IDLE = 365.2
MONITOR: ACTIVE SIZE = 15, AVG IDLE = 320.53333333333336
MONITOR: ACTIVE SIZE = 15, AVG IDLE = 274.8666666666667
MONITOR: ACTIVE SIZE = 15, AVG IDLE = 230.26666666666668
MONITOR: ACTIVE SIZE = 15, AVG IDLE = 185.53333333333333
MONITOR: ACTIVE SIZE = 15, AVG IDLE = 140.86666666666667
MONITOR: ACTIVE SIZE = 15, AVG IDLE = 453.93333333333334
MONITOR: ACTIVE SIZE = 15, AVG IDLE = 454.93333333333334
MONITOR: ACTIVE SIZE = 15, AVG IDLE = 455.93333333333334
MONITOR: ACTIVE SIZE = 15, AVG IDLE = 426.2
MONITOR: ACTIVE SIZE = 15, AVG IDLE = 395.4
MONITOR: ACTIVE SIZE = 15, AVG IDLE = 365.6
MONITOR: ACTIVE SIZE = 15, AVG IDLE = 335.8
MONITOR: ACTIVE SIZE = 15, AVG IDLE = 306.06666666666666
MONITOR: ACTIVE SIZE = 15, AVG IDLE = 276.3333333333333
MONITOR: ACTIVE SIZE = 15, AVG IDLE = 216.73333333333332
MONITOR: ACTIVE SIZE = 15, AVG IDLE = 187.86666666666667
MONITOR: ACTIVE SIZE = 15, AVG IDLE = 162.86666666666667
MONITOR: ACTIVE SIZE = 15, AVG IDLE = 163.86666666666667
MONITOR: ACTIVE SIZE = 15, AVG IDLE = 102.26666666666667
MONITOR: ACTIVE SIZE = 15, AVG IDLE = 71.93333333333334
MONITOR: ACTIVE SIZE = 15, AVG IDLE = 409.2
MONITOR: ACTIVE SIZE = 15, AVG IDLE = 410.2
MONITOR: ACTIVE SIZE = 15, AVG IDLE = 411.2
MONITOR: ACTIVE SIZE = 15, AVG IDLE = 356.1333333333333
MONITOR: ACTIVE SIZE = 15, AVG IDLE = 330.06666666666666
MONITOR: ACTIVE SIZE = 15, AVG IDLE = 331.06666666666666
MONITOR: ACTIVE SIZE = 15, AVG IDLE = 304.0
MONITOR: ACTIVE SIZE = 15, AVG IDLE = 248.73333333333332
MONITOR: ACTIVE SIZE = 15, AVG IDLE = 221.6
MONITOR: ACTIVE SIZE = 15, AVG IDLE = 194.46666666666667
MONITOR: ACTIVE SIZE = 15, AVG IDLE = 168.4
MONITOR: ACTIVE SIZE = 15, AVG IDLE = 140.4
MONITOR: ACTIVE SIZE = 15, AVG IDLE = 141.4
MONITOR: ACTIVE SIZE = 15, AVG IDLE = 114.66666666666667
MONITOR: ACTIVE SIZE = 15, AVG IDLE = 88.0
MONITOR: ACTIVE SIZE = 15, AVG IDLE = 327.0
MONITOR: ACTIVE SIZE = 15, AVG IDLE = 328.0
MONITOR: ACTIVE SIZE = 15, AVG IDLE = 329.0
MONITOR: ACTIVE SIZE = 15, AVG IDLE = 306.6
MONITOR: ACTIVE SIZE = 15, AVG IDLE = 285.1333333333333
MONITOR: ACTIVE SIZE = 15, AVG IDLE = 263.73333333333335
MONITOR: ACTIVE SIZE = 15, AVG IDLE = 242.4
MONITOR: ACTIVE SIZE = 15, AVG IDLE = 200.73333333333332
MONITOR: ACTIVE SIZE = 15, AVG IDLE = 201.73333333333332
MONITOR: ACTIVE SIZE = 15, AVG IDLE = 157.73333333333332
MONITOR: ACTIVE SIZE = 15, AVG IDLE = 158.73333333333332
MONITOR: ACTIVE SIZE = 15, AVG IDLE = 137.2
MONITOR: ACTIVE SIZE = 15, AVG IDLE = 72.8
MONITOR: ACTIVE SIZE = 15, AVG IDLE = 74.8
MONITOR: ACTIVE SIZE = 15, AVG IDLE = 75.8
MONITOR: ACTIVE SIZE = 15, AVG IDLE = 306.8
MONITOR: ACTIVE SIZE = 15, AVG IDLE = 307.8
MONITOR: ACTIVE SIZE = 15, AVG IDLE = 308.8
MONITOR: ACTIVE SIZE = 15, AVG IDLE = 287.6666666666667
MONITOR: ACTIVE SIZE = 15, AVG IDLE = 267.53333333333336
MONITOR: ACTIVE SIZE = 15, AVG IDLE = 247.4
MONITOR: ACTIVE SIZE = 15, AVG IDLE = 227.26666666666668
MONITOR: ACTIVE SIZE = 15, AVG IDLE = 207.13333333333333
MONITOR: ACTIVE SIZE = 15, AVG IDLE = 166.06666666666666
MONITOR: ACTIVE SIZE = 15, AVG IDLE = 167.06666666666666
MONITOR: ACTIVE SIZE = 15, AVG IDLE = 147.0
MONITOR: ACTIVE SIZE = 15, AVG IDLE = 127.06666666666666
MONITOR: ACTIVE SIZE = 15, AVG IDLE = 107.06666666666666
MONITOR: ACTIVE SIZE = 15, AVG IDLE = 86.06666666666666
MONITOR: ACTIVE SIZE = 15, AVG IDLE = 66.2
MONITOR: ACTIVE SIZE = 15, AVG IDLE = 216.0
MONITOR: ACTIVE SIZE = 15, AVG IDLE = 217.0
MONITOR: ACTIVE SIZE = 15, AVG IDLE = 218.0
MONITOR: ACTIVE SIZE = 15, AVG IDLE = 203.06666666666666
MONITOR: ACTIVE SIZE = 15, AVG IDLE = 175.13333333333333
MONITOR: ACTIVE SIZE = 15, AVG IDLE = 162.06666666666666
MONITOR: ACTIVE SIZE = 15, AVG IDLE = 148.0
MONITOR: ACTIVE SIZE = 15, AVG IDLE = 148.0
MONITOR: ACTIVE SIZE = 15, AVG IDLE = 133.93333333333334
MONITOR: ACTIVE SIZE = 15, AVG IDLE = 119.93333333333334
MONITOR: ACTIVE SIZE = 15, AVG IDLE = 106.0
MONITOR: ACTIVE SIZE = 15, AVG IDLE = 92.0
MONITOR: ACTIVE SIZE = 15, AVG IDLE = 77.0
MONITOR: ACTIVE SIZE = 15, AVG IDLE = 48.06666666666667
MONITOR: ACTIVE SIZE = 15, AVG IDLE = 49.06666666666667
MONITOR: ACTIVE SIZE = 15, AVG IDLE = 378.06666666666666
MONITOR: ACTIVE SIZE = 15, AVG IDLE = 379.06666666666666
MONITOR: ACTIVE SIZE = 15, AVG IDLE = 380.06666666666666
MONITOR: ACTIVE SIZE = 15, AVG IDLE = 355.2
MONITOR: ACTIVE SIZE = 15, AVG IDLE = 304.6666666666667
MONITOR: ACTIVE SIZE = 15, AVG IDLE = 305.6666666666667
MONITOR: ACTIVE SIZE = 15, AVG IDLE = 305.6666666666667
MONITOR: ACTIVE SIZE = 15, AVG IDLE = 280.93333333333334
MONITOR: ACTIVE SIZE = 15, AVG IDLE = 231.4
MONITOR: ACTIVE SIZE = 15, AVG IDLE = 181.6
MONITOR: ACTIVE SIZE = 15, AVG IDLE = 182.6
MONITOR: ACTIVE SIZE = 15, AVG IDLE = 157.66666666666666
MONITOR: ACTIVE SIZE = 15, AVG IDLE = 132.8
MONITOR: ACTIVE SIZE = 15, AVG IDLE = 107.86666666666666
MONITOR: ACTIVE SIZE = 15, AVG IDLE = 57.0
MONITOR: ACTIVE SIZE = 15, AVG IDLE = 368.26666666666665
MONITOR: ACTIVE SIZE = 15, AVG IDLE = 369.26666666666665
MONITOR: ACTIVE SIZE = 15, AVG IDLE = 370.26666666666665
MONITOR: ACTIVE SIZE = 15, AVG IDLE = 346.1333333333333
MONITOR: ACTIVE SIZE = 15, AVG IDLE = 296.6666666666667
MONITOR: ACTIVE SIZE = 15, AVG IDLE = 272.6666666666667
MONITOR: ACTIVE SIZE = 15, AVG IDLE = 249.46666666666667
MONITOR: ACTIVE SIZE = 15, AVG IDLE = 225.2
MONITOR: ACTIVE SIZE = 15, AVG IDLE = 200.93333333333334
MONITOR: ACTIVE SIZE = 15, AVG IDLE = 176.73333333333332
MONITOR: ACTIVE SIZE = 15, AVG IDLE = 153.53333333333333
MONITOR: ACTIVE SIZE = 15, AVG IDLE = 154.53333333333333
MONITOR: ACTIVE SIZE = 15, AVG IDLE = 129.26666666666668
MONITOR: ACTIVE SIZE = 15, AVG IDLE = 105.0
MONITOR: ACTIVE SIZE = 15, AVG IDLE = 81.8
MONITOR: ACTIVE SIZE = 15, AVG IDLE = 214.93333333333334
MONITOR: ACTIVE SIZE = 15, AVG IDLE = 215.93333333333334
MONITOR: ACTIVE SIZE = 15, AVG IDLE = 216.93333333333334
MONITOR: ACTIVE SIZE = 15, AVG IDLE = 202.86666666666667
MONITOR: ACTIVE SIZE = 15, AVG IDLE = 188.93333333333334
MONITOR: ACTIVE SIZE = 15, AVG IDLE = 174.93333333333334
MONITOR: ACTIVE SIZE = 15, AVG IDLE = 159.93333333333334
MONITOR: ACTIVE SIZE = 15, AVG IDLE = 145.93333333333334
MONITOR: ACTIVE SIZE = 15, AVG IDLE = 146.93333333333334
MONITOR: ACTIVE SIZE = 15, AVG IDLE = 118.13333333333334
MONITOR: ACTIVE SIZE = 15, AVG IDLE = 104.33333333333333
MONITOR: ACTIVE SIZE = 15, AVG IDLE = 75.6
MONITOR: ACTIVE SIZE = 15, AVG IDLE = 77.6
MONITOR: ACTIVE SIZE = 15, AVG IDLE = 63.733333333333334
MONITOR: ACTIVE SIZE = 15, AVG IDLE = 48.8
MONITOR: ACTIVE SIZE = 15, AVG IDLE = 294.3333333333333
MONITOR: ACTIVE SIZE = 15, AVG IDLE = 295.3333333333333
MONITOR: ACTIVE SIZE = 15, AVG IDLE = 296.3333333333333
MONITOR: ACTIVE SIZE = 15, AVG IDLE = 276.2
MONITOR: ACTIVE SIZE = 15, AVG IDLE = 257.0
MONITOR: ACTIVE SIZE = 15, AVG IDLE = 237.86666666666667
MONITOR: ACTIVE SIZE = 15, AVG IDLE = 198.6
MONITOR: ACTIVE SIZE = 15, AVG IDLE = 199.6
MONITOR: ACTIVE SIZE = 15, AVG IDLE = 160.26666666666668
MONITOR: ACTIVE SIZE = 15, AVG IDLE = 141.13333333333333
MONITOR: ACTIVE SIZE = 15, AVG IDLE = 142.13333333333333
MONITOR: ACTIVE SIZE = 15, AVG IDLE = 122.93333333333334
MONITOR: ACTIVE SIZE = 15, AVG IDLE = 103.73333333333333
MONITOR: ACTIVE SIZE = 15, AVG IDLE = 83.6
MONITOR: ACTIVE SIZE = 15, AVG IDLE = 64.46666666666667
MONITOR: ACTIVE SIZE = 15, AVG IDLE = 282.06666666666666
MONITOR: ACTIVE SIZE = 15, AVG IDLE = 283.06666666666666
MONITOR: ACTIVE SIZE = 15, AVG IDLE = 284.06666666666666
MONITOR: ACTIVE SIZE = 15, AVG IDLE = 265.6666666666667
MONITOR: ACTIVE SIZE = 15, AVG IDLE = 247.33333333333334
MONITOR: ACTIVE SIZE = 15, AVG IDLE = 228.93333333333334
MONITOR: ACTIVE SIZE = 15, AVG IDLE = 191.06666666666666
MONITOR: ACTIVE SIZE = 15, AVG IDLE = 172.66666666666666
MONITOR: ACTIVE SIZE = 15, AVG IDLE = 155.2
MONITOR: ACTIVE SIZE = 15, AVG IDLE = 136.73333333333332
MONITOR: ACTIVE SIZE = 15, AVG IDLE = 137.73333333333332
MONITOR: ACTIVE SIZE = 15, AVG IDLE = 119.26666666666667
MONITOR: ACTIVE SIZE = 15, AVG IDLE = 99.8
MONITOR: ACTIVE SIZE = 15, AVG IDLE = 81.33333333333333
MONITOR: ACTIVE SIZE = 15, AVG IDLE = 62.93333333333333
MONITOR: ACTIVE SIZE = 15, AVG IDLE = 219.46666666666667
MONITOR: ACTIVE SIZE = 15, AVG IDLE = 220.46666666666667
MONITOR: ACTIVE SIZE = 15, AVG IDLE = 221.46666666666667
MONITOR: ACTIVE SIZE = 15, AVG IDLE = 206.26666666666668
MONITOR: ACTIVE SIZE = 15, AVG IDLE = 192.0
MONITOR: ACTIVE SIZE = 15, AVG IDLE = 177.86666666666667
MONITOR: ACTIVE SIZE = 15, AVG IDLE = 163.66666666666666
MONITOR: ACTIVE SIZE = 15, AVG IDLE = 135.26666666666668
MONITOR: ACTIVE SIZE = 15, AVG IDLE = 121.13333333333334
MONITOR: ACTIVE SIZE = 15, AVG IDLE = 107.93333333333334
MONITOR: ACTIVE SIZE = 15, AVG IDLE = 108.93333333333334
MONITOR: ACTIVE SIZE = 15, AVG IDLE = 94.66666666666667
MONITOR: ACTIVE SIZE = 15, AVG IDLE = 80.4
MONITOR: ACTIVE SIZE = 15, AVG IDLE = 66.13333333333334
MONITOR: ACTIVE SIZE = 15, AVG IDLE = 50.8
MONITOR: ACTIVE SIZE = 15, AVG IDLE = 324.0
MONITOR: ACTIVE SIZE = 15, AVG IDLE = 325.0
MONITOR: ACTIVE SIZE = 15, AVG IDLE = 326.0
MONITOR: ACTIVE SIZE = 15, AVG IDLE = 304.8
MONITOR: ACTIVE SIZE = 15, AVG IDLE = 283.6
MONITOR: ACTIVE SIZE = 15, AVG IDLE = 261.3333333333333
MONITOR: ACTIVE SIZE = 15, AVG IDLE = 240.06666666666666
MONITOR: ACTIVE SIZE = 15, AVG IDLE = 242.06666666666666
MONITOR: ACTIVE SIZE = 15, AVG IDLE = 176.2
MONITOR: ACTIVE SIZE = 15, AVG IDLE = 177.2
MONITOR: ACTIVE SIZE = 15, AVG IDLE = 156.0
MONITOR: ACTIVE SIZE = 15, AVG IDLE = 134.86666666666667
MONITOR: ACTIVE SIZE = 15, AVG IDLE = 112.73333333333333
MONITOR: ACTIVE SIZE = 15, AVG IDLE = 91.6
MONITOR: ACTIVE SIZE = 15, AVG IDLE = 92.6
MONITOR: ACTIVE SIZE = 15, AVG IDLE = 309.0
MONITOR: ACTIVE SIZE = 15, AVG IDLE = 309.0
MONITOR: ACTIVE SIZE = 15, AVG IDLE = 310.0
MONITOR: ACTIVE SIZE = 15, AVG IDLE = 268.6666666666667
MONITOR: ACTIVE SIZE = 15, AVG IDLE = 249.46666666666667
MONITOR: ACTIVE SIZE = 15, AVG IDLE = 229.26666666666668
MONITOR: ACTIVE SIZE = 15, AVG IDLE = 209.13333333333333
MONITOR: ACTIVE SIZE = 15, AVG IDLE = 189.86666666666667
MONITOR: ACTIVE SIZE = 15, AVG IDLE = 169.6
MONITOR: ACTIVE SIZE = 15, AVG IDLE = 149.33333333333334
MONITOR: ACTIVE SIZE = 15, AVG IDLE = 129.06666666666666
MONITOR: ACTIVE SIZE = 15, AVG IDLE = 130.06666666666666
MONITOR: ACTIVE SIZE = 15, AVG IDLE = 88.53333333333333
MONITOR: ACTIVE SIZE = 15, AVG IDLE = 89.53333333333333
MONITOR: ACTIVE SIZE = 15, AVG IDLE = 69.33333333333333
MONITOR: ACTIVE SIZE = 15, AVG IDLE = 135.4
MONITOR: ACTIVE SIZE = 15, AVG IDLE = 136.4
MONITOR: ACTIVE SIZE = 15, AVG IDLE = 127.73333333333333
MONITOR: ACTIVE SIZE = 15, AVG IDLE = 119.0
MONITOR: ACTIVE SIZE = 15, AVG IDLE = 110.33333333333333
MONITOR: ACTIVE SIZE = 15, AVG IDLE = 111.33333333333333
MONITOR: ACTIVE SIZE = 15, AVG IDLE = 101.66666666666667
MONITOR: ACTIVE SIZE = 15, AVG IDLE = 93.06666666666666
MONITOR: ACTIVE SIZE = 15, AVG IDLE = 75.86666666666666
MONITOR: ACTIVE SIZE = 15, AVG IDLE = 67.26666666666667
MONITOR: ACTIVE SIZE = 15, AVG IDLE = 68.26666666666667
MONITOR: ACTIVE SIZE = 15, AVG IDLE = 59.666666666666664
MONITOR: ACTIVE SIZE = 15, AVG IDLE = 51.06666666666667
MONITOR: ACTIVE SIZE = 15, AVG IDLE = 31.933333333333334
MONITOR: ACTIVE SIZE = 15, AVG IDLE = 23.4
MONITOR: ACTIVE SIZE = 15, AVG IDLE = 222.33333333333334
MONITOR: ACTIVE SIZE = 15, AVG IDLE = 223.33333333333334
MONITOR: ACTIVE SIZE = 15, AVG IDLE = 224.33333333333334
MONITOR: ACTIVE SIZE = 15, AVG IDLE = 209.93333333333334
MONITOR: ACTIVE SIZE = 15, AVG IDLE = 195.53333333333333
MONITOR: ACTIVE SIZE = 15, AVG IDLE = 166.8
MONITOR: ACTIVE SIZE = 15, AVG IDLE = 152.33333333333334
MONITOR: ACTIVE SIZE = 15, AVG IDLE = 137.86666666666667
MONITOR: ACTIVE SIZE = 15, AVG IDLE = 138.86666666666667
MONITOR: ACTIVE SIZE = 15, AVG IDLE = 124.4
MONITOR: ACTIVE SIZE = 15, AVG IDLE = 108.93333333333334
MONITOR: ACTIVE SIZE = 15, AVG IDLE = 94.46666666666667
MONITOR: ACTIVE SIZE = 15, AVG IDLE = 80.06666666666666
MONITOR: ACTIVE SIZE = 15, AVG IDLE = 65.66666666666667
MONITOR: ACTIVE SIZE = 15, AVG IDLE = 51.2
MONITOR: ACTIVE SIZE = 15, AVG IDLE = 368.93333333333334
MONITOR: ACTIVE SIZE = 15, AVG IDLE = 369.93333333333334
MONITOR: ACTIVE SIZE = 15, AVG IDLE = 371.93333333333334
MONITOR: ACTIVE SIZE = 15, AVG IDLE = 321.46666666666664
MONITOR: ACTIVE SIZE = 15, AVG IDLE = 298.2
MONITOR: ACTIVE SIZE = 15, AVG IDLE = 273.8666666666667
MONITOR: ACTIVE SIZE = 15, AVG IDLE = 249.6
MONITOR: ACTIVE SIZE = 15, AVG IDLE = 226.4
MONITOR: ACTIVE SIZE = 15, AVG IDLE = 202.2
MONITOR: ACTIVE SIZE = 15, AVG IDLE = 202.2
MONITOR: ACTIVE SIZE = 15, AVG IDLE = 177.93333333333334
MONITOR: ACTIVE SIZE = 15, AVG IDLE = 153.73333333333332
MONITOR: ACTIVE SIZE = 15, AVG IDLE = 128.46666666666667
MONITOR: ACTIVE SIZE = 15, AVG IDLE = 104.2
MONITOR: ACTIVE SIZE = 15, AVG IDLE = 79.93333333333334
MONITOR: ACTIVE SIZE = 15, AVG IDLE = 665.2
MONITOR: ACTIVE SIZE = 15, AVG IDLE = 666.2
MONITOR: ACTIVE SIZE = 15, AVG IDLE = 667.2
MONITOR: ACTIVE SIZE = 15, AVG IDLE = 623.2
MONITOR: ACTIVE SIZE = 15, AVG IDLE = 579.2
MONITOR: ACTIVE SIZE = 15, AVG IDLE = 490.26666666666665
MONITOR: ACTIVE SIZE = 15, AVG IDLE = 449.1333333333333
MONITOR: ACTIVE SIZE = 15, AVG IDLE = 450.1333333333333
MONITOR: ACTIVE SIZE = 15, AVG IDLE = 360.8666666666667
MONITOR: ACTIVE SIZE = 15, AVG IDLE = 361.8666666666667
MONITOR: ACTIVE SIZE = 15, AVG IDLE = 316.8
MONITOR: ACTIVE SIZE = 15, AVG IDLE = 272.6666666666667
MONITOR: ACTIVE SIZE = 15, AVG IDLE = 228.6
MONITOR: ACTIVE SIZE = 15, AVG IDLE = 184.53333333333333
MONITOR: ACTIVE SIZE = 15, AVG IDLE = 140.46666666666667
MONITOR: ACTIVE SIZE = 15, AVG IDLE = 652.1333333333333
MONITOR: ACTIVE SIZE = 15, AVG IDLE = 652.1333333333333
MONITOR: ACTIVE SIZE = 15, AVG IDLE = 653.1333333333333
MONITOR: ACTIVE SIZE = 15, AVG IDLE = 610.0
MONITOR: ACTIVE SIZE = 15, AVG IDLE = 567.8
MONITOR: ACTIVE SIZE = 15, AVG IDLE = 481.46666666666664
MONITOR: ACTIVE SIZE = 15, AVG IDLE = 438.4
MONITOR: ACTIVE SIZE = 15, AVG IDLE = 439.4
MONITOR: ACTIVE SIZE = 15, AVG IDLE = 396.3333333333333
MONITOR: ACTIVE SIZE = 15, AVG IDLE = 353.26666666666665
MONITOR: ACTIVE SIZE = 15, AVG IDLE = 309.2
MONITOR: ACTIVE SIZE = 15, AVG IDLE = 266.1333333333333
MONITOR: ACTIVE SIZE = 15, AVG IDLE = 223.06666666666666
MONITOR: ACTIVE SIZE = 15, AVG IDLE = 179.0
MONITOR: ACTIVE SIZE = 15, AVG IDLE = 136.93333333333334
MONITOR: ACTIVE SIZE = 15, AVG IDLE = 173.66666666666666
MONITOR: ACTIVE SIZE = 15, AVG IDLE = 173.66666666666666
MONITOR: ACTIVE SIZE = 15, AVG IDLE = 174.66666666666666
MONITOR: ACTIVE SIZE = 15, AVG IDLE = 151.33333333333334
MONITOR: ACTIVE SIZE = 15, AVG IDLE = 152.33333333333334
MONITOR: ACTIVE SIZE = 15, AVG IDLE = 141.2
MONITOR: ACTIVE SIZE = 15, AVG IDLE = 130.0
MONITOR: ACTIVE SIZE = 15, AVG IDLE = 130.86666666666667
MONITOR: ACTIVE SIZE = 15, AVG IDLE = 130.8
MONITOR: ACTIVE SIZE = 15, AVG IDLE = 131.46666666666667
MONITOR: ACTIVE SIZE = 15, AVG IDLE = 132.4
MONITOR: ACTIVE SIZE = 15, AVG IDLE = 133.33333333333334
MONITOR: ACTIVE SIZE = 15, AVG IDLE = 134.26666666666668
MONITOR: ACTIVE SIZE = 15, AVG IDLE = 134.93333333333334
MONITOR: ACTIVE SIZE = 15, AVG IDLE = 135.8
MONITOR: ACTIVE SIZE = 15, AVG IDLE = 136.8
MONITOR: ACTIVE SIZE = 15, AVG IDLE = 137.66666666666666
MONITOR: ACTIVE SIZE = 15, AVG IDLE = 138.4
MONITOR: ACTIVE SIZE = 15, AVG IDLE = 139.33333333333334
MONITOR: ACTIVE SIZE = 15, AVG IDLE = 140.33333333333334
MONITOR: ACTIVE SIZE = 15, AVG IDLE = 142.33333333333334
MONITOR: ACTIVE SIZE = 15, AVG IDLE = 143.33333333333334
MONITOR: ACTIVE SIZE = 15, AVG IDLE = 144.26666666666668
MONITOR: ACTIVE SIZE = 15, AVG IDLE = 144.2
MONITOR: ACTIVE SIZE = 15, AVG IDLE = 144.73333333333332
MONITOR: ACTIVE SIZE = 15, AVG IDLE = 145.6
MONITOR: ACTIVE SIZE = 15, AVG IDLE = 146.6
MONITOR: ACTIVE SIZE = 15, AVG IDLE = 147.46666666666667
MONITOR: ACTIVE SIZE = 15, AVG IDLE = 148.33333333333334
MONITOR: ACTIVE SIZE = 15, AVG IDLE = 149.26666666666668
MONITOR: ACTIVE SIZE = 15, AVG IDLE = 150.26666666666668
MONITOR: ACTIVE SIZE = 15, AVG IDLE = 152.13333333333333
MONITOR: ACTIVE SIZE = 15, AVG IDLE = 152.6
MONITOR: ACTIVE SIZE = 15, AVG IDLE = 153.46666666666667
MONITOR: ACTIVE SIZE = 15, AVG IDLE = 154.46666666666667
MONITOR: ACTIVE SIZE = 15, AVG IDLE = 155.26666666666668
MONITOR: ACTIVE SIZE = 15, AVG IDLE = 155.26666666666668
MONITOR: ACTIVE SIZE = 15, AVG IDLE = 156.06666666666666
MONITOR: ACTIVE SIZE = 15, AVG IDLE = 156.86666666666667
MONITOR: ACTIVE SIZE = 15, AVG IDLE = 157.73333333333332
MONITOR: ACTIVE SIZE = 15, AVG IDLE = 158.66666666666666
MONITOR: ACTIVE SIZE = 15, AVG IDLE = 158.66666666666666
MONITOR: ACTIVE SIZE = 15, AVG IDLE = 160.53333333333333
MONITOR: ACTIVE SIZE = 15, AVG IDLE = 161.46666666666667
MONITOR: ACTIVE SIZE = 15, AVG IDLE = 162.46666666666667
MONITOR: ACTIVE SIZE = 15, AVG IDLE = 164.33333333333334
MONITOR: ACTIVE SIZE = 15, AVG IDLE = 164.33333333333334
MONITOR: ACTIVE SIZE = 15, AVG IDLE = 165.2
MONITOR: ACTIVE SIZE = 15, AVG IDLE = 166.2
MONITOR: ACTIVE SIZE = 15, AVG IDLE = 167.13333333333333
MONITOR: ACTIVE SIZE = 15, AVG IDLE = 167.4
MONITOR: ACTIVE SIZE = 15, AVG IDLE = 168.33333333333334
MONITOR: ACTIVE SIZE = 15, AVG IDLE = 168.26666666666668
MONITOR: ACTIVE SIZE = 15, AVG IDLE = 169.2
MONITOR: ACTIVE SIZE = 15, AVG IDLE = 170.2
MONITOR: ACTIVE SIZE = 15, AVG IDLE = 171.13333333333333
MONITOR: ACTIVE SIZE = 15, AVG IDLE = 172.0
MONITOR: ACTIVE SIZE = 15, AVG IDLE = 172.46666666666667
MONITOR: ACTIVE SIZE = 15, AVG IDLE = 174.46666666666667
MONITOR: ACTIVE SIZE = 15, AVG IDLE = 175.26666666666668
MONITOR: ACTIVE SIZE = 15, AVG IDLE = 176.26666666666668
MONITOR: ACTIVE SIZE = 15, AVG IDLE = 176.93333333333334
MONITOR: ACTIVE SIZE = 15, AVG IDLE = 177.66666666666666
MONITOR: ACTIVE SIZE = 15, AVG IDLE = 178.66666666666666
MONITOR: ACTIVE SIZE = 15, AVG IDLE = 179.6
MONITOR: ACTIVE SIZE = 15, AVG IDLE = 179.53333333333333
MONITOR: ACTIVE SIZE = 15, AVG IDLE = 180.46666666666667
MONITOR: ACTIVE SIZE = 15, AVG IDLE = 181.2
MONITOR: ACTIVE SIZE = 15, AVG IDLE = 182.06666666666666
MONITOR: ACTIVE SIZE = 15, AVG IDLE = 183.06666666666666
MONITOR: ACTIVE SIZE = 15, AVG IDLE = 183.73333333333332
MONITOR: ACTIVE SIZE = 15, AVG IDLE = 184.66666666666666
MONITOR: ACTIVE SIZE = 15, AVG IDLE = 185.6
MONITOR: ACTIVE SIZE = 15, AVG IDLE = 186.53333333333333
MONITOR: ACTIVE SIZE = 15, AVG IDLE = 187.53333333333333
MONITOR: ACTIVE SIZE = 15, AVG IDLE = 188.4
MONITOR: ACTIVE SIZE = 15, AVG IDLE = 189.4
MONITOR: ACTIVE SIZE = 15, AVG IDLE = 189.93333333333334
MONITOR: ACTIVE SIZE = 15, AVG IDLE = 190.8
MONITOR: ACTIVE SIZE = 15, AVG IDLE = 191.6
MONITOR: ACTIVE SIZE = 15, AVG IDLE = 191.53333333333333
MONITOR: ACTIVE SIZE = 15, AVG IDLE = 175.6
MONITOR: ACTIVE SIZE = 15, AVG IDLE = 176.6
MONITOR: ACTIVE SIZE = 15, AVG IDLE = 177.33333333333334
MONITOR: ACTIVE SIZE = 15, AVG IDLE = 179.26666666666668
MONITOR: ACTIVE SIZE = 15, AVG IDLE = 180.2
MONITOR: ACTIVE SIZE = 15, AVG IDLE = 183.06666666666666
MONITOR: ACTIVE SIZE = 15, AVG IDLE = 179.2
MONITOR: ACTIVE SIZE = 15, AVG IDLE = 180.2
MONITOR: ACTIVE SIZE = 15, AVG IDLE = 180.93333333333334
MONITOR: ACTIVE SIZE = 15, AVG IDLE = 181.06666666666666
MONITOR: ACTIVE SIZE = 15, AVG IDLE = 181.93333333333334
MONITOR: ACTIVE SIZE = 15, AVG IDLE = 181.93333333333334
MONITOR: ACTIVE SIZE = 15, AVG IDLE = 182.53333333333333
MONITOR: ACTIVE SIZE = 15, AVG IDLE = 183.46666666666667
MONITOR: ACTIVE SIZE = 15, AVG IDLE = 184.46666666666667
MONITOR: ACTIVE SIZE = 15, AVG IDLE = 185.06666666666666
MONITOR: ACTIVE SIZE = 15, AVG IDLE = 185.0
MONITOR: ACTIVE SIZE = 15, AVG IDLE = 186.86666666666667
MONITOR: ACTIVE SIZE = 15, AVG IDLE = 188.8
MONITOR: ACTIVE SIZE = 15, AVG IDLE = 189.73333333333332
MONITOR: ACTIVE SIZE = 15, AVG IDLE = 190.6
MONITOR: ACTIVE SIZE = 15, AVG IDLE = 190.6
MONITOR: ACTIVE SIZE = 15, AVG IDLE = 191.53333333333333
MONITOR: ACTIVE SIZE = 15, AVG IDLE = 192.46666666666667
MONITOR: ACTIVE SIZE = 15, AVG IDLE = 193.46666666666667
MONITOR: ACTIVE SIZE = 15, AVG IDLE = 194.4
MONITOR: ACTIVE SIZE = 15, AVG IDLE = 194.73333333333332
MONITOR: ACTIVE SIZE = 15, AVG IDLE = 194.66666666666666
MONITOR: ACTIVE SIZE = 15, AVG IDLE = 195.4
MONITOR: ACTIVE SIZE = 15, AVG IDLE = 196.33333333333334
MONITOR: ACTIVE SIZE = 15, AVG IDLE = 197.33333333333334
MONITOR: ACTIVE SIZE = 15, AVG IDLE = 198.13333333333333
MONITOR: ACTIVE SIZE = 15, AVG IDLE = 199.06666666666666
MONITOR: ACTIVE SIZE = 15, AVG IDLE = 201.0
MONITOR: ACTIVE SIZE = 15, AVG IDLE = 201.93333333333334
MONITOR: ACTIVE SIZE = 15, AVG IDLE = 202.8
MONITOR: ACTIVE SIZE = 15, AVG IDLE = 203.8
MONITOR: ACTIVE SIZE = 15, AVG IDLE = 204.73333333333332
MONITOR: ACTIVE SIZE = 15, AVG IDLE = 204.66666666666666
MONITOR: ACTIVE SIZE = 15, AVG IDLE = 205.6
MONITOR: ACTIVE SIZE = 15, AVG IDLE = 206.53333333333333
MONITOR: ACTIVE SIZE = 15, AVG IDLE = 207.53333333333333
MONITOR: ACTIVE SIZE = 15, AVG IDLE = 208.46666666666667
MONITOR: ACTIVE SIZE = 15, AVG IDLE = 209.4
MONITOR: ACTIVE SIZE = 15, AVG IDLE = 209.33333333333334
MONITOR: ACTIVE SIZE = 15, AVG IDLE = 210.26666666666668
MONITOR: ACTIVE SIZE = 15, AVG IDLE = 211.2
MONITOR: ACTIVE SIZE = 15, AVG IDLE = 213.13333333333333
MONITOR: ACTIVE SIZE = 15, AVG IDLE = 214.06666666666666
MONITOR: ACTIVE SIZE = 15, AVG IDLE = 215.0
MONITOR: ACTIVE SIZE = 15, AVG IDLE = 215.86666666666667
MONITOR: ACTIVE SIZE = 15, AVG IDLE = 216.86666666666667
MONITOR: ACTIVE SIZE = 15, AVG IDLE = 217.73333333333332
MONITOR: ACTIVE SIZE = 15, AVG IDLE = 218.73333333333332
MONITOR: ACTIVE SIZE = 15, AVG IDLE = 217.13333333333333
MONITOR: ACTIVE SIZE = 15, AVG IDLE = 218.06666666666666
MONITOR: ACTIVE SIZE = 15, AVG IDLE = 218.8
MONITOR: ACTIVE SIZE = 15, AVG IDLE = 219.8
MONITOR: ACTIVE SIZE = 15, AVG IDLE = 220.6
MONITOR: ACTIVE SIZE = 15, AVG IDLE = 220.6
MONITOR: ACTIVE SIZE = 15, AVG IDLE = 221.6
MONITOR: ACTIVE SIZE = 15, AVG IDLE = 222.26666666666668
MONITOR: ACTIVE SIZE = 15, AVG IDLE = 224.2
MONITOR: ACTIVE SIZE = 15, AVG IDLE = 225.13333333333333
MONITOR: ACTIVE SIZE = 15, AVG IDLE = 225.86666666666667
MONITOR: ACTIVE SIZE = 15, AVG IDLE = 226.86666666666667
MONITOR: ACTIVE SIZE = 15, AVG IDLE = 226.86666666666667
MONITOR: ACTIVE SIZE = 15, AVG IDLE = 227.73333333333332
MONITOR: ACTIVE SIZE = 15, AVG IDLE = 228.66666666666666
MONITOR: ACTIVE SIZE = 15, AVG IDLE = 229.66666666666666
MONITOR: ACTIVE SIZE = 15, AVG IDLE = 230.53333333333333
MONITOR: ACTIVE SIZE = 15, AVG IDLE = 231.53333333333333
MONITOR: ACTIVE SIZE = 15, AVG IDLE = 230.93333333333334
MONITOR: ACTIVE SIZE = 15, AVG IDLE = 231.86666666666667
MONITOR: ACTIVE SIZE = 15, AVG IDLE = 232.8
MONITOR: ACTIVE SIZE = 15, AVG IDLE = 233.73333333333332
MONITOR: ACTIVE SIZE = 15, AVG IDLE = 234.66666666666666
MONITOR: ACTIVE SIZE = 15, AVG IDLE = 235.6
MONITOR: ACTIVE SIZE = 15, AVG IDLE = 237.53333333333333
MONITOR: ACTIVE SIZE = 15, AVG IDLE = 238.46666666666667
MONITOR: ACTIVE SIZE = 15, AVG IDLE = 238.46666666666667
MONITOR: ACTIVE SIZE = 15, AVG IDLE = 239.33333333333334
MONITOR: ACTIVE SIZE = 15, AVG IDLE = 239.66666666666666
MONITOR: ACTIVE SIZE = 15, AVG IDLE = 240.53333333333333
MONITOR: ACTIVE SIZE = 15, AVG IDLE = 241.53333333333333
MONITOR: ACTIVE SIZE = 15, AVG IDLE = 241.4
MONITOR: ACTIVE SIZE = 15, AVG IDLE = 242.26666666666668
MONITOR: ACTIVE SIZE = 15, AVG IDLE = 243.13333333333333
MONITOR: ACTIVE SIZE = 15, AVG IDLE = 244.06666666666666
MONITOR: ACTIVE SIZE = 15, AVG IDLE = 245.0
MONITOR: ACTIVE SIZE = 15, AVG IDLE = 245.93333333333334
MONITOR: ACTIVE SIZE = 15, AVG IDLE = 246.93333333333334
MONITOR: ACTIVE SIZE = 15, AVG IDLE = 247.8
MONITOR: ACTIVE SIZE = 15, AVG IDLE = 247.8
MONITOR: ACTIVE SIZE = 15, AVG IDLE = 248.73333333333332
MONITOR: ACTIVE SIZE = 15, AVG IDLE = 249.2
MONITOR: ACTIVE SIZE = 15, AVG IDLE = 250.2
MONITOR: ACTIVE SIZE = 15, AVG IDLE = 250.93333333333334
MONITOR: ACTIVE SIZE = 15, AVG IDLE = 251.86666666666667
MONITOR: ACTIVE SIZE = 15, AVG IDLE = 252.86666666666667
MONITOR: ACTIVE SIZE = 15, AVG IDLE = 253.73333333333332
MONITOR: ACTIVE SIZE = 15, AVG IDLE = 254.4
MONITOR: ACTIVE SIZE = 15, AVG IDLE = 254.33333333333334
MONITOR: ACTIVE SIZE = 15, AVG IDLE = 255.26666666666668
MONITOR: ACTIVE SIZE = 15, AVG IDLE = 256.2
MONITOR: ACTIVE SIZE = 15, AVG IDLE = 257.1333333333333
MONITOR: ACTIVE SIZE = 15, AVG IDLE = 258.1333333333333
MONITOR: ACTIVE SIZE = 15, AVG IDLE = 259.0
MONITOR: ACTIVE SIZE = 15, AVG IDLE = 259.6
MONITOR: ACTIVE SIZE = 15, AVG IDLE = 260.46666666666664
MONITOR: ACTIVE SIZE = 15, AVG IDLE = 261.3333333333333
MONITOR: ACTIVE SIZE = 15, AVG IDLE = 261.3333333333333
MONITOR: ACTIVE SIZE = 15, AVG IDLE = 262.26666666666665
MONITOR: ACTIVE SIZE = 15, AVG IDLE = 263.06666666666666
MONITOR: ACTIVE SIZE = 15, AVG IDLE = 264.0
MONITOR: ACTIVE SIZE = 15, AVG IDLE = 264.93333333333334
MONITOR: ACTIVE SIZE = 15, AVG IDLE = 265.93333333333334
MONITOR: ACTIVE SIZE = 15, AVG IDLE = 265.8666666666667
MONITOR: ACTIVE SIZE = 15, AVG IDLE = 266.8
MONITOR: ACTIVE SIZE = 15, AVG IDLE = 267.8
MONITOR: ACTIVE SIZE = 15, AVG IDLE = 268.6666666666667
MONITOR: ACTIVE SIZE = 15, AVG IDLE = 269.6666666666667
MONITOR: ACTIVE SIZE = 15, AVG IDLE = 270.53333333333336
MONITOR: ACTIVE SIZE = 15, AVG IDLE = 271.46666666666664
MONITOR: ACTIVE SIZE = 15, AVG IDLE = 272.4
MONITOR: ACTIVE SIZE = 15, AVG IDLE = 271.6666666666667
MONITOR: ACTIVE SIZE = 15, AVG IDLE = 272.6
MONITOR: ACTIVE SIZE = 15, AVG IDLE = 273.53333333333336
MONITOR: ACTIVE SIZE = 15, AVG IDLE = 274.46666666666664
MONITOR: ACTIVE SIZE = 15, AVG IDLE = 275.4
MONITOR: ACTIVE SIZE = 15, AVG IDLE = 276.3333333333333
MONITOR: ACTIVE SIZE = 15, AVG IDLE = 277.26666666666665
MONITOR: ACTIVE SIZE = 15, AVG IDLE = 276.8666666666667
MONITOR: ACTIVE SIZE = 15, AVG IDLE = 277.8
MONITOR: ACTIVE SIZE = 15, AVG IDLE = 278.8
MONITOR: ACTIVE SIZE = 15, AVG IDLE = 279.73333333333335
MONITOR: ACTIVE SIZE = 15, AVG IDLE = 280.53333333333336
MONITOR: ACTIVE SIZE = 15, AVG IDLE = 281.4
MONITOR: ACTIVE SIZE = 15, AVG IDLE = 282.4
MONITOR: ACTIVE SIZE = 15, AVG IDLE = 283.1333333333333
MONITOR: ACTIVE SIZE = 15, AVG IDLE = 284.0
MONITOR: ACTIVE SIZE = 15, AVG IDLE = 285.0
MONITOR: ACTIVE SIZE = 15, AVG IDLE = 285.8666666666667
MONITOR: ACTIVE SIZE = 15, AVG IDLE = 285.8666666666667
MONITOR: ACTIVE SIZE = 15, AVG IDLE = 286.8666666666667
MONITOR: ACTIVE SIZE = 15, AVG IDLE = 287.3333333333333
MONITOR: ACTIVE SIZE = 15, AVG IDLE = 288.26666666666665
MONITOR: ACTIVE SIZE = 15, AVG IDLE = 289.06666666666666
MONITOR: ACTIVE SIZE = 15, AVG IDLE = 289.06666666666666
MONITOR: ACTIVE SIZE = 15, AVG IDLE = 289.93333333333334
MONITOR: ACTIVE SIZE = 15, AVG IDLE = 290.8
MONITOR: ACTIVE SIZE = 15, AVG IDLE = 291.73333333333335
MONITOR: ACTIVE SIZE = 15, AVG IDLE = 292.53333333333336
MONITOR: ACTIVE SIZE = 15, AVG IDLE = 293.46666666666664
MONITOR: ACTIVE SIZE = 15, AVG IDLE = 297.4
MONITOR: ACTIVE SIZE = 15, AVG IDLE = 298.4
MONITOR: ACTIVE SIZE = 15, AVG IDLE = 284.53333333333336
MONITOR: ACTIVE SIZE = 15, AVG IDLE = 285.1333333333333
MONITOR: ACTIVE SIZE = 15, AVG IDLE = 285.6
MONITOR: ACTIVE SIZE = 15, AVG IDLE = 286.4
MONITOR: ACTIVE SIZE = 15, AVG IDLE = 287.4
MONITOR: ACTIVE SIZE = 15, AVG IDLE = 287.2
MONITOR: ACTIVE SIZE = 15, AVG IDLE = 288.1333333333333
MONITOR: ACTIVE SIZE = 15, AVG IDLE = 289.1333333333333
MONITOR: ACTIVE SIZE = 15, AVG IDLE = 289.93333333333334
MONITOR: ACTIVE SIZE = 15, AVG IDLE = 289.8
MONITOR: ACTIVE SIZE = 15, AVG IDLE = 290.73333333333335
MONITOR: ACTIVE SIZE = 15, AVG IDLE = 291.6
MONITOR: ACTIVE SIZE = 15, AVG IDLE = 292.46666666666664
MONITOR: ACTIVE SIZE = 15, AVG IDLE = 293.3333333333333
MONITOR: ACTIVE SIZE = 15, AVG IDLE = 294.26666666666665
MONITOR: ACTIVE SIZE = 15, AVG IDLE = 295.0
MONITOR: ACTIVE SIZE = 15, AVG IDLE = 295.0
MONITOR: ACTIVE SIZE = 15, AVG IDLE = 295.93333333333334
MONITOR: ACTIVE SIZE = 15, AVG IDLE = 296.8666666666667
MONITOR: ACTIVE SIZE = 15, AVG IDLE = 297.8
MONITOR: ACTIVE SIZE = 15, AVG IDLE = 298.8
MONITOR: ACTIVE SIZE = 15, AVG IDLE = 298.73333333333335
MONITOR: ACTIVE SIZE = 15, AVG IDLE = 299.73333333333335
MONITOR: ACTIVE SIZE = 15, AVG IDLE = 300.6666666666667
MONITOR: ACTIVE SIZE = 15, AVG IDLE = 301.6
MONITOR: ACTIVE SIZE = 15, AVG IDLE = 301.53333333333336
MONITOR: ACTIVE SIZE = 15, AVG IDLE = 302.53333333333336
MONITOR: ACTIVE SIZE = 15, AVG IDLE = 303.73333333333335
MONITOR: ACTIVE SIZE = 15, AVG IDLE = 294.2
MONITOR: ACTIVE SIZE = 15, AVG IDLE = 294.06666666666666
MONITOR: ACTIVE SIZE = 15, AVG IDLE = 294.8666666666667
MONITOR: ACTIVE SIZE = 15, AVG IDLE = 295.73333333333335
MONITOR: ACTIVE SIZE = 15, AVG IDLE = 296.6
MONITOR: ACTIVE SIZE = 15, AVG IDLE = 297.53333333333336
MONITOR: ACTIVE SIZE = 15, AVG IDLE = 298.4
MONITOR: ACTIVE SIZE = 15, AVG IDLE = 298.4
MONITOR: ACTIVE SIZE = 15, AVG IDLE = 299.26666666666665
MONITOR: ACTIVE SIZE = 15, AVG IDLE = 300.06666666666666
MONITOR: ACTIVE SIZE = 15, AVG IDLE = 300.93333333333334
MONITOR: ACTIVE SIZE = 15, AVG IDLE = 301.93333333333334
MONITOR: ACTIVE SIZE = 15, AVG IDLE = 302.8666666666667
MONITOR: ACTIVE SIZE = 15, AVG IDLE = 303.6666666666667
MONITOR: ACTIVE SIZE = 15, AVG IDLE = 304.6
MONITOR: ACTIVE SIZE = 15, AVG IDLE = 305.4
MONITOR: ACTIVE SIZE = 15, AVG IDLE = 306.26666666666665
MONITOR: ACTIVE SIZE = 15, AVG IDLE = 307.26666666666665
MONITOR: ACTIVE SIZE = 15, AVG IDLE = 308.1333333333333
MONITOR: ACTIVE SIZE = 15, AVG IDLE = 307.8
MONITOR: ACTIVE SIZE = 15, AVG IDLE = 308.8
MONITOR: ACTIVE SIZE = 15, AVG IDLE = 309.73333333333335
MONITOR: ACTIVE SIZE = 15, AVG IDLE = 310.6
MONITOR: ACTIVE SIZE = 15, AVG IDLE = 311.53333333333336
MONITOR: ACTIVE SIZE = 15, AVG IDLE = 311.53333333333336
MONITOR: ACTIVE SIZE = 15, AVG IDLE = 312.46666666666664
MONITOR: ACTIVE SIZE = 15, AVG IDLE = 313.46666666666664
MONITOR: ACTIVE SIZE = 15, AVG IDLE = 314.4
MONITOR: ACTIVE SIZE = 15, AVG IDLE = 314.8
MONITOR: ACTIVE SIZE = 15, AVG IDLE = 315.8
MONITOR: ACTIVE SIZE = 15, AVG IDLE = 316.8
MONITOR: ACTIVE SIZE = 15, AVG IDLE = 317.4
MONITOR: ACTIVE SIZE = 15, AVG IDLE = 318.4
MONITOR: ACTIVE SIZE = 15, AVG IDLE = 318.2
MONITOR: ACTIVE SIZE = 15, AVG IDLE = 319.1333333333333
MONITOR: ACTIVE SIZE = 15, AVG IDLE = 320.0
MONITOR: ACTIVE SIZE = 15, AVG IDLE = 320.93333333333334
MONITOR: ACTIVE SIZE = 15, AVG IDLE = 321.8666666666667
MONITOR: ACTIVE SIZE = 15, AVG IDLE = 322.8666666666667
MONITOR: ACTIVE SIZE = 15, AVG IDLE = 322.8666666666667
MONITOR: ACTIVE SIZE = 15, AVG IDLE = 323.8666666666667
MONITOR: ACTIVE SIZE = 15, AVG IDLE = 324.8666666666667
MONITOR: ACTIVE SIZE = 15, AVG IDLE = 325.8666666666667
MONITOR: ACTIVE SIZE = 15, AVG IDLE = 326.8666666666667
MONITOR: ACTIVE SIZE = 15, AVG IDLE = 327.8666666666667
MONITOR: ACTIVE SIZE = 15, AVG IDLE = 328.8666666666667
MONITOR: ACTIVE SIZE = 15, AVG IDLE = 329.8666666666667
MONITOR: ACTIVE SIZE = 15, AVG IDLE = 330.8666666666667
MONITOR: ACTIVE SIZE = 15, AVG IDLE = 331.8666666666667
MONITOR: ACTIVE SIZE = 15, AVG IDLE = 332.8666666666667
MONITOR: ACTIVE SIZE = 15, AVG IDLE = 333.8666666666667
MONITOR: ACTIVE SIZE = 14, AVG IDLE = 2653.866666666667
NEW ELAPSED TIME: 32.87350
NEW ELAPSED TOTAL CPU TIME: 385.55116
---------------------------------
All experiments completed!
